

================================================================
== Vitis HLS Report for 'word_width'
================================================================
* Date:           Wed Jun  5 16:27:51 2024

* Version:        2021.2 (Build 3367213 on Tue Oct 19 02:48:09 MDT 2021)
* Project:        m3
* Solution:       solution1 (Vitis Kernel Flow Target)
* Product family: virtexuplus
* Target device:  xcvu11p-flga2577-1-e


================================================================
== Performance Estimates
================================================================
+ Timing: 
    * Summary: 
    +--------+----------+----------+------------+
    |  Clock |  Target  | Estimated| Uncertainty|
    +--------+----------+----------+------------+
    |ap_clk  |  10.00 ns|  3.864 ns|     2.70 ns|
    +--------+----------+----------+------------+

+ Latency: 
    * Summary: 
    +---------+---------+----------+-----------+--------+---------+---------+
    |  Latency (cycles) |  Latency (absolute)  |     Interval     | Pipeline|
    |   min   |   max   |    min   |    max    |   min  |   max   |   Type  |
    +---------+---------+----------+-----------+--------+---------+---------+
    |   409603|  1228803|  4.096 ms|  12.288 ms|  409604|  1228804|       no|
    +---------+---------+----------+-----------+--------+---------+---------+

    + Detail: 
        * Instance: 
        +-------------------------------------+---------------------------+---------+---------+-----------+-----------+---------+---------+---------+
        |                                     |                           |  Latency (cycles) |   Latency (absolute)  |      Interval     | Pipeline|
        |               Instance              |           Module          |   min   |   max   |    min    |    max    |   min   |   max   |   Type  |
        +-------------------------------------+---------------------------+---------+---------+-----------+-----------+---------+---------+---------+
        |grp_word_width_Pipeline_WRITE_fu_56  |word_width_Pipeline_WRITE  |   409602|   409602|   4.096 ms|   4.096 ms|   409602|   409602|       no|
        |grp_word_width_Pipeline_LOAD_fu_64   |word_width_Pipeline_LOAD   |  1228802|  1228802|  12.288 ms|  12.288 ms|  1228802|  1228802|       no|
        +-------------------------------------+---------------------------+---------+---------+-----------+-----------+---------+---------+---------+

        * Loop: 
        N/A



================================================================
== Utilization Estimates
================================================================
* Summary: 
+---------------------+---------+------+---------+---------+-----+
|         Name        | BRAM_18K|  DSP |    FF   |   LUT   | URAM|
+---------------------+---------+------+---------+---------+-----+
|DSP                  |        -|     -|        -|        -|    -|
|Expression           |        -|     -|        0|        4|    -|
|FIFO                 |        -|     -|        -|        -|    -|
|Instance             |        0|     -|      178|      714|    0|
|Memory               |      550|     -|        0|        0|    -|
|Multiplexer          |        -|     -|        -|       60|    -|
|Register             |        -|     -|        8|        -|    -|
+---------------------+---------+------+---------+---------+-----+
|Total                |      550|     0|      186|      778|    0|
+---------------------+---------+------+---------+---------+-----+
|Available SLR        |     1344|  3072|   864000|   432000|  320|
+---------------------+---------+------+---------+---------+-----+
|Utilization SLR (%)  |       40|     0|       ~0|       ~0|    0|
+---------------------+---------+------+---------+---------+-----+
|Available            |     4032|  9216|  2592000|  1296000|  960|
+---------------------+---------+------+---------+---------+-----+
|Utilization (%)      |       13|     0|       ~0|       ~0|    0|
+---------------------+---------+------+---------+---------+-----+

+ Detail: 
    * Instance: 
    +-------------------------------------+---------------------------+---------+----+----+-----+-----+
    |               Instance              |           Module          | BRAM_18K| DSP| FF | LUT | URAM|
    +-------------------------------------+---------------------------+---------+----+----+-----+-----+
    |control_s_axi_U                      |control_s_axi              |        0|   0|  50|   44|    0|
    |grp_word_width_Pipeline_LOAD_fu_64   |word_width_Pipeline_LOAD   |        0|   0|  87|  554|    0|
    |grp_word_width_Pipeline_WRITE_fu_56  |word_width_Pipeline_WRITE  |        0|   0|  41|  116|    0|
    +-------------------------------------+---------------------------+---------+----+----+-----+-----+
    |Total                                |                           |        0|   0| 178|  714|    0|
    +-------------------------------------+---------------------------+---------+----+----+-----+-----+

    * DSP: 
    N/A

    * Memory: 
    +---------------------------------------+-------------------------------------------------------+---------+---+----+-----+--------+-----+------+-------------+
    |                 Memory                |                         Module                        | BRAM_18K| FF| LUT| URAM|  Words | Bits| Banks| W*Bits*Banks|
    +---------------------------------------+-------------------------------------------------------+---------+---+----+-----+--------+-----+------+-------------+
    |word_width_ap_int_8_ap_int_8_bool_x_U  |word_width_ap_int_8_ap_int_8_bool_x_RAM_T2P_BRAM_1R1W  |      550|  0|   0|    0|  409600|   24|     1|      9830400|
    +---------------------------------------+-------------------------------------------------------+---------+---+----+-----+--------+-----+------+-------------+
    |Total                                  |                                                       |      550|  0|   0|    0|  409600|   24|     1|      9830400|
    +---------------------------------------+-------------------------------------------------------+---------+---+----+-----+--------+-----+------+-------------+

    * FIFO: 
    N/A

    * Expression: 
    +---------------------------------+----------+----+---+----+------------+------------+
    |          Variable Name          | Operation| DSP| FF| LUT| Bitwidth P0| Bitwidth P1|
    +---------------------------------+----------+----+---+----+------------+------------+
    |ap_block_state1                  |        or|   0|  0|   2|           1|           1|
    |ap_block_state2_on_subcall_done  |        or|   0|  0|   2|           1|           1|
    +---------------------------------+----------+----+---+----+------------+------------+
    |Total                            |          |   0|  0|   4|           2|           2|
    +---------------------------------+----------+----+---+----+------------+------------+

    * Multiplexer: 
    +----------------------------------------------+----+-----------+-----+-----------+
    |                     Name                     | LUT| Input Size| Bits| Total Bits|
    +----------------------------------------------+----+-----------+-----+-----------+
    |ap_NS_fsm                                     |  14|          3|    1|          3|
    |ap_done                                       |   9|          2|    1|          2|
    |word_width_ap_int_8_ap_int_8_bool_x_address0  |  14|          3|   19|         57|
    |word_width_ap_int_8_ap_int_8_bool_x_ce0       |  14|          3|    1|          3|
    |word_width_ap_int_8_ap_int_8_bool_x_we0       |   9|          2|    3|          6|
    +----------------------------------------------+----+-----------+-----+-----------+
    |Total                                         |  60|         13|   25|         71|
    +----------------------------------------------+----+-----------+-----+-----------+

    * Register: 
    +--------------------------------------------------+---+----+-----+-----------+
    |                       Name                       | FF| LUT| Bits| Const Bits|
    +--------------------------------------------------+---+----+-----+-----------+
    |ap_CS_fsm                                         |  2|   0|    2|          0|
    |ap_done_reg                                       |  1|   0|    1|          0|
    |ap_rst_n_inv                                      |  1|   0|    1|          0|
    |ap_rst_reg_1                                      |  1|   0|    1|          0|
    |ap_rst_reg_2                                      |  1|   0|    1|          0|
    |grp_word_width_Pipeline_LOAD_fu_64_ap_start_reg   |  1|   0|    1|          0|
    |grp_word_width_Pipeline_WRITE_fu_56_ap_start_reg  |  1|   0|    1|          0|
    +--------------------------------------------------+---+----+-----+-----------+
    |Total                                             |  8|   0|    8|          0|
    +--------------------------------------------------+---+----+-----+-----------+



================================================================
== Interface
================================================================
* Summary: 
+-----------------------+-----+-----+---------------+--------------+--------------+
|       RTL Ports       | Dir | Bits|    Protocol   | Source Object|    C Type    |
+-----------------------+-----+-----+---------------+--------------+--------------+
|s_axi_control_AWVALID  |   in|    1|          s_axi|       control|        scalar|
|s_axi_control_AWREADY  |  out|    1|          s_axi|       control|        scalar|
|s_axi_control_AWADDR   |   in|    5|          s_axi|       control|        scalar|
|s_axi_control_WVALID   |   in|    1|          s_axi|       control|        scalar|
|s_axi_control_WREADY   |  out|    1|          s_axi|       control|        scalar|
|s_axi_control_WDATA    |   in|   32|          s_axi|       control|        scalar|
|s_axi_control_WSTRB    |   in|    4|          s_axi|       control|        scalar|
|s_axi_control_ARVALID  |   in|    1|          s_axi|       control|        scalar|
|s_axi_control_ARREADY  |  out|    1|          s_axi|       control|        scalar|
|s_axi_control_ARADDR   |   in|    5|          s_axi|       control|        scalar|
|s_axi_control_RVALID   |  out|    1|          s_axi|       control|        scalar|
|s_axi_control_RREADY   |   in|    1|          s_axi|       control|        scalar|
|s_axi_control_RDATA    |  out|   32|          s_axi|       control|        scalar|
|s_axi_control_RRESP    |  out|    2|          s_axi|       control|        scalar|
|s_axi_control_BVALID   |  out|    1|          s_axi|       control|        scalar|
|s_axi_control_BREADY   |   in|    1|          s_axi|       control|        scalar|
|s_axi_control_BRESP    |  out|    2|          s_axi|       control|        scalar|
|ap_local_block         |  out|    1|  ap_ctrl_chain|    word_width|  return value|
|ap_clk                 |   in|    1|  ap_ctrl_chain|    word_width|  return value|
|ap_rst_n               |   in|    1|  ap_ctrl_chain|    word_width|  return value|
|interrupt              |  out|    1|  ap_ctrl_chain|    word_width|  return value|
|x_in_Addr_A            |  out|   32|           bram|          x_in|         array|
|x_in_EN_A              |  out|    1|           bram|          x_in|         array|
|x_in_WEN_A             |  out|    1|           bram|          x_in|         array|
|x_in_Din_A             |  out|    8|           bram|          x_in|         array|
|x_in_Dout_A            |   in|    8|           bram|          x_in|         array|
|x_in_Clk_A             |  out|    1|           bram|          x_in|         array|
|x_in_Rst_A             |  out|    1|           bram|          x_in|         array|
|y_Addr_A               |  out|   32|           bram|             y|         array|
|y_EN_A                 |  out|    1|           bram|             y|         array|
|y_WEN_A                |  out|    1|           bram|             y|         array|
|y_Din_A                |  out|    8|           bram|             y|         array|
|y_Dout_A               |   in|    8|           bram|             y|         array|
|y_Clk_A                |  out|    1|           bram|             y|         array|
|y_Rst_A                |  out|    1|           bram|             y|         array|
+-----------------------+-----+-----+---------------+--------------+--------------+

============================================================
+ Verbose Summary: Synthesis Manager
============================================================
InlineROM: 1
ExposeGlobal: 0
============================================================
+ Verbose Summary: CDFG Model
============================================================
IsTopModel: 1
ResetActiveHigh: 1
IsCombinational: 2
IsDatapathOnly: 2
HasWiredReturn: 1
HasMFsm: 0
HasVarLatency: 1
IsPipeline: 0
IsRtlPipelined: 0
IsInstanceOverlapped: 0
IsDontTouch: 0
HasImplIP: 0
IsGatedGlobalClock: 0


============================================================
+ Verbose Summary: Schedule
============================================================
* Number of FSM states : 2
* Pipeline : 0
* Dataflow Pipeline: 0

* FSM state transitions: 
1 --> 2 
2 --> 

* FSM state operations: 

State 1 <SV = 0> <Delay = 1.00>
ST_1 : Operation 3 [1/1] (0.00ns)   --->   "%specbramwithbyteenable_ln0 = specbramwithbyteenable void @_ssdm_op_SpecBRAMWithByteEnable, i24 %word_width_ap_int_8_ap_int_8_bool_x"   --->   Operation 3 'specbramwithbyteenable' 'specbramwithbyteenable_ln0' <Predicate = true> <Delay = 0.00>
ST_1 : Operation 4 [1/1] (0.00ns)   --->   "%spectopmodule_ln0 = spectopmodule void @_ssdm_op_SpecTopModule, void @empty_5"   --->   Operation 4 'spectopmodule' 'spectopmodule_ln0' <Predicate = true> <Delay = 0.00>
ST_1 : Operation 5 [1/1] (0.00ns)   --->   "%specinterface_ln0 = specinterface void @_ssdm_op_SpecInterface, i32 0, void @empty_6, i32 0, i32 0, void @empty_0, i32 0, i32 0, void @empty_0, void @empty_0, void @empty_0, i32 0, i32 0, i32 0, i32 0, void @empty_0, void @empty_0"   --->   Operation 5 'specinterface' 'specinterface_ln0' <Predicate = true> <Delay = 0.00>
ST_1 : Operation 6 [1/1] (0.00ns)   --->   "%specinterface_ln0 = specinterface void @_ssdm_op_SpecInterface, i8 %x_in, void @empty, i32 0, i32 0, void @empty_0, i32 4294967295, i32 0, void @empty_0, void @empty_0, void @empty_0, i32 0, i32 0, i32 0, i32 0, void @empty_0, void @empty_0"   --->   Operation 6 'specinterface' 'specinterface_ln0' <Predicate = true> <Delay = 0.00>
ST_1 : Operation 7 [1/1] (0.00ns)   --->   "%specbitsmap_ln0 = specbitsmap void @_ssdm_op_SpecBitsMap, i8 %x_in"   --->   Operation 7 'specbitsmap' 'specbitsmap_ln0' <Predicate = true> <Delay = 0.00>
ST_1 : Operation 8 [1/1] (0.00ns)   --->   "%specinterface_ln0 = specinterface void @_ssdm_op_SpecInterface, i8 %y, void @empty, i32 0, i32 0, void @empty_0, i32 4294967295, i32 0, void @empty_0, void @empty_0, void @empty_0, i32 0, i32 0, i32 0, i32 0, void @empty_0, void @empty_0"   --->   Operation 8 'specinterface' 'specinterface_ln0' <Predicate = true> <Delay = 0.00>
ST_1 : Operation 9 [1/1] (0.00ns)   --->   "%specbitsmap_ln0 = specbitsmap void @_ssdm_op_SpecBitsMap, i8 %y"   --->   Operation 9 'specbitsmap' 'specbitsmap_ln0' <Predicate = true> <Delay = 0.00>
ST_1 : Operation 10 [1/1] (0.00ns)   --->   "%specbitsmap_ln0 = specbitsmap void @_ssdm_op_SpecBitsMap, i1 %load"   --->   Operation 10 'specbitsmap' 'specbitsmap_ln0' <Predicate = true> <Delay = 0.00>
ST_1 : Operation 11 [1/1] (0.00ns)   --->   "%specinterface_ln0 = specinterface void @_ssdm_op_SpecInterface, i1 %load, void @empty_1, i32 0, i32 0, void @empty_0, i32 0, i32 0, void @empty_2, void @empty_3, void @empty_0, i32 0, i32 0, i32 0, i32 0, void @empty_0, void @empty_0"   --->   Operation 11 'specinterface' 'specinterface_ln0' <Predicate = true> <Delay = 0.00>
ST_1 : Operation 12 [1/1] (0.00ns)   --->   "%specinterface_ln0 = specinterface void @_ssdm_op_SpecInterface, i1 %load, void @empty_4, i32 0, i32 0, void @empty_0, i32 0, i32 0, void @empty_0, void @empty_0, void @empty_0, i32 0, i32 0, i32 0, i32 0, void @empty_0, void @empty_0"   --->   Operation 12 'specinterface' 'specinterface_ln0' <Predicate = true> <Delay = 0.00>
ST_1 : Operation 13 [1/1] (0.00ns)   --->   "%specinterface_ln0 = specinterface void @_ssdm_op_SpecInterface, i32 0, void @empty_1, i32 0, i32 0, void @empty_0, i32 0, i32 0, void @empty_2, void @empty_0, void @empty_0, i32 0, i32 0, i32 0, i32 0, void @empty_0, void @empty_0"   --->   Operation 13 'specinterface' 'specinterface_ln0' <Predicate = true> <Delay = 0.00>
ST_1 : Operation 14 [1/1] (1.00ns)   --->   "%load_read = read i1 @_ssdm_op_Read.ap_none.i1, i1 %load" [../src/word_width.cpp:5]   --->   Operation 14 'read' 'load_read' <Predicate = true> <Delay = 1.00> <CoreInst = "s_axilite">   --->   Core 122 's_axilite' <Latency = 0> <II = 1> <Delay = 1.00> <Adapter> <Opcode : 'read' 'write'>
ST_1 : Operation 15 [1/1] (0.00ns)   --->   "%specmemcore_ln14 = specmemcore void @_ssdm_op_SpecMemCore, i24 %word_width_ap_int_8_ap_int_8_bool_x, i64 666, i64 30, i64 18446744073709551615" [../src/word_width.cpp:14]   --->   Operation 15 'specmemcore' 'specmemcore_ln14' <Predicate = true> <Delay = 0.00>
ST_1 : Operation 16 [1/1] (0.00ns)   --->   "%br_ln20 = br i1 %load_read, void %.preheader.preheader, void %.preheader6.preheader" [../src/word_width.cpp:20]   --->   Operation 16 'br' 'br_ln20' <Predicate = true> <Delay = 0.00>
ST_1 : Operation 17 [2/2] (0.00ns)   --->   "%call_ln0 = call void @word_width_Pipeline_WRITE, i8 %y, i24 %word_width_ap_int_8_ap_int_8_bool_x"   --->   Operation 17 'call' 'call_ln0' <Predicate = (!load_read)> <Delay = 0.00> <CoreType = "Generic">   --->   Core 0 '' <Latency = 0> <II = 1> <Delay = 1.00> <Generic> <Opcode : >
ST_1 : Operation 18 [2/2] (0.00ns)   --->   "%call_ln0 = call void @word_width_Pipeline_LOAD, i8 %x_in, i24 %word_width_ap_int_8_ap_int_8_bool_x"   --->   Operation 18 'call' 'call_ln0' <Predicate = (load_read)> <Delay = 0.00> <CoreType = "Generic">   --->   Core 0 '' <Latency = 0> <II = 1> <Delay = 1.00> <Generic> <Opcode : >

State 2 <SV = 1> <Delay = 0.00>
ST_2 : Operation 19 [1/2] (0.00ns)   --->   "%call_ln0 = call void @word_width_Pipeline_WRITE, i8 %y, i24 %word_width_ap_int_8_ap_int_8_bool_x"   --->   Operation 19 'call' 'call_ln0' <Predicate = (!load_read)> <Delay = 0.00> <CoreType = "Generic">   --->   Core 0 '' <Latency = 0> <II = 1> <Delay = 1.00> <Generic> <Opcode : >
ST_2 : Operation 20 [1/1] (0.00ns)   --->   "%br_ln0 = br void %.loopexit"   --->   Operation 20 'br' 'br_ln0' <Predicate = (!load_read)> <Delay = 0.00>
ST_2 : Operation 21 [1/2] (0.00ns)   --->   "%call_ln0 = call void @word_width_Pipeline_LOAD, i8 %x_in, i24 %word_width_ap_int_8_ap_int_8_bool_x"   --->   Operation 21 'call' 'call_ln0' <Predicate = (load_read)> <Delay = 0.00> <CoreType = "Generic">   --->   Core 0 '' <Latency = 0> <II = 1> <Delay = 1.00> <Generic> <Opcode : >
ST_2 : Operation 22 [1/1] (0.00ns)   --->   "%br_ln0 = br void %.loopexit"   --->   Operation 22 'br' 'br_ln0' <Predicate = (load_read)> <Delay = 0.00>
ST_2 : Operation 23 [1/1] (0.00ns)   --->   "%ret_ln30 = ret" [../src/word_width.cpp:30]   --->   Operation 23 'ret' 'ret_ln30' <Predicate = true> <Delay = 0.00>


============================================================
+ Verbose Summary: Binding
============================================================
STG Binding: 
---------------- STG Properties BEGIN ----------------
- Is combinational: 0
- Is one-state seq: 0
- Is datapath-only: 0
- Is pipelined: 0
- Is top level: 1
Port [ Return ] is wired: 1; IO mode=ap_ctrl_chain:ce=0
Port [ x_in]:  wired=1; compound=1; hidden=0; nouse=0; global=0; static=0; extern=0; dir=0; type=1; pingpong=0; private_global=0; MemPort=[13]; IO mode=bram:ce=0
Port [ y]:  wired=1; compound=1; hidden=0; nouse=0; global=0; static=0; extern=0; dir=1; type=1; pingpong=0; private_global=0; MemPort=[03]; IO mode=bram:ce=0
Port [ load]:  wired=1; compound=0; hidden=0; nouse=0; global=0; static=0; extern=0; dir=0; type=0; pingpong=0; private_global=0; IO mode=ap_none:ce=0
Port [ word_width_ap_int_8_ap_int_8_bool_x]:  wired=0; compound=1; hidden=1; nouse=0; global=1; static=1; extern=0; dir=2; type=1; pingpong=0; private_global=1; MemPort=[23]; IO mode=ap_memory:ce=0
Port [ ap_local_deadlock]:  wired=1; compound=0; hidden=0; nouse=1; global=0; static=0; extern=0; dir=1; type=6; pingpong=0; private_global=0; IO mode=ap_none:ce=0
---------------- STG Properties END ------------------

---------------- Datapath Model BEGIN ----------------

<LifeTime>
<method=bitvector/>
specbramwithbyteenable_ln0 (specbramwithbyteenable) [ 000]
spectopmodule_ln0          (spectopmodule         ) [ 000]
specinterface_ln0          (specinterface         ) [ 000]
specinterface_ln0          (specinterface         ) [ 000]
specbitsmap_ln0            (specbitsmap           ) [ 000]
specinterface_ln0          (specinterface         ) [ 000]
specbitsmap_ln0            (specbitsmap           ) [ 000]
specbitsmap_ln0            (specbitsmap           ) [ 000]
specinterface_ln0          (specinterface         ) [ 000]
specinterface_ln0          (specinterface         ) [ 000]
specinterface_ln0          (specinterface         ) [ 000]
load_read                  (read                  ) [ 011]
specmemcore_ln14           (specmemcore           ) [ 000]
br_ln20                    (br                    ) [ 000]
call_ln0                   (call                  ) [ 000]
br_ln0                     (br                    ) [ 000]
call_ln0                   (call                  ) [ 000]
br_ln0                     (br                    ) [ 000]
ret_ln30                   (ret                   ) [ 000]
</LifeTime>

<model>

<comp_list>
<comp id="0" class="1000" name="x_in">
<pin_list>
<pin id="1" dir="1" index="0" bw="1" slack="0"/>
</pin_list>
<bind>
<StgValue><ssdm name="x_in"/><MemPortTyVec>1 3 </MemPortTyVec>
</StgValue>
</bind>
</comp>

<comp id="2" class="1000" name="y">
<pin_list>
<pin id="3" dir="1" index="0" bw="1" slack="0"/>
</pin_list>
<bind>
<StgValue><ssdm name="y"/><MemPortTyVec>0 3 </MemPortTyVec>
</StgValue>
</bind>
</comp>

<comp id="4" class="1000" name="load">
<pin_list>
<pin id="5" dir="1" index="0" bw="1" slack="0"/>
</pin_list>
<bind>
<StgValue><ssdm name="load"/></StgValue>
</bind>
</comp>

<comp id="6" class="1000" name="word_width_ap_int_8_ap_int_8_bool_x">
<pin_list>
<pin id="7" dir="1" index="0" bw="1" slack="0"/>
</pin_list>
<bind>
<StgValue><ssdm name="word_width_ap_int_8_ap_int_8_bool_x"/><MemPortTyVec>2 3 </MemPortTyVec>
</StgValue>
</bind>
</comp>

<comp id="8" class="1001" name="const_8">
<pin_list>
<pin id="9" dir="1" index="0" bw="1" slack="2147483647"/>
</pin_list>
<bind>
<StgValue><ssdm name="_ssdm_op_SpecBRAMWithByteEnable"/></StgValue>
</bind>
</comp>

<comp id="10" class="1001" name="const_10">
<pin_list>
<pin id="11" dir="1" index="0" bw="1" slack="2147483647"/>
</pin_list>
<bind>
<StgValue><ssdm name="_ssdm_op_SpecTopModule"/></StgValue>
</bind>
</comp>

<comp id="12" class="1001" name="const_12">
<pin_list>
<pin id="13" dir="1" index="0" bw="1" slack="2147483647"/>
</pin_list>
<bind>
<StgValue><ssdm name="empty_5"/></StgValue>
</bind>
</comp>

<comp id="14" class="1001" name="const_14">
<pin_list>
<pin id="15" dir="1" index="0" bw="1" slack="2147483647"/>
</pin_list>
<bind>
<StgValue><ssdm name="_ssdm_op_SpecInterface"/></StgValue>
</bind>
</comp>

<comp id="16" class="1001" name="const_16">
<pin_list>
<pin id="17" dir="1" index="0" bw="1" slack="2147483647"/>
</pin_list>
<bind>
<StgValue><ssdm name=""/></StgValue>
</bind>
</comp>

<comp id="18" class="1001" name="const_18">
<pin_list>
<pin id="19" dir="1" index="0" bw="1" slack="2147483647"/>
</pin_list>
<bind>
<StgValue><ssdm name="empty_6"/></StgValue>
</bind>
</comp>

<comp id="20" class="1001" name="const_20">
<pin_list>
<pin id="21" dir="1" index="0" bw="1" slack="2147483647"/>
</pin_list>
<bind>
<StgValue><ssdm name="empty_0"/></StgValue>
</bind>
</comp>

<comp id="22" class="1001" name="const_22">
<pin_list>
<pin id="23" dir="1" index="0" bw="1" slack="2147483647"/>
</pin_list>
<bind>
<StgValue><ssdm name="empty"/></StgValue>
</bind>
</comp>

<comp id="24" class="1001" name="const_24">
<pin_list>
<pin id="25" dir="1" index="0" bw="1" slack="2147483647"/>
</pin_list>
<bind>
<StgValue><ssdm name=""/></StgValue>
</bind>
</comp>

<comp id="26" class="1001" name="const_26">
<pin_list>
<pin id="27" dir="1" index="0" bw="1" slack="2147483647"/>
</pin_list>
<bind>
<StgValue><ssdm name="_ssdm_op_SpecBitsMap"/></StgValue>
</bind>
</comp>

<comp id="28" class="1001" name="const_28">
<pin_list>
<pin id="29" dir="1" index="0" bw="1" slack="2147483647"/>
</pin_list>
<bind>
<StgValue><ssdm name="empty_1"/></StgValue>
</bind>
</comp>

<comp id="30" class="1001" name="const_30">
<pin_list>
<pin id="31" dir="1" index="0" bw="1" slack="2147483647"/>
</pin_list>
<bind>
<StgValue><ssdm name="empty_2"/></StgValue>
</bind>
</comp>

<comp id="32" class="1001" name="const_32">
<pin_list>
<pin id="33" dir="1" index="0" bw="1" slack="2147483647"/>
</pin_list>
<bind>
<StgValue><ssdm name="empty_3"/></StgValue>
</bind>
</comp>

<comp id="34" class="1001" name="const_34">
<pin_list>
<pin id="35" dir="1" index="0" bw="1" slack="2147483647"/>
</pin_list>
<bind>
<StgValue><ssdm name="empty_4"/></StgValue>
</bind>
</comp>

<comp id="36" class="1001" name="const_36">
<pin_list>
<pin id="37" dir="1" index="0" bw="1" slack="0"/>
</pin_list>
<bind>
<StgValue><ssdm name="_ssdm_op_Read.ap_none.i1"/></StgValue>
</bind>
</comp>

<comp id="38" class="1001" name="const_38">
<pin_list>
<pin id="39" dir="1" index="0" bw="1" slack="2147483647"/>
</pin_list>
<bind>
<StgValue><ssdm name="_ssdm_op_SpecMemCore"/></StgValue>
</bind>
</comp>

<comp id="40" class="1001" name="const_40">
<pin_list>
<pin id="41" dir="1" index="0" bw="1" slack="2147483647"/>
</pin_list>
<bind>
<StgValue><ssdm name=""/></StgValue>
</bind>
</comp>

<comp id="42" class="1001" name="const_42">
<pin_list>
<pin id="43" dir="1" index="0" bw="1" slack="2147483647"/>
</pin_list>
<bind>
<StgValue><ssdm name=""/></StgValue>
</bind>
</comp>

<comp id="44" class="1001" name="const_44">
<pin_list>
<pin id="45" dir="1" index="0" bw="1" slack="2147483647"/>
</pin_list>
<bind>
<StgValue><ssdm name=""/></StgValue>
</bind>
</comp>

<comp id="46" class="1001" name="const_46">
<pin_list>
<pin id="47" dir="1" index="0" bw="1" slack="0"/>
</pin_list>
<bind>
<StgValue><ssdm name="word_width_Pipeline_WRITE"/></StgValue>
</bind>
</comp>

<comp id="48" class="1001" name="const_48">
<pin_list>
<pin id="49" dir="1" index="0" bw="1" slack="0"/>
</pin_list>
<bind>
<StgValue><ssdm name="word_width_Pipeline_LOAD"/></StgValue>
</bind>
</comp>

<comp id="50" class="1004" name="load_read_read_fu_50">
<pin_list>
<pin id="51" dir="0" index="0" bw="1" slack="0"/>
<pin id="52" dir="0" index="1" bw="1" slack="0"/>
<pin id="53" dir="1" index="2" bw="1" slack="1"/>
</pin_list>
<bind>
<opcode="read(1150) " fcode="read"/>
<opset="load_read/1 "/>
</bind>
</comp>

<comp id="56" class="1004" name="grp_word_width_Pipeline_WRITE_fu_56">
<pin_list>
<pin id="57" dir="0" index="0" bw="0" slack="0"/>
<pin id="58" dir="0" index="1" bw="8" slack="0"/>
<pin id="59" dir="0" index="2" bw="24" slack="0"/>
<pin id="60" dir="1" index="3" bw="0" slack="2147483647"/>
</pin_list>
<bind>
<opcode="call(48) " fcode="call"/>
<opset="call_ln0/1 "/>
</bind>
</comp>

<comp id="64" class="1004" name="grp_word_width_Pipeline_LOAD_fu_64">
<pin_list>
<pin id="65" dir="0" index="0" bw="0" slack="0"/>
<pin id="66" dir="0" index="1" bw="8" slack="0"/>
<pin id="67" dir="0" index="2" bw="24" slack="0"/>
<pin id="68" dir="1" index="3" bw="0" slack="2147483647"/>
</pin_list>
<bind>
<opcode="call(48) " fcode="call"/>
<opset="call_ln0/1 "/>
</bind>
</comp>

<comp id="72" class="1005" name="load_read_reg_72">
<pin_list>
<pin id="73" dir="0" index="0" bw="1" slack="1"/>
<pin id="74" dir="1" index="1" bw="1" slack="2147483647"/>
</pin_list>
<bind>
<opset="load_read "/>
</bind>
</comp>

</comp_list>

<net_list>
<net id="54"><net_src comp="36" pin="0"/><net_sink comp="50" pin=0"/></net>

<net id="55"><net_src comp="4" pin="0"/><net_sink comp="50" pin=1"/></net>

<net id="61"><net_src comp="46" pin="0"/><net_sink comp="56" pin=0"/></net>

<net id="62"><net_src comp="2" pin="0"/><net_sink comp="56" pin=1"/></net>

<net id="63"><net_src comp="6" pin="0"/><net_sink comp="56" pin=2"/></net>

<net id="69"><net_src comp="48" pin="0"/><net_sink comp="64" pin=0"/></net>

<net id="70"><net_src comp="0" pin="0"/><net_sink comp="64" pin=1"/></net>

<net id="71"><net_src comp="6" pin="0"/><net_sink comp="64" pin=2"/></net>

<net id="75"><net_src comp="50" pin="2"/><net_sink comp="72" pin=0"/></net>

</net_list>

</model> 
---------------- Datapath Model END ------------------

* FSMD analyzer results:
  - Output states:
	Port: y | {1 2 }
	Port: word_width_ap_int_8_ap_int_8_bool_x | {1 2 }
 - Input state : 
	Port: word_width : x_in | {1 2 }
	Port: word_width : load | {1 }
	Port: word_width : word_width_ap_int_8_ap_int_8_bool_x | {1 2 }
  - Chain level:
	State 1
	State 2


============================================================
+ Verbose Summary: Datapath Resource usage 
============================================================

* Functional unit list:
|----------|-------------------------------------|---------|---------|---------|
| Operation|           Functional Unit           |  Delay  |    FF   |   LUT   |
|----------|-------------------------------------|---------|---------|---------|
|   call   | grp_word_width_Pipeline_WRITE_fu_56 |   0.46  |   102   |    87   |
|          |  grp_word_width_Pipeline_LOAD_fu_64 |   0.46  |   105   |   329   |
|----------|-------------------------------------|---------|---------|---------|
|   read   |         load_read_read_fu_50        |    0    |    0    |    0    |
|----------|-------------------------------------|---------|---------|---------|
|   Total  |                                     |   0.92  |   207   |   416   |
|----------|-------------------------------------|---------|---------|---------|

Memories:
+-----------------------------------+--------+--------+--------+
|                                   |  BRAM  |   FF   |   LUT  |
+-----------------------------------+--------+--------+--------+
|word_width_ap_int_8_ap_int_8_bool_x|   550  |    0   |    0   |
+-----------------------------------+--------+--------+--------+
|               Total               |   550  |    0   |    0   |
+-----------------------------------+--------+--------+--------+

* Register list:
+----------------+--------+
|                |   FF   |
+----------------+--------+
|load_read_reg_72|    1   |
+----------------+--------+
|      Total     |    1   |
+----------------+--------+

* Multiplexer (MUX) list: 
|--------|------|------|------|--------|
|  Comp  |  Pin | Size |  BW  | S x BW |
|--------|------|------|------|--------|
|  Total |      |      |      |    0   |
|--------|------|------|------|--------|



* Summary:
+-----------+--------+--------+--------+--------+
|           |  BRAM  |  Delay |   FF   |   LUT  |
+-----------+--------+--------+--------+--------+
|  Function |    -   |    0   |   207  |   416  |
|   Memory  |   550  |    -   |    0   |    0   |
|Multiplexer|    -   |    -   |    -   |    -   |
|  Register |    -   |    -   |    1   |    -   |
+-----------+--------+--------+--------+--------+
|   Total   |   550  |    0   |   208  |   416  |
+-----------+--------+--------+--------+--------+
