

================================================================
== Vitis HLS Report for 'word_width'
================================================================
* Date:           Wed Jun  5 23:36:32 2024

* Version:        2021.2 (Build 3367213 on Tue Oct 19 02:48:09 MDT 2021)
* Project:        m3
* Solution:       solution1 (Vitis Kernel Flow Target)
* Product family: virtexuplus
* Target device:  xcvu11p-flga2577-1-e


================================================================
== Performance Estimates
================================================================
+ Timing: 
    * Summary: 
    +--------+----------+----------+------------+
    |  Clock |  Target  | Estimated| Uncertainty|
    +--------+----------+----------+------------+
    |ap_clk  |  10.00 ns|  3.864 ns|     2.70 ns|
    +--------+----------+----------+------------+

+ Latency: 
    * Summary: 
    +---------+---------+----------+-----------+--------+---------+---------+
    |  Latency (cycles) |  Latency (absolute)  |     Interval     | Pipeline|
    |   min   |   max   |    min   |    max    |   min  |   max   |   Type  |
    +---------+---------+----------+-----------+--------+---------+---------+
    |   409603|  1228803|  4.096 ms|  12.288 ms|  409604|  1228804|       no|
    +---------+---------+----------+-----------+--------+---------+---------+

    + Detail: 
        * Instance: 
        N/A

        * Loop: 
        N/A

============================================================
+ Verbose Summary: Synthesis Manager
============================================================
InlineROM: 1
ExposeGlobal: 0
============================================================
+ Verbose Summary: CDFG Model
============================================================
IsTopModel: 1
ResetActiveHigh: 1
IsCombinational: 0
IsDatapathOnly: 0
HasWiredReturn: 1
HasMFsm: 0
HasVarLatency: 1
IsPipeline: 0
IsRtlPipelined: 0
IsInstanceOverlapped: 0
IsDontTouch: 0
HasImplIP: 0
IsGatedGlobalClock: 0


============================================================
+ Verbose Summary: Schedule
============================================================
* Number of FSM states : 2
* Pipeline : 0
* Dataflow Pipeline: 0

* FSM state transitions: 
1 --> 2 
2 --> 

* FSM state operations: 

State 1 <SV = 0> <Delay = 1.00>
ST_1 : Operation 3 [1/1] (0.00ns)   --->   "%specbramwithbyteenable_ln0 = specbramwithbyteenable void @_ssdm_op_SpecBRAMWithByteEnable, i24 %word_width_ap_int_8_ap_int_8_bool_x"   --->   Operation 3 'specbramwithbyteenable' 'specbramwithbyteenable_ln0' <Predicate = true> <Delay = 0.00>
ST_1 : Operation 4 [1/1] (0.00ns)   --->   "%spectopmodule_ln0 = spectopmodule void @_ssdm_op_SpecTopModule, void @empty_5"   --->   Operation 4 'spectopmodule' 'spectopmodule_ln0' <Predicate = true> <Delay = 0.00>
ST_1 : Operation 5 [1/1] (0.00ns)   --->   "%specinterface_ln0 = specinterface void @_ssdm_op_SpecInterface, i32 0, void @empty_6, i32 0, i32 0, void @empty_0, i32 0, i32 0, void @empty_0, void @empty_0, void @empty_0, i32 0, i32 0, i32 0, i32 0, void @empty_0, void @empty_0"   --->   Operation 5 'specinterface' 'specinterface_ln0' <Predicate = true> <Delay = 0.00>
ST_1 : Operation 6 [1/1] (0.00ns)   --->   "%specinterface_ln0 = specinterface void @_ssdm_op_SpecInterface, i8 %x_in, void @empty, i32 0, i32 0, void @empty_0, i32 4294967295, i32 0, void @empty_0, void @empty_0, void @empty_0, i32 0, i32 0, i32 0, i32 0, void @empty_0, void @empty_0"   --->   Operation 6 'specinterface' 'specinterface_ln0' <Predicate = true> <Delay = 0.00>
ST_1 : Operation 7 [1/1] (0.00ns)   --->   "%specbitsmap_ln0 = specbitsmap void @_ssdm_op_SpecBitsMap, i8 %x_in"   --->   Operation 7 'specbitsmap' 'specbitsmap_ln0' <Predicate = true> <Delay = 0.00>
ST_1 : Operation 8 [1/1] (0.00ns)   --->   "%specinterface_ln0 = specinterface void @_ssdm_op_SpecInterface, i8 %y, void @empty, i32 0, i32 0, void @empty_0, i32 4294967295, i32 0, void @empty_0, void @empty_0, void @empty_0, i32 0, i32 0, i32 0, i32 0, void @empty_0, void @empty_0"   --->   Operation 8 'specinterface' 'specinterface_ln0' <Predicate = true> <Delay = 0.00>
ST_1 : Operation 9 [1/1] (0.00ns)   --->   "%specbitsmap_ln0 = specbitsmap void @_ssdm_op_SpecBitsMap, i8 %y"   --->   Operation 9 'specbitsmap' 'specbitsmap_ln0' <Predicate = true> <Delay = 0.00>
ST_1 : Operation 10 [1/1] (0.00ns)   --->   "%specbitsmap_ln0 = specbitsmap void @_ssdm_op_SpecBitsMap, i1 %load"   --->   Operation 10 'specbitsmap' 'specbitsmap_ln0' <Predicate = true> <Delay = 0.00>
ST_1 : Operation 11 [1/1] (0.00ns)   --->   "%specinterface_ln0 = specinterface void @_ssdm_op_SpecInterface, i1 %load, void @empty_1, i32 0, i32 0, void @empty_0, i32 0, i32 0, void @empty_2, void @empty_3, void @empty_0, i32 0, i32 0, i32 0, i32 0, void @empty_0, void @empty_0"   --->   Operation 11 'specinterface' 'specinterface_ln0' <Predicate = true> <Delay = 0.00>
ST_1 : Operation 12 [1/1] (0.00ns)   --->   "%specinterface_ln0 = specinterface void @_ssdm_op_SpecInterface, i1 %load, void @empty_4, i32 0, i32 0, void @empty_0, i32 0, i32 0, void @empty_0, void @empty_0, void @empty_0, i32 0, i32 0, i32 0, i32 0, void @empty_0, void @empty_0"   --->   Operation 12 'specinterface' 'specinterface_ln0' <Predicate = true> <Delay = 0.00>
ST_1 : Operation 13 [1/1] (0.00ns)   --->   "%specinterface_ln0 = specinterface void @_ssdm_op_SpecInterface, i32 0, void @empty_1, i32 0, i32 0, void @empty_0, i32 0, i32 0, void @empty_2, void @empty_0, void @empty_0, i32 0, i32 0, i32 0, i32 0, void @empty_0, void @empty_0"   --->   Operation 13 'specinterface' 'specinterface_ln0' <Predicate = true> <Delay = 0.00>
ST_1 : Operation 14 [1/1] (1.00ns)   --->   "%load_read = read i1 @_ssdm_op_Read.ap_none.i1, i1 %load" [../src/word_width.cpp:5]   --->   Operation 14 'read' 'load_read' <Predicate = true> <Delay = 1.00> <CoreInst = "s_axilite">   --->   Core 122 's_axilite' <Latency = 0> <II = 1> <Delay = 1.00> <Adapter> <Opcode : 'read' 'write'>
ST_1 : Operation 15 [1/1] (0.00ns)   --->   "%specmemcore_ln14 = specmemcore void @_ssdm_op_SpecMemCore, i24 %word_width_ap_int_8_ap_int_8_bool_x, i64 666, i64 30, i64 18446744073709551615" [../src/word_width.cpp:14]   --->   Operation 15 'specmemcore' 'specmemcore_ln14' <Predicate = true> <Delay = 0.00>
ST_1 : Operation 16 [1/1] (0.00ns)   --->   "%br_ln20 = br i1 %load_read, void %.preheader.preheader, void %.preheader6.preheader" [../src/word_width.cpp:20]   --->   Operation 16 'br' 'br_ln20' <Predicate = true> <Delay = 0.00>
ST_1 : Operation 17 [2/2] (0.00ns)   --->   "%call_ln0 = call void @word_width_Pipeline_WRITE, i8 %y, i24 %word_width_ap_int_8_ap_int_8_bool_x"   --->   Operation 17 'call' 'call_ln0' <Predicate = (!load_read)> <Delay = 0.00> <CoreType = "Generic">   --->   Core 0 '' <Latency = 0> <II = 1> <Delay = 1.00> <Generic> <Opcode : >
ST_1 : Operation 18 [2/2] (0.00ns)   --->   "%call_ln0 = call void @word_width_Pipeline_LOAD, i8 %x_in, i24 %word_width_ap_int_8_ap_int_8_bool_x"   --->   Operation 18 'call' 'call_ln0' <Predicate = (load_read)> <Delay = 0.00> <CoreType = "Generic">   --->   Core 0 '' <Latency = 0> <II = 1> <Delay = 1.00> <Generic> <Opcode : >

State 2 <SV = 1> <Delay = 0.00>
ST_2 : Operation 19 [1/2] (0.00ns)   --->   "%call_ln0 = call void @word_width_Pipeline_WRITE, i8 %y, i24 %word_width_ap_int_8_ap_int_8_bool_x"   --->   Operation 19 'call' 'call_ln0' <Predicate = (!load_read)> <Delay = 0.00> <CoreType = "Generic">   --->   Core 0 '' <Latency = 0> <II = 1> <Delay = 1.00> <Generic> <Opcode : >
ST_2 : Operation 20 [1/1] (0.00ns)   --->   "%br_ln0 = br void %.loopexit"   --->   Operation 20 'br' 'br_ln0' <Predicate = (!load_read)> <Delay = 0.00>
ST_2 : Operation 21 [1/2] (0.00ns)   --->   "%call_ln0 = call void @word_width_Pipeline_LOAD, i8 %x_in, i24 %word_width_ap_int_8_ap_int_8_bool_x"   --->   Operation 21 'call' 'call_ln0' <Predicate = (load_read)> <Delay = 0.00> <CoreType = "Generic">   --->   Core 0 '' <Latency = 0> <II = 1> <Delay = 1.00> <Generic> <Opcode : >
ST_2 : Operation 22 [1/1] (0.00ns)   --->   "%br_ln0 = br void %.loopexit"   --->   Operation 22 'br' 'br_ln0' <Predicate = (load_read)> <Delay = 0.00>
ST_2 : Operation 23 [1/1] (0.00ns)   --->   "%ret_ln30 = ret" [../src/word_width.cpp:30]   --->   Operation 23 'ret' 'ret_ln30' <Predicate = true> <Delay = 0.00>


============================================================
+ Verbose Summary: Timing violations
============================================================
Target clock period: 10ns, clock uncertainty: 2.7ns.

 <State 1>: 1ns
The critical path consists of the following:
	wire read operation ('load_read', ../src/word_width.cpp:5) on port 'load' (../src/word_width.cpp:5) [16]  (1 ns)

 <State 2>: 0ns
The critical path consists of the following:


============================================================
+ Verbose Summary: Binding
============================================================
N/A
* FSMD analyzer results:
  - Output states:
 - Input state : 
  - Chain level:
	State 1
	State 2


============================================================
+ Verbose Summary: Datapath Resource usage 
============================================================
N/A
