

================================================================
== Vitis HLS Report for 'interleave_manual_rnd'
================================================================
* Date:           Wed Jun  5 23:29:21 2024

* Version:        2021.2 (Build 3367213 on Tue Oct 19 02:48:09 MDT 2021)
* Project:        m2
* Solution:       solution1 (Vitis Kernel Flow Target)
* Product family: virtexuplus
* Target device:  xcvu11p-flga2577-1-e


================================================================
== Performance Estimates
================================================================
+ Timing: 
    * Summary: 
    +--------+----------+----------+------------+
    |  Clock |  Target  | Estimated| Uncertainty|
    +--------+----------+----------+------------+
    |ap_clk  |  10.00 ns|  3.621 ns|     2.70 ns|
    +--------+----------+----------+------------+

+ Latency: 
    * Summary: 
    +---------+---------+----------+-----------+--------+---------+---------+
    |  Latency (cycles) |  Latency (absolute)  |     Interval     | Pipeline|
    |   min   |   max   |    min   |    max    |   min  |   max   |   Type  |
    +---------+---------+----------+-----------+--------+---------+---------+
    |   409603|  1228803|  4.096 ms|  12.288 ms|  409604|  1228804|       no|
    +---------+---------+----------+-----------+--------+---------+---------+

    + Detail: 
        * Instance: 
        +------------------------------------------------+--------------------------------------+---------+---------+-----------+-----------+---------+---------+---------+
        |                                                |                                      |  Latency (cycles) |   Latency (absolute)  |      Interval     | Pipeline|
        |                    Instance                    |                Module                |   min   |   max   |    min    |    max    |   min   |   max   |   Type  |
        +------------------------------------------------+--------------------------------------+---------+---------+-----------+-----------+---------+---------+---------+
        |grp_interleave_manual_rnd_Pipeline_WRITE_fu_62  |interleave_manual_rnd_Pipeline_WRITE  |   409602|   409602|   4.096 ms|   4.096 ms|   409602|   409602|       no|
        |grp_interleave_manual_rnd_Pipeline_LOAD_fu_74   |interleave_manual_rnd_Pipeline_LOAD   |  1228802|  1228802|  12.288 ms|  12.288 ms|  1228802|  1228802|       no|
        +------------------------------------------------+--------------------------------------+---------+---------+-----------+-----------+---------+---------+---------+

        * Loop: 
        N/A

============================================================
+ Verbose Summary: Synthesis Manager
============================================================
InlineROM: 1
ExposeGlobal: 0
============================================================
+ Verbose Summary: CDFG Model
============================================================
IsTopModel: 1
ResetActiveHigh: 1
IsCombinational: 0
IsDatapathOnly: 0
HasWiredReturn: 1
HasMFsm: 0
HasVarLatency: 1
IsPipeline: 0
IsRtlPipelined: 0
IsInstanceOverlapped: 0
IsDontTouch: 0
HasImplIP: 0
IsGatedGlobalClock: 0


============================================================
+ Verbose Summary: Schedule
============================================================
* Number of FSM states : 2
* Pipeline : 0
* Dataflow Pipeline: 0

* FSM state transitions: 
1 --> 2 
2 --> 

* FSM state operations: 

State 1 <SV = 0> <Delay = 1.00>
ST_1 : Operation 3 [1/1] (0.00ns)   --->   "%spectopmodule_ln0 = spectopmodule void @_ssdm_op_SpecTopModule, void @empty_5"   --->   Operation 3 'spectopmodule' 'spectopmodule_ln0' <Predicate = true> <Delay = 0.00>
ST_1 : Operation 4 [1/1] (0.00ns)   --->   "%specinterface_ln0 = specinterface void @_ssdm_op_SpecInterface, i32 0, void @empty_6, i32 0, i32 0, void @empty_0, i32 0, i32 0, void @empty_0, void @empty_0, void @empty_0, i32 0, i32 0, i32 0, i32 0, void @empty_0, void @empty_0"   --->   Operation 4 'specinterface' 'specinterface_ln0' <Predicate = true> <Delay = 0.00>
ST_1 : Operation 5 [1/1] (0.00ns)   --->   "%specinterface_ln0 = specinterface void @_ssdm_op_SpecInterface, i8 %x_in, void @empty, i32 0, i32 0, void @empty_0, i32 4294967295, i32 0, void @empty_0, void @empty_0, void @empty_0, i32 0, i32 0, i32 0, i32 0, void @empty_0, void @empty_0"   --->   Operation 5 'specinterface' 'specinterface_ln0' <Predicate = true> <Delay = 0.00>
ST_1 : Operation 6 [1/1] (0.00ns)   --->   "%specbitsmap_ln0 = specbitsmap void @_ssdm_op_SpecBitsMap, i8 %x_in"   --->   Operation 6 'specbitsmap' 'specbitsmap_ln0' <Predicate = true> <Delay = 0.00>
ST_1 : Operation 7 [1/1] (0.00ns)   --->   "%specinterface_ln0 = specinterface void @_ssdm_op_SpecInterface, i8 %y, void @empty, i32 0, i32 0, void @empty_0, i32 4294967295, i32 0, void @empty_0, void @empty_0, void @empty_0, i32 0, i32 0, i32 0, i32 0, void @empty_0, void @empty_0"   --->   Operation 7 'specinterface' 'specinterface_ln0' <Predicate = true> <Delay = 0.00>
ST_1 : Operation 8 [1/1] (0.00ns)   --->   "%specbitsmap_ln0 = specbitsmap void @_ssdm_op_SpecBitsMap, i8 %y"   --->   Operation 8 'specbitsmap' 'specbitsmap_ln0' <Predicate = true> <Delay = 0.00>
ST_1 : Operation 9 [1/1] (0.00ns)   --->   "%specbitsmap_ln0 = specbitsmap void @_ssdm_op_SpecBitsMap, i1 %load"   --->   Operation 9 'specbitsmap' 'specbitsmap_ln0' <Predicate = true> <Delay = 0.00>
ST_1 : Operation 10 [1/1] (0.00ns)   --->   "%specinterface_ln0 = specinterface void @_ssdm_op_SpecInterface, i1 %load, void @empty_1, i32 0, i32 0, void @empty_0, i32 0, i32 0, void @empty_2, void @empty_3, void @empty_0, i32 0, i32 0, i32 0, i32 0, void @empty_0, void @empty_0"   --->   Operation 10 'specinterface' 'specinterface_ln0' <Predicate = true> <Delay = 0.00>
ST_1 : Operation 11 [1/1] (0.00ns)   --->   "%specinterface_ln0 = specinterface void @_ssdm_op_SpecInterface, i1 %load, void @empty_4, i32 0, i32 0, void @empty_0, i32 0, i32 0, void @empty_0, void @empty_0, void @empty_0, i32 0, i32 0, i32 0, i32 0, void @empty_0, void @empty_0"   --->   Operation 11 'specinterface' 'specinterface_ln0' <Predicate = true> <Delay = 0.00>
ST_1 : Operation 12 [1/1] (0.00ns)   --->   "%specinterface_ln0 = specinterface void @_ssdm_op_SpecInterface, i32 0, void @empty_1, i32 0, i32 0, void @empty_0, i32 0, i32 0, void @empty_2, void @empty_0, void @empty_0, i32 0, i32 0, i32 0, i32 0, void @empty_0, void @empty_0"   --->   Operation 12 'specinterface' 'specinterface_ln0' <Predicate = true> <Delay = 0.00>
ST_1 : Operation 13 [1/1] (1.00ns)   --->   "%load_read = read i1 @_ssdm_op_Read.ap_none.i1, i1 %load" [../src/interleave_manual_rnd.cpp:5]   --->   Operation 13 'read' 'load_read' <Predicate = true> <Delay = 1.00> <CoreInst = "s_axilite">   --->   Core 122 's_axilite' <Latency = 0> <II = 1> <Delay = 1.00> <Adapter> <Opcode : 'read' 'write'>
ST_1 : Operation 14 [1/1] (0.00ns)   --->   "%guard_variable_for_interleave_manual_rnd_ap_int_8_ap_int_8_bool_x_load = load i1 %guard_variable_for_interleave_manual_rnd_ap_int_8_ap_int_8_bool_x"   --->   Operation 14 'load' 'guard_variable_for_interleave_manual_rnd_ap_int_8_ap_int_8_bool_x_load' <Predicate = true> <Delay = 0.00>
ST_1 : Operation 15 [1/1] (0.00ns)   --->   "%specmemcore_ln17 = specmemcore void @_ssdm_op_SpecMemCore, i8 %x_x0_V, i64 666, i64 30, i64 18446744073709551615" [../src/interleave_manual_rnd.cpp:17]   --->   Operation 15 'specmemcore' 'specmemcore_ln17' <Predicate = true> <Delay = 0.00>
ST_1 : Operation 16 [1/1] (0.00ns)   --->   "%br_ln17 = br i1 %guard_variable_for_interleave_manual_rnd_ap_int_8_ap_int_8_bool_x_load, void %codeRepl, void %._crit_edge" [../src/interleave_manual_rnd.cpp:17]   --->   Operation 16 'br' 'br_ln17' <Predicate = true> <Delay = 0.00>
ST_1 : Operation 17 [1/1] (0.00ns)   --->   "%specmemcore_ln17 = specmemcore void @_ssdm_op_SpecMemCore, i8 %x_x0_V, i64 666, i64 30, i64 18446744073709551615" [../src/interleave_manual_rnd.cpp:17]   --->   Operation 17 'specmemcore' 'specmemcore_ln17' <Predicate = (!guard_variable_for_interleave_manual_rnd_ap_int_8_ap_int_8_bool_x_load)> <Delay = 0.00>
ST_1 : Operation 18 [1/1] (0.00ns)   --->   "%specmemcore_ln17 = specmemcore void @_ssdm_op_SpecMemCore, i8 %x_x1_V, i64 666, i64 30, i64 18446744073709551615" [../src/interleave_manual_rnd.cpp:17]   --->   Operation 18 'specmemcore' 'specmemcore_ln17' <Predicate = (!guard_variable_for_interleave_manual_rnd_ap_int_8_ap_int_8_bool_x_load)> <Delay = 0.00>
ST_1 : Operation 19 [1/1] (0.00ns)   --->   "%specmemcore_ln17 = specmemcore void @_ssdm_op_SpecMemCore, i8 %x_x2_V, i64 666, i64 30, i64 18446744073709551615" [../src/interleave_manual_rnd.cpp:17]   --->   Operation 19 'specmemcore' 'specmemcore_ln17' <Predicate = (!guard_variable_for_interleave_manual_rnd_ap_int_8_ap_int_8_bool_x_load)> <Delay = 0.00>
ST_1 : Operation 20 [1/1] (0.00ns)   --->   "%store_ln0 = store i1 1, i1 %guard_variable_for_interleave_manual_rnd_ap_int_8_ap_int_8_bool_x"   --->   Operation 20 'store' 'store_ln0' <Predicate = (!guard_variable_for_interleave_manual_rnd_ap_int_8_ap_int_8_bool_x_load)> <Delay = 0.00>
ST_1 : Operation 21 [1/1] (0.00ns)   --->   "%br_ln0 = br void %._crit_edge"   --->   Operation 21 'br' 'br_ln0' <Predicate = (!guard_variable_for_interleave_manual_rnd_ap_int_8_ap_int_8_bool_x_load)> <Delay = 0.00>
ST_1 : Operation 22 [1/1] (0.00ns)   --->   "%specmemcore_ln17 = specmemcore void @_ssdm_op_SpecMemCore, i8 %x_x0_V, i64 666, i64 30, i64 18446744073709551615" [../src/interleave_manual_rnd.cpp:17]   --->   Operation 22 'specmemcore' 'specmemcore_ln17' <Predicate = true> <Delay = 0.00>
ST_1 : Operation 23 [1/1] (0.00ns)   --->   "%specmemcore_ln17 = specmemcore void @_ssdm_op_SpecMemCore, i8 %x_x1_V, i64 666, i64 30, i64 18446744073709551615" [../src/interleave_manual_rnd.cpp:17]   --->   Operation 23 'specmemcore' 'specmemcore_ln17' <Predicate = true> <Delay = 0.00>
ST_1 : Operation 24 [1/1] (0.00ns)   --->   "%specmemcore_ln17 = specmemcore void @_ssdm_op_SpecMemCore, i8 %x_x2_V, i64 666, i64 30, i64 18446744073709551615" [../src/interleave_manual_rnd.cpp:17]   --->   Operation 24 'specmemcore' 'specmemcore_ln17' <Predicate = true> <Delay = 0.00>
ST_1 : Operation 25 [1/1] (0.00ns)   --->   "%br_ln22 = br i1 %load_read, void %.preheader.preheader, void %.preheader9.preheader" [../src/interleave_manual_rnd.cpp:22]   --->   Operation 25 'br' 'br_ln22' <Predicate = true> <Delay = 0.00>
ST_1 : Operation 26 [2/2] (0.00ns)   --->   "%call_ln0 = call void @interleave_manual_rnd_Pipeline_WRITE, i8 %y, i8 %x_x0_V, i8 %x_x1_V, i8 %x_x2_V"   --->   Operation 26 'call' 'call_ln0' <Predicate = (!load_read)> <Delay = 0.00> <CoreType = "Generic">   --->   Core 0 '' <Latency = 0> <II = 1> <Delay = 1.00> <Generic> <Opcode : >
ST_1 : Operation 27 [2/2] (0.00ns)   --->   "%call_ln0 = call void @interleave_manual_rnd_Pipeline_LOAD, i8 %x_in, i8 %x_x0_V, i8 %x_x1_V, i8 %x_x2_V"   --->   Operation 27 'call' 'call_ln0' <Predicate = (load_read)> <Delay = 0.00> <CoreType = "Generic">   --->   Core 0 '' <Latency = 0> <II = 1> <Delay = 1.00> <Generic> <Opcode : >

State 2 <SV = 1> <Delay = 0.00>
ST_2 : Operation 28 [1/2] (0.00ns)   --->   "%call_ln0 = call void @interleave_manual_rnd_Pipeline_WRITE, i8 %y, i8 %x_x0_V, i8 %x_x1_V, i8 %x_x2_V"   --->   Operation 28 'call' 'call_ln0' <Predicate = (!load_read)> <Delay = 0.00> <CoreType = "Generic">   --->   Core 0 '' <Latency = 0> <II = 1> <Delay = 1.00> <Generic> <Opcode : >
ST_2 : Operation 29 [1/1] (0.00ns)   --->   "%br_ln0 = br void %.loopexit"   --->   Operation 29 'br' 'br_ln0' <Predicate = (!load_read)> <Delay = 0.00>
ST_2 : Operation 30 [1/2] (0.00ns)   --->   "%call_ln0 = call void @interleave_manual_rnd_Pipeline_LOAD, i8 %x_in, i8 %x_x0_V, i8 %x_x1_V, i8 %x_x2_V"   --->   Operation 30 'call' 'call_ln0' <Predicate = (load_read)> <Delay = 0.00> <CoreType = "Generic">   --->   Core 0 '' <Latency = 0> <II = 1> <Delay = 1.00> <Generic> <Opcode : >
ST_2 : Operation 31 [1/1] (0.00ns)   --->   "%br_ln0 = br void %.loopexit"   --->   Operation 31 'br' 'br_ln0' <Predicate = (load_read)> <Delay = 0.00>
ST_2 : Operation 32 [1/1] (0.00ns)   --->   "%ret_ln32 = ret" [../src/interleave_manual_rnd.cpp:32]   --->   Operation 32 'ret' 'ret_ln32' <Predicate = true> <Delay = 0.00>


============================================================
+ Verbose Summary: Binding
============================================================
STG Binding: 
---------------- STG Properties BEGIN ----------------
- Is combinational: 0
- Is one-state seq: 0
- Is datapath-only: 0
- Is pipelined: 0
- Is top level: 1
Port [ Return ] is wired: 1; IO mode=ap_ctrl_chain:ce=0
Port [ x_in]:  wired=1; compound=1; hidden=0; nouse=0; global=0; static=0; extern=0; dir=0; type=1; pingpong=0; private_global=0; MemPort=[13]; IO mode=bram:ce=0
Port [ y]:  wired=1; compound=1; hidden=0; nouse=0; global=0; static=0; extern=0; dir=1; type=1; pingpong=0; private_global=0; MemPort=[03]; IO mode=bram:ce=0
Port [ load]:  wired=1; compound=0; hidden=0; nouse=0; global=0; static=0; extern=0; dir=0; type=0; pingpong=0; private_global=0; IO mode=ap_none:ce=0
Port [ guard_variable_for_interleave_manual_rnd_ap_int_8_ap_int_8_bool_x]:  wired=0; compound=0; hidden=1; nouse=0; global=1; static=1; extern=0; dir=2; type=0; pingpong=0; private_global=1; IO mode=ap_ovld:ce=0
Port [ x_x0_V]:  wired=0; compound=1; hidden=1; nouse=0; global=1; static=1; extern=0; dir=2; type=1; pingpong=0; private_global=1; MemPort=[23]; IO mode=ap_memory:ce=0
Port [ x_x1_V]:  wired=0; compound=1; hidden=1; nouse=0; global=1; static=1; extern=0; dir=2; type=1; pingpong=0; private_global=1; MemPort=[23]; IO mode=ap_memory:ce=0
Port [ x_x2_V]:  wired=0; compound=1; hidden=1; nouse=0; global=1; static=1; extern=0; dir=2; type=1; pingpong=0; private_global=1; MemPort=[23]; IO mode=ap_memory:ce=0
---------------- STG Properties END ------------------

---------------- Datapath Model BEGIN ----------------

<LifeTime>
<method=bitvector/>
spectopmodule_ln0                                                      (spectopmodule) [ 000]
specinterface_ln0                                                      (specinterface) [ 000]
specinterface_ln0                                                      (specinterface) [ 000]
specbitsmap_ln0                                                        (specbitsmap  ) [ 000]
specinterface_ln0                                                      (specinterface) [ 000]
specbitsmap_ln0                                                        (specbitsmap  ) [ 000]
specbitsmap_ln0                                                        (specbitsmap  ) [ 000]
specinterface_ln0                                                      (specinterface) [ 000]
specinterface_ln0                                                      (specinterface) [ 000]
specinterface_ln0                                                      (specinterface) [ 000]
load_read                                                              (read         ) [ 011]
guard_variable_for_interleave_manual_rnd_ap_int_8_ap_int_8_bool_x_load (load         ) [ 010]
specmemcore_ln17                                                       (specmemcore  ) [ 000]
br_ln17                                                                (br           ) [ 000]
specmemcore_ln17                                                       (specmemcore  ) [ 000]
specmemcore_ln17                                                       (specmemcore  ) [ 000]
specmemcore_ln17                                                       (specmemcore  ) [ 000]
store_ln0                                                              (store        ) [ 000]
br_ln0                                                                 (br           ) [ 000]
specmemcore_ln17                                                       (specmemcore  ) [ 000]
specmemcore_ln17                                                       (specmemcore  ) [ 000]
specmemcore_ln17                                                       (specmemcore  ) [ 000]
br_ln22                                                                (br           ) [ 000]
call_ln0                                                               (call         ) [ 000]
br_ln0                                                                 (br           ) [ 000]
call_ln0                                                               (call         ) [ 000]
br_ln0                                                                 (br           ) [ 000]
ret_ln32                                                               (ret          ) [ 000]
</LifeTime>

<model>

<comp_list>
<comp id="0" class="1000" name="x_in">
<pin_list>
<pin id="1" dir="1" index="0" bw="1" slack="0"/>
</pin_list>
<bind>
<StgValue><ssdm name="x_in"/><MemPortTyVec>1 3 </MemPortTyVec>
</StgValue>
</bind>
</comp>

<comp id="2" class="1000" name="y">
<pin_list>
<pin id="3" dir="1" index="0" bw="1" slack="0"/>
</pin_list>
<bind>
<StgValue><ssdm name="y"/><MemPortTyVec>0 3 </MemPortTyVec>
</StgValue>
</bind>
</comp>

<comp id="4" class="1000" name="load">
<pin_list>
<pin id="5" dir="1" index="0" bw="1" slack="0"/>
</pin_list>
<bind>
<StgValue><ssdm name="load"/></StgValue>
</bind>
</comp>

<comp id="6" class="1000" name="guard_variable_for_interleave_manual_rnd_ap_int_8_ap_int_8_bool_x">
<pin_list>
<pin id="7" dir="1" index="0" bw="1" slack="0"/>
</pin_list>
<bind>
<StgValue><ssdm name="guard_variable_for_interleave_manual_rnd_ap_int_8_ap_int_8_bool_x"/></StgValue>
</bind>
</comp>

<comp id="8" class="1000" name="x_x0_V">
<pin_list>
<pin id="9" dir="1" index="0" bw="1" slack="0"/>
</pin_list>
<bind>
<StgValue><ssdm name="x_x0_V"/><MemPortTyVec>2 3 </MemPortTyVec>
</StgValue>
</bind>
</comp>

<comp id="10" class="1000" name="x_x1_V">
<pin_list>
<pin id="11" dir="1" index="0" bw="1" slack="0"/>
</pin_list>
<bind>
<StgValue><ssdm name="x_x1_V"/><MemPortTyVec>2 3 </MemPortTyVec>
</StgValue>
</bind>
</comp>

<comp id="12" class="1000" name="x_x2_V">
<pin_list>
<pin id="13" dir="1" index="0" bw="1" slack="0"/>
</pin_list>
<bind>
<StgValue><ssdm name="x_x2_V"/><MemPortTyVec>2 3 </MemPortTyVec>
</StgValue>
</bind>
</comp>

<comp id="14" class="1001" name="const_14">
<pin_list>
<pin id="15" dir="1" index="0" bw="1" slack="2147483647"/>
</pin_list>
<bind>
<StgValue><ssdm name="_ssdm_op_SpecTopModule"/></StgValue>
</bind>
</comp>

<comp id="16" class="1001" name="const_16">
<pin_list>
<pin id="17" dir="1" index="0" bw="1" slack="2147483647"/>
</pin_list>
<bind>
<StgValue><ssdm name="empty_5"/></StgValue>
</bind>
</comp>

<comp id="18" class="1001" name="const_18">
<pin_list>
<pin id="19" dir="1" index="0" bw="1" slack="2147483647"/>
</pin_list>
<bind>
<StgValue><ssdm name="_ssdm_op_SpecInterface"/></StgValue>
</bind>
</comp>

<comp id="20" class="1001" name="const_20">
<pin_list>
<pin id="21" dir="1" index="0" bw="1" slack="2147483647"/>
</pin_list>
<bind>
<StgValue><ssdm name=""/></StgValue>
</bind>
</comp>

<comp id="22" class="1001" name="const_22">
<pin_list>
<pin id="23" dir="1" index="0" bw="1" slack="2147483647"/>
</pin_list>
<bind>
<StgValue><ssdm name="empty_6"/></StgValue>
</bind>
</comp>

<comp id="24" class="1001" name="const_24">
<pin_list>
<pin id="25" dir="1" index="0" bw="1" slack="2147483647"/>
</pin_list>
<bind>
<StgValue><ssdm name="empty_0"/></StgValue>
</bind>
</comp>

<comp id="26" class="1001" name="const_26">
<pin_list>
<pin id="27" dir="1" index="0" bw="1" slack="2147483647"/>
</pin_list>
<bind>
<StgValue><ssdm name="empty"/></StgValue>
</bind>
</comp>

<comp id="28" class="1001" name="const_28">
<pin_list>
<pin id="29" dir="1" index="0" bw="1" slack="2147483647"/>
</pin_list>
<bind>
<StgValue><ssdm name=""/></StgValue>
</bind>
</comp>

<comp id="30" class="1001" name="const_30">
<pin_list>
<pin id="31" dir="1" index="0" bw="1" slack="2147483647"/>
</pin_list>
<bind>
<StgValue><ssdm name="_ssdm_op_SpecBitsMap"/></StgValue>
</bind>
</comp>

<comp id="32" class="1001" name="const_32">
<pin_list>
<pin id="33" dir="1" index="0" bw="1" slack="2147483647"/>
</pin_list>
<bind>
<StgValue><ssdm name="empty_1"/></StgValue>
</bind>
</comp>

<comp id="34" class="1001" name="const_34">
<pin_list>
<pin id="35" dir="1" index="0" bw="1" slack="2147483647"/>
</pin_list>
<bind>
<StgValue><ssdm name="empty_2"/></StgValue>
</bind>
</comp>

<comp id="36" class="1001" name="const_36">
<pin_list>
<pin id="37" dir="1" index="0" bw="1" slack="2147483647"/>
</pin_list>
<bind>
<StgValue><ssdm name="empty_3"/></StgValue>
</bind>
</comp>

<comp id="38" class="1001" name="const_38">
<pin_list>
<pin id="39" dir="1" index="0" bw="1" slack="2147483647"/>
</pin_list>
<bind>
<StgValue><ssdm name="empty_4"/></StgValue>
</bind>
</comp>

<comp id="40" class="1001" name="const_40">
<pin_list>
<pin id="41" dir="1" index="0" bw="1" slack="0"/>
</pin_list>
<bind>
<StgValue><ssdm name="_ssdm_op_Read.ap_none.i1"/></StgValue>
</bind>
</comp>

<comp id="42" class="1001" name="const_42">
<pin_list>
<pin id="43" dir="1" index="0" bw="1" slack="2147483647"/>
</pin_list>
<bind>
<StgValue><ssdm name="_ssdm_op_SpecMemCore"/></StgValue>
</bind>
</comp>

<comp id="44" class="1001" name="const_44">
<pin_list>
<pin id="45" dir="1" index="0" bw="1" slack="2147483647"/>
</pin_list>
<bind>
<StgValue><ssdm name=""/></StgValue>
</bind>
</comp>

<comp id="46" class="1001" name="const_46">
<pin_list>
<pin id="47" dir="1" index="0" bw="1" slack="2147483647"/>
</pin_list>
<bind>
<StgValue><ssdm name=""/></StgValue>
</bind>
</comp>

<comp id="48" class="1001" name="const_48">
<pin_list>
<pin id="49" dir="1" index="0" bw="1" slack="2147483647"/>
</pin_list>
<bind>
<StgValue><ssdm name=""/></StgValue>
</bind>
</comp>

<comp id="50" class="1001" name="const_50">
<pin_list>
<pin id="51" dir="1" index="0" bw="1" slack="0"/>
</pin_list>
<bind>
<StgValue><ssdm name=""/></StgValue>
</bind>
</comp>

<comp id="52" class="1001" name="const_52">
<pin_list>
<pin id="53" dir="1" index="0" bw="1" slack="0"/>
</pin_list>
<bind>
<StgValue><ssdm name="interleave_manual_rnd_Pipeline_WRITE"/></StgValue>
</bind>
</comp>

<comp id="54" class="1001" name="const_54">
<pin_list>
<pin id="55" dir="1" index="0" bw="1" slack="0"/>
</pin_list>
<bind>
<StgValue><ssdm name="interleave_manual_rnd_Pipeline_LOAD"/></StgValue>
</bind>
</comp>

<comp id="56" class="1004" name="load_read_read_fu_56">
<pin_list>
<pin id="57" dir="0" index="0" bw="1" slack="0"/>
<pin id="58" dir="0" index="1" bw="1" slack="0"/>
<pin id="59" dir="1" index="2" bw="1" slack="1"/>
</pin_list>
<bind>
<opcode="read(1150) " fcode="read"/>
<opset="load_read/1 "/>
</bind>
</comp>

<comp id="62" class="1004" name="grp_interleave_manual_rnd_Pipeline_WRITE_fu_62">
<pin_list>
<pin id="63" dir="0" index="0" bw="0" slack="0"/>
<pin id="64" dir="0" index="1" bw="8" slack="0"/>
<pin id="65" dir="0" index="2" bw="8" slack="0"/>
<pin id="66" dir="0" index="3" bw="8" slack="0"/>
<pin id="67" dir="0" index="4" bw="8" slack="0"/>
<pin id="68" dir="1" index="5" bw="0" slack="2147483647"/>
</pin_list>
<bind>
<opcode="call(48) " fcode="call"/>
<opset="call_ln0/1 "/>
</bind>
</comp>

<comp id="74" class="1004" name="grp_interleave_manual_rnd_Pipeline_LOAD_fu_74">
<pin_list>
<pin id="75" dir="0" index="0" bw="0" slack="0"/>
<pin id="76" dir="0" index="1" bw="8" slack="0"/>
<pin id="77" dir="0" index="2" bw="8" slack="0"/>
<pin id="78" dir="0" index="3" bw="8" slack="0"/>
<pin id="79" dir="0" index="4" bw="8" slack="0"/>
<pin id="80" dir="1" index="5" bw="0" slack="2147483647"/>
</pin_list>
<bind>
<opcode="call(48) " fcode="call"/>
<opset="call_ln0/1 "/>
</bind>
</comp>

<comp id="86" class="1004" name="guard_variable_for_interleave_manual_rnd_ap_int_8_ap_int_8_bool_x_load_load_fu_86">
<pin_list>
<pin id="87" dir="0" index="0" bw="1" slack="0"/>
<pin id="88" dir="1" index="1" bw="1" slack="2147483647"/>
</pin_list>
<bind>
<opcode="load(27) " fcode="load"/>
<opset="guard_variable_for_interleave_manual_rnd_ap_int_8_ap_int_8_bool_x_load/1 "/>
</bind>
</comp>

<comp id="90" class="1004" name="store_ln0_store_fu_90">
<pin_list>
<pin id="91" dir="0" index="0" bw="1" slack="0"/>
<pin id="92" dir="0" index="1" bw="1" slack="0"/>
<pin id="93" dir="1" index="2" bw="0" slack="2147483647"/>
</pin_list>
<bind>
<opcode="store(28) " fcode="store"/>
<opset="store_ln0/1 "/>
</bind>
</comp>

<comp id="96" class="1005" name="load_read_reg_96">
<pin_list>
<pin id="97" dir="0" index="0" bw="1" slack="1"/>
<pin id="98" dir="1" index="1" bw="1" slack="2147483647"/>
</pin_list>
<bind>
<opset="load_read "/>
</bind>
</comp>

</comp_list>

<net_list>
<net id="60"><net_src comp="40" pin="0"/><net_sink comp="56" pin=0"/></net>

<net id="61"><net_src comp="4" pin="0"/><net_sink comp="56" pin=1"/></net>

<net id="69"><net_src comp="52" pin="0"/><net_sink comp="62" pin=0"/></net>

<net id="70"><net_src comp="2" pin="0"/><net_sink comp="62" pin=1"/></net>

<net id="71"><net_src comp="8" pin="0"/><net_sink comp="62" pin=2"/></net>

<net id="72"><net_src comp="10" pin="0"/><net_sink comp="62" pin=3"/></net>

<net id="73"><net_src comp="12" pin="0"/><net_sink comp="62" pin=4"/></net>

<net id="81"><net_src comp="54" pin="0"/><net_sink comp="74" pin=0"/></net>

<net id="82"><net_src comp="0" pin="0"/><net_sink comp="74" pin=1"/></net>

<net id="83"><net_src comp="8" pin="0"/><net_sink comp="74" pin=2"/></net>

<net id="84"><net_src comp="10" pin="0"/><net_sink comp="74" pin=3"/></net>

<net id="85"><net_src comp="12" pin="0"/><net_sink comp="74" pin=4"/></net>

<net id="89"><net_src comp="6" pin="0"/><net_sink comp="86" pin=0"/></net>

<net id="94"><net_src comp="50" pin="0"/><net_sink comp="90" pin=0"/></net>

<net id="95"><net_src comp="6" pin="0"/><net_sink comp="90" pin=1"/></net>

<net id="99"><net_src comp="56" pin="2"/><net_sink comp="96" pin=0"/></net>

</net_list>

</model> 
---------------- Datapath Model END ------------------

* FSMD analyzer results:
  - Output states:
	Port: y | {1 2 }
	Port: guard_variable_for_interleave_manual_rnd_ap_int_8_ap_int_8_bool_x | {1 }
	Port: x_x0_V | {1 2 }
	Port: x_x1_V | {1 2 }
	Port: x_x2_V | {1 2 }
 - Input state : 
	Port: interleave_manual_rnd : x_in | {1 2 }
	Port: interleave_manual_rnd : load | {1 }
	Port: interleave_manual_rnd : guard_variable_for_interleave_manual_rnd_ap_int_8_ap_int_8_bool_x | {1 }
	Port: interleave_manual_rnd : x_x0_V | {1 2 }
	Port: interleave_manual_rnd : x_x1_V | {1 2 }
	Port: interleave_manual_rnd : x_x2_V | {1 2 }
  - Chain level:
	State 1
		br_ln17 : 1
	State 2


============================================================
+ Verbose Summary: Datapath Resource usage 
============================================================

* Functional unit list:
|----------|------------------------------------------------|---------|---------|---------|
| Operation|                 Functional Unit                |  Delay  |    FF   |   LUT   |
|----------|------------------------------------------------|---------|---------|---------|
|   call   | grp_interleave_manual_rnd_Pipeline_WRITE_fu_62 |   1.38  |   114   |   131   |
|          |  grp_interleave_manual_rnd_Pipeline_LOAD_fu_74 |   0.46  |   191   |   263   |
|----------|------------------------------------------------|---------|---------|---------|
|   read   |              load_read_read_fu_56              |    0    |    0    |    0    |
|----------|------------------------------------------------|---------|---------|---------|
|   Total  |                                                |   1.84  |   305   |   394   |
|----------|------------------------------------------------|---------|---------|---------|

Memories:
+------+--------+--------+--------+
|      |  BRAM  |   FF   |   LUT  |
+------+--------+--------+--------+
|x_x0_V|   200  |    0   |    0   |
|x_x1_V|   200  |    0   |    0   |
|x_x2_V|   200  |    0   |    0   |
+------+--------+--------+--------+
| Total|   600  |    0   |    0   |
+------+--------+--------+--------+

* Register list:
+----------------+--------+
|                |   FF   |
+----------------+--------+
|load_read_reg_96|    1   |
+----------------+--------+
|      Total     |    1   |
+----------------+--------+

* Multiplexer (MUX) list: 
|--------|------|------|------|--------|
|  Comp  |  Pin | Size |  BW  | S x BW |
|--------|------|------|------|--------|
|  Total |      |      |      |    0   |
|--------|------|------|------|--------|



* Summary:
+-----------+--------+--------+--------+--------+
|           |  BRAM  |  Delay |   FF   |   LUT  |
+-----------+--------+--------+--------+--------+
|  Function |    -   |    1   |   305  |   394  |
|   Memory  |   600  |    -   |    0   |    0   |
|Multiplexer|    -   |    -   |    -   |    -   |
|  Register |    -   |    -   |    1   |    -   |
+-----------+--------+--------+--------+--------+
|   Total   |   600  |    1   |   306  |   394  |
+-----------+--------+--------+--------+--------+
