Copyright 1986-2021 Xilinx, Inc. All Rights Reserved.
-----------------------------------------------------------------------------------------------------------------------------
| Tool Version : Vivado v.2021.2 (win64) Build 3367213 Tue Oct 19 02:48:09 MDT 2021
| Date         : Fri May 31 23:15:06 2024
| Host         : DESKTOP-KVLS732 running 64-bit major release  (build 9200)
| Command      : report_utilization -file design_1_wrapper_utilization_placed.rpt -pb design_1_wrapper_utilization_placed.pb
| Design       : design_1_wrapper
| Device       : xczu7ev-ffvc1156-2-e
| Speed File   : -2
| Design State : Fully Placed
-----------------------------------------------------------------------------------------------------------------------------

Utilization Design Information

Table of Contents
-----------------
1. CLB Logic
1.1 Summary of Registers by Type
2. CLB Logic Distribution
3. BLOCKRAM
4. ARITHMETIC
5. I/O
6. CLOCK
7. ADVANCED
8. CONFIGURATION
9. Primitives
10. Black Boxes
11. Instantiated Netlists

1. CLB Logic
------------

+----------------------------+------+-------+------------+-----------+-------+
|          Site Type         | Used | Fixed | Prohibited | Available | Util% |
+----------------------------+------+-------+------------+-----------+-------+
| CLB LUTs                   | 4746 |     0 |          0 |    230400 |  2.06 |
|   LUT as Logic             | 4366 |     0 |          0 |    230400 |  1.89 |
|   LUT as Memory            |  380 |     0 |          0 |    101760 |  0.37 |
|     LUT as Distributed RAM |   20 |     0 |            |           |       |
|     LUT as Shift Register  |  360 |     0 |            |           |       |
| CLB Registers              | 5584 |     0 |          0 |    460800 |  1.21 |
|   Register as Flip Flop    | 5584 |     0 |          0 |    460800 |  1.21 |
|   Register as Latch        |    0 |     0 |          0 |    460800 |  0.00 |
| CARRY8                     |  134 |     0 |          0 |     28800 |  0.47 |
| F7 Muxes                   |  101 |     0 |          0 |    115200 |  0.09 |
| F8 Muxes                   |   32 |     0 |          0 |     57600 |  0.06 |
| F9 Muxes                   |    0 |     0 |          0 |     28800 |  0.00 |
+----------------------------+------+-------+------------+-----------+-------+


1.1 Summary of Registers by Type
--------------------------------

+-------+--------------+-------------+--------------+
| Total | Clock Enable | Synchronous | Asynchronous |
+-------+--------------+-------------+--------------+
| 0     |            _ |           - |            - |
| 0     |            _ |           - |          Set |
| 0     |            _ |           - |        Reset |
| 0     |            _ |         Set |            - |
| 0     |            _ |       Reset |            - |
| 0     |          Yes |           - |            - |
| 41    |          Yes |           - |          Set |
| 196   |          Yes |           - |        Reset |
| 44    |          Yes |         Set |            - |
| 5303  |          Yes |       Reset |            - |
+-------+--------------+-------------+--------------+


2. CLB Logic Distribution
-------------------------

+--------------------------------------------+------+-------+------------+-----------+-------+
|                  Site Type                 | Used | Fixed | Prohibited | Available | Util% |
+--------------------------------------------+------+-------+------------+-----------+-------+
| CLB                                        | 1392 |     0 |          0 |     28800 |  4.83 |
|   CLBL                                     |  933 |     0 |            |           |       |
|   CLBM                                     |  459 |     0 |            |           |       |
| LUT as Logic                               | 4366 |     0 |          0 |    230400 |  1.89 |
|   using O5 output only                     |  105 |       |            |           |       |
|   using O6 output only                     | 3523 |       |            |           |       |
|   using O5 and O6                          |  738 |       |            |           |       |
| LUT as Memory                              |  380 |     0 |          0 |    101760 |  0.37 |
|   LUT as Distributed RAM                   |   20 |     0 |            |           |       |
|     using O5 output only                   |    0 |       |            |           |       |
|     using O6 output only                   |    0 |       |            |           |       |
|     using O5 and O6                        |   20 |       |            |           |       |
|   LUT as Shift Register                    |  360 |     0 |            |           |       |
|     using O5 output only                   |    0 |       |            |           |       |
|     using O6 output only                   |  108 |       |            |           |       |
|     using O5 and O6                        |  252 |       |            |           |       |
| CLB Registers                              | 5584 |     0 |          0 |    460800 |  1.21 |
|   Register driven from within the CLB      | 2465 |       |            |           |       |
|   Register driven from outside the CLB     | 3119 |       |            |           |       |
|     LUT in front of the register is unused | 2239 |       |            |           |       |
|     LUT in front of the register is used   |  880 |       |            |           |       |
| Unique Control Sets                        |  267 |       |          0 |     57600 |  0.46 |
+--------------------------------------------+------+-------+------------+-----------+-------+
* * Note: Available Control Sets calculated as Slices * 2, Review the Control Sets Report for more information regarding control sets.


3. BLOCKRAM
-----------

+-------------------+-------+-------+------------+-----------+-------+
|     Site Type     |  Used | Fixed | Prohibited | Available | Util% |
+-------------------+-------+-------+------------+-----------+-------+
| Block RAM Tile    | 306.5 |     0 |          0 |       312 | 98.24 |
|   RAMB36/FIFO*    |   306 |     0 |          0 |       312 | 98.08 |
|     RAMB36E2 only |   306 |       |            |           |       |
|   RAMB18          |     1 |     0 |          0 |       624 |  0.16 |
|     RAMB18E2 only |     1 |       |            |           |       |
| URAM              |     0 |     0 |          0 |        96 |  0.00 |
+-------------------+-------+-------+------------+-----------+-------+
* Note: Each Block RAM Tile only has one FIFO logic available and therefore can accommodate only one FIFO36E2 or one FIFO18E2. However, if a FIFO18E2 occupies a Block RAM Tile, that tile can still accommodate a RAMB18E2


4. ARITHMETIC
-------------

+----------------+------+-------+------------+-----------+-------+
|    Site Type   | Used | Fixed | Prohibited | Available | Util% |
+----------------+------+-------+------------+-----------+-------+
| DSPs           |   12 |     0 |          0 |      1728 |  0.69 |
|   DSP48E2 only |   12 |       |            |           |       |
+----------------+------+-------+------------+-----------+-------+


5. I/O
------

+------------------+------+-------+------------+-----------+-------+
|     Site Type    | Used | Fixed | Prohibited | Available | Util% |
+------------------+------+-------+------------+-----------+-------+
| Bonded IOB       |  118 |   118 |          0 |       360 | 32.78 |
| HPIOB_M          |   48 |    48 |          0 |       144 | 33.33 |
|   INPUT          |   13 |       |            |           |       |
|   OUTPUT         |   35 |       |            |           |       |
|   BIDIR          |    0 |       |            |           |       |
| HPIOB_S          |   50 |    50 |          0 |       144 | 34.72 |
|   INPUT          |   12 |       |            |           |       |
|   OUTPUT         |   38 |       |            |           |       |
|   BIDIR          |    0 |       |            |           |       |
| HDIOB_M          |    5 |     5 |          0 |        24 | 20.83 |
|   INPUT          |    4 |       |            |           |       |
|   OUTPUT         |    1 |       |            |           |       |
|   BIDIR          |    0 |       |            |           |       |
| HDIOB_S          |    7 |     7 |          0 |        24 | 29.17 |
|   INPUT          |    4 |       |            |           |       |
|   OUTPUT         |    3 |       |            |           |       |
|   BIDIR          |    0 |       |            |           |       |
| HPIOB_SNGL       |    8 |     8 |          0 |        24 | 33.33 |
|   INPUT          |    2 |       |            |           |       |
|   OUTPUT         |    6 |       |            |           |       |
|   BIDIR          |    0 |       |            |           |       |
| HPIOBDIFFINBUF   |    0 |     0 |          0 |       192 |  0.00 |
| HPIOBDIFFOUTBUF  |    0 |     0 |          0 |       192 |  0.00 |
| HDIOBDIFFINBUF   |    0 |     0 |          0 |        48 |  0.00 |
| BITSLICE_CONTROL |    0 |     0 |          0 |        64 |  0.00 |
| BITSLICE_RX_TX   |    0 |     0 |          0 |      2496 |  0.00 |
| BITSLICE_TX      |    0 |     0 |          0 |        64 |  0.00 |
| RIU_OR           |    0 |     0 |          0 |        32 |  0.00 |
+------------------+------+-------+------------+-----------+-------+


6. CLOCK
--------

+----------------------+------+-------+------------+-----------+-------+
|       Site Type      | Used | Fixed | Prohibited | Available | Util% |
+----------------------+------+-------+------------+-----------+-------+
| GLOBAL CLOCK BUFFERs |    3 |     0 |          0 |       544 |  0.55 |
|   BUFGCE             |    3 |     0 |          0 |       208 |  1.44 |
|   BUFGCE_DIV         |    0 |     0 |          0 |        32 |  0.00 |
|   BUFG_GT            |    0 |     0 |          0 |       144 |  0.00 |
|   BUFG_PS            |    0 |     0 |          0 |        96 |  0.00 |
|   BUFGCTRL*          |    0 |     0 |          0 |        64 |  0.00 |
| PLL                  |    0 |     0 |          0 |        16 |  0.00 |
| MMCM                 |    1 |     0 |          0 |         8 | 12.50 |
+----------------------+------+-------+------------+-----------+-------+
* Note: Each used BUFGCTRL counts as two GLOBAL CLOCK BUFFERs. This table does not include global clocking resources, only buffer cell usage. See the Clock Utilization Report (report_clock_utilization) for detailed accounting of global clocking resource availability.


7. ADVANCED
-----------

+-----------------+------+-------+------------+-----------+-------+
|    Site Type    | Used | Fixed | Prohibited | Available | Util% |
+-----------------+------+-------+------------+-----------+-------+
| GTHE4_CHANNEL   |    0 |     0 |          0 |        20 |  0.00 |
| GTHE4_COMMON    |    0 |     0 |          0 |         5 |  0.00 |
| OBUFDS_GTE4     |    0 |     0 |          0 |        10 |  0.00 |
| OBUFDS_GTE4_ADV |    0 |     0 |          0 |        10 |  0.00 |
| PCIE40E4        |    0 |     0 |          0 |         2 |  0.00 |
| PS8             |    0 |     0 |          0 |         1 |  0.00 |
| SYSMONE4        |    0 |     0 |          0 |         1 |  0.00 |
| VCU             |    0 |     0 |          0 |         1 |  0.00 |
+-----------------+------+-------+------------+-----------+-------+


8. CONFIGURATION
----------------

+-------------+------+-------+------------+-----------+-------+
|  Site Type  | Used | Fixed | Prohibited | Available | Util% |
+-------------+------+-------+------------+-----------+-------+
| BSCANE2     |    1 |     0 |          0 |         4 | 25.00 |
| DNA_PORTE2  |    0 |     0 |          0 |         1 |  0.00 |
| EFUSE_USR   |    0 |     0 |          0 |         1 |  0.00 |
| FRAME_ECCE4 |    0 |     0 |          0 |         1 |  0.00 |
| ICAPE3      |    0 |     0 |          0 |         2 |  0.00 |
| MASTER_JTAG |    0 |     0 |          0 |         1 |  0.00 |
| STARTUPE3   |    0 |     0 |          0 |         1 |  0.00 |
+-------------+------+-------+------------+-----------+-------+


9. Primitives
-------------

+------------+------+---------------------+
|  Ref Name  | Used | Functional Category |
+------------+------+---------------------+
| FDRE       | 5303 |            Register |
| LUT6       | 2602 |                 CLB |
| LUT3       |  681 |                 CLB |
| LUT4       |  609 |                 CLB |
| LUT5       |  571 |                 CLB |
| LUT2       |  534 |                 CLB |
| SRL16E     |  326 |                 CLB |
| RAMB36E2   |  306 |            BLOCKRAM |
| SRLC32E    |  280 |                 CLB |
| FDCE       |  196 |            Register |
| CARRY8     |  134 |                 CLB |
| LUT1       |  107 |                 CLB |
| MUXF7      |  101 |                 CLB |
| OBUF       |   83 |                 I/O |
| FDSE       |   44 |            Register |
| FDPE       |   41 |            Register |
| RAMD32     |   36 |                 CLB |
| INBUF      |   35 |                 I/O |
| IBUFCTRL   |   35 |              Others |
| MUXF8      |   32 |                 CLB |
| DSP48E2    |   12 |          Arithmetic |
| SRLC16E    |    6 |                 CLB |
| RAMS32     |    4 |                 CLB |
| BUFGCE     |    3 |               Clock |
| RAMB18E2   |    1 |            BLOCKRAM |
| MMCME4_ADV |    1 |               Clock |
| BSCANE2    |    1 |       Configuration |
+------------+------+---------------------+


10. Black Boxes
---------------

+----------+------+
| Ref Name | Used |
+----------+------+


11. Instantiated Netlists
-------------------------

+-----------------------------+------+
|           Ref Name          | Used |
+-----------------------------+------+
| u_ila_2                     |    1 |
| u_ila_1                     |    1 |
| u_ila_0                     |    1 |
| design_1_proc_sys_reset_0_0 |    1 |
| design_1_conv_ref_0_0       |    1 |
| design_1_clk_wiz_0_0        |    1 |
| dbg_hub                     |    1 |
+-----------------------------+------+


