

================================================================
== Vitis HLS Report for 'word_width_manual_Pipeline_WRITE'
================================================================
* Date:           Sun Jun  9 03:14:23 2024

* Version:        2021.2 (Build 3367213 on Tue Oct 19 02:48:09 MDT 2021)
* Project:        m3
* Solution:       solution1 (Vitis Kernel Flow Target)
* Product family: zynquplus
* Target device:  xczu7ev-ffvc1156-2-e


================================================================
== Performance Estimates
================================================================
+ Timing: 
    * Summary: 
    +--------+----------+----------+------------+
    |  Clock |  Target  | Estimated| Uncertainty|
    +--------+----------+----------+------------+
    |ap_clk  |  10.00 ns|  5.401 ns|     2.70 ns|
    +--------+----------+----------+------------+

+ Latency: 
    * Summary: 
    +---------+---------+----------+----------+--------+--------+---------+
    |  Latency (cycles) |  Latency (absolute) |     Interval    | Pipeline|
    |   min   |   max   |    min   |    max   |   min  |   max  |   Type  |
    +---------+---------+----------+----------+--------+--------+---------+
    |   409602|   409602|  4.096 ms|  4.096 ms|  409602|  409602|       no|
    +---------+---------+----------+----------+--------+--------+---------+

    + Detail: 
        * Instance: 
        N/A

        * Loop: 
        +----------+---------+---------+----------+-----------+-----------+--------+----------+
        |          |  Latency (cycles) | Iteration|  Initiation Interval  |  Trip  |          |
        | Loop Name|   min   |   max   |  Latency |  achieved |   target  |  Count | Pipelined|
        +----------+---------+---------+----------+-----------+-----------+--------+----------+
        |- WRITE   |   409600|   409600|         2|          1|          1|  409600|       yes|
        +----------+---------+---------+----------+-----------+-----------+--------+----------+

============================================================
+ Verbose Summary: Synthesis Manager
============================================================
InlineROM: 1
ExposeGlobal: 0
============================================================
+ Verbose Summary: CDFG Model
============================================================
IsTopModel: 0
ResetActiveHigh: 1
IsCombinational: 0
IsDatapathOnly: 0
HasWiredReturn: 1
HasMFsm: 2
HasVarLatency: 1
IsPipeline: 0
IsRtlPipelined: 0
IsInstanceOverlapped: 0
IsDontTouch: 0
HasImplIP: 0
IsGatedGlobalClock: 0

+ Individual pipeline summary: 
  * Pipeline-0: initiation interval (II) = 1, depth = 2


============================================================
+ Verbose Summary: Schedule
============================================================
* Number of FSM states : 2
* Pipeline : 1
  Pipeline-0 : II = 1, D = 2, States = { 1 2 }
* Dataflow Pipeline: 0

* FSM state transitions: 
1 --> 2 
2 --> 

* FSM state operations: 

State 1 <SV = 0> <Delay = 1.50>
ST_1 : Operation 5 [1/1] (0.00ns)   --->   "%t_V = alloca i32 1"   --->   Operation 5 'alloca' 't_V' <Predicate = true> <Delay = 0.00>
ST_1 : Operation 6 [1/1] (0.00ns)   --->   "%i_V_1 = alloca i32 1"   --->   Operation 6 'alloca' 'i_V_1' <Predicate = true> <Delay = 0.00>
ST_1 : Operation 7 [1/1] (0.00ns)   --->   "%p_Val2_s = alloca i32 1"   --->   Operation 7 'alloca' 'p_Val2_s' <Predicate = true> <Delay = 0.00>
ST_1 : Operation 8 [1/1] (0.00ns)   --->   "%x_read3_V_new_0 = alloca i32 1"   --->   Operation 8 'alloca' 'x_read3_V_new_0' <Predicate = true> <Delay = 0.00>
ST_1 : Operation 9 [1/1] (0.00ns)   --->   "%specmemcore_ln0 = specmemcore void @_ssdm_op_SpecMemCore, i24 %x_x_V, i64 666, i64 18, i64 18446744073709551615"   --->   Operation 9 'specmemcore' 'specmemcore_ln0' <Predicate = true> <Delay = 0.00>
ST_1 : Operation 10 [1/1] (0.00ns)   --->   "%specinterface_ln0 = specinterface void @_ssdm_op_SpecInterface, i8 %y, void @empty, i32 0, i32 0, void @empty_0, i32 4294967295, i32 0, void @empty_0, void @empty_0, void @empty_0, i32 0, i32 0, i32 0, i32 0, void @empty_0, void @empty_0"   --->   Operation 10 'specinterface' 'specinterface_ln0' <Predicate = true> <Delay = 0.00>
ST_1 : Operation 11 [1/1] (0.00ns)   --->   "%x_sel_rd_V_load_read = read i2 @_ssdm_op_Read.ap_auto.i2, i2 %x_sel_rd_V_load"   --->   Operation 11 'read' 'x_sel_rd_V_load_read' <Predicate = true> <Delay = 0.00>
ST_1 : Operation 12 [1/1] (0.00ns)   --->   "%x_read = read i24 @_ssdm_op_Read.ap_auto.i24, i24 %x_read3_V_load"   --->   Operation 12 'read' 'x_read' <Predicate = true> <Delay = 0.00>
ST_1 : Operation 13 [1/1] (0.42ns)   --->   "%store_ln0 = store i24 %x_read, i24 %p_Val2_s"   --->   Operation 13 'store' 'store_ln0' <Predicate = true> <Delay = 0.42>
ST_1 : Operation 14 [1/1] (0.42ns)   --->   "%store_ln0 = store i19 0, i19 %i_V_1"   --->   Operation 14 'store' 'store_ln0' <Predicate = true> <Delay = 0.42>
ST_1 : Operation 15 [1/1] (0.42ns)   --->   "%store_ln0 = store i2 %x_sel_rd_V_load_read, i2 %t_V"   --->   Operation 15 'store' 'store_ln0' <Predicate = true> <Delay = 0.42>
ST_1 : Operation 16 [1/1] (0.42ns)   --->   "%br_ln0 = br void"   --->   Operation 16 'br' 'br_ln0' <Predicate = true> <Delay = 0.42>
ST_1 : Operation 17 [1/1] (0.00ns)   --->   "%x_read3_V_flag_0 = phi i1 0, void %newFuncRoot, i1 %or_ln1064_2, void %.split5_ifconv"   --->   Operation 17 'phi' 'x_read3_V_flag_0' <Predicate = true> <Delay = 0.00>
ST_1 : Operation 18 [1/1] (0.00ns)   --->   "%i_V = load i19 %i_V_1" [../src/word_width_manual.cpp:27]   --->   Operation 18 'load' 'i_V' <Predicate = true> <Delay = 0.00>
ST_1 : Operation 19 [1/1] (1.08ns)   --->   "%icmp_ln25 = icmp_eq  i19 %i_V, i19 409600" [../src/word_width_manual.cpp:25]   --->   Operation 19 'icmp' 'icmp_ln25' <Predicate = true> <Delay = 1.08> <CoreInst = "Cmp">   --->   Core 9 'Cmp' <Latency = 0> <II = 1> <Delay = 0.44> <FuncUnit> <Opcode : 'icmp'> <InPorts = 2> <OutPorts = 1>
ST_1 : Operation 20 [1/1] (0.00ns)   --->   "%empty = speclooptripcount i32 @_ssdm_op_SpecLoopTripCount, i64 409600, i64 409600, i64 409600"   --->   Operation 20 'speclooptripcount' 'empty' <Predicate = true> <Delay = 0.00>
ST_1 : Operation 21 [1/1] (0.88ns)   --->   "%i = add i19 %i_V, i19 1" [../src/word_width_manual.cpp:27]   --->   Operation 21 'add' 'i' <Predicate = true> <Delay = 0.88> <CoreInst = "Adder">   --->   Core 1 'Adder' <Latency = 0> <II = 1> <Delay = 0.54> <FuncUnit> <Opcode : 'add' 'sub'> <InPorts = 2> <OutPorts = 1>
ST_1 : Operation 22 [1/1] (0.00ns)   --->   "%br_ln25 = br i1 %icmp_ln25, void %.split5_ifconv, void %.loopexit.loopexit96.exitStub" [../src/word_width_manual.cpp:25]   --->   Operation 22 'br' 'br_ln25' <Predicate = true> <Delay = 0.00>
ST_1 : Operation 23 [1/1] (0.00ns)   --->   "%zext_ln25 = zext i19 %i_V" [../src/word_width_manual.cpp:25]   --->   Operation 23 'zext' 'zext_ln25' <Predicate = (!icmp_ln25)> <Delay = 0.00>
ST_1 : Operation 24 [1/1] (0.00ns)   --->   "%x_x_V_addr = getelementptr i24 %x_x_V, i64 0, i64 %zext_ln25" [../src/ww_read_mem.hpp:15]   --->   Operation 24 'getelementptr' 'x_x_V_addr' <Predicate = (!icmp_ln25)> <Delay = 0.00>
ST_1 : Operation 25 [2/2] (1.23ns)   --->   "%x_x_V_load = load i19 %x_x_V_addr" [../src/ww_read_mem.hpp:15]   --->   Operation 25 'load' 'x_x_V_load' <Predicate = (!icmp_ln25)> <Delay = 1.23> <CoreInst = "RAM_1P_BRAM">   --->   Core 90 'RAM_1P_BRAM' <Latency = 1> <II = 1> <Delay = 1.23> <Storage> <Opcode : 'load' 'store'> <Ports = 1> <Width = 24> <Depth = 409600> <RAM>
ST_1 : Operation 26 [1/1] (0.42ns)   --->   "%store_ln27 = store i19 %i, i19 %i_V_1" [../src/word_width_manual.cpp:27]   --->   Operation 26 'store' 'store_ln27' <Predicate = (!icmp_ln25)> <Delay = 0.42>
ST_1 : Operation 64 [1/1] (0.00ns)   --->   "%t_V_load_1 = load i2 %t_V"   --->   Operation 64 'load' 't_V_load_1' <Predicate = (icmp_ln25)> <Delay = 0.00>
ST_1 : Operation 65 [1/1] (0.00ns)   --->   "%x_read3_V_new_0_load = load i24 %x_read3_V_new_0"   --->   Operation 65 'load' 'x_read3_V_new_0_load' <Predicate = (icmp_ln25)> <Delay = 0.00>
ST_1 : Operation 66 [1/1] (0.00ns)   --->   "%write_ln1064 = write void @_ssdm_op_Write.ap_auto.i1P0A, i1 %x_read3_V_flag_0_out, i1 %x_read3_V_flag_0"   --->   Operation 66 'write' 'write_ln1064' <Predicate = (icmp_ln25)> <Delay = 0.00>
ST_1 : Operation 67 [1/1] (0.00ns)   --->   "%write_ln0 = write void @_ssdm_op_Write.ap_auto.i24P0A, i24 %x_read3_V_new_0_out, i24 %x_read3_V_new_0_load"   --->   Operation 67 'write' 'write_ln0' <Predicate = (icmp_ln25)> <Delay = 0.00>
ST_1 : Operation 68 [1/1] (0.00ns)   --->   "%write_ln0 = write void @_ssdm_op_Write.ap_auto.i2P0A, i2 %t_V_out, i2 %t_V_load_1"   --->   Operation 68 'write' 'write_ln0' <Predicate = (icmp_ln25)> <Delay = 0.00>
ST_1 : Operation 69 [1/1] (0.00ns)   --->   "%ret_ln0 = ret"   --->   Operation 69 'ret' 'ret_ln0' <Predicate = (icmp_ln25)> <Delay = 0.00>

State 2 <SV = 1> <Delay = 5.40>
ST_2 : Operation 27 [1/1] (0.00ns)   --->   "%t_V_load = load i2 %t_V"   --->   Operation 27 'load' 't_V_load' <Predicate = (!icmp_ln25)> <Delay = 0.00>
ST_2 : Operation 28 [1/1] (0.00ns)   --->   "%p_Val2_load = load i24 %p_Val2_s"   --->   Operation 28 'load' 'p_Val2_load' <Predicate = (!icmp_ln25)> <Delay = 0.00>
ST_2 : Operation 29 [1/1] (0.00ns)   --->   "%x_read3_V_new_0_load_1 = load i24 %x_read3_V_new_0"   --->   Operation 29 'load' 'x_read3_V_new_0_load_1' <Predicate = (!icmp_ln25)> <Delay = 0.00>
ST_2 : Operation 30 [1/1] (0.00ns)   --->   "%specpipeline_ln321 = specpipeline void @_ssdm_op_SpecPipeline, i32 1, i32 0, i32 0, i32 0, void @empty_0"   --->   Operation 30 'specpipeline' 'specpipeline_ln321' <Predicate = (!icmp_ln25)> <Delay = 0.00>
ST_2 : Operation 31 [1/1] (0.00ns)   --->   "%specloopname_ln321 = specloopname void @_ssdm_op_SpecLoopName, void @empty_8"   --->   Operation 31 'specloopname' 'specloopname_ln321' <Predicate = (!icmp_ln25)> <Delay = 0.00>
ST_2 : Operation 32 [1/1] (0.54ns)   --->   "%add_ln885 = add i2 %t_V_load, i2 1"   --->   Operation 32 'add' 'add_ln885' <Predicate = (!icmp_ln25)> <Delay = 0.54> <CoreInst = "Adder">   --->   Core 1 'Adder' <Latency = 0> <II = 1> <Delay = 0.54> <FuncUnit> <Opcode : 'add' 'sub'> <InPorts = 2> <OutPorts = 1>
ST_2 : Operation 33 [1/1] (0.44ns)   --->   "%icmp_ln1064 = icmp_eq  i2 %t_V_load, i2 0"   --->   Operation 33 'icmp' 'icmp_ln1064' <Predicate = (!icmp_ln25)> <Delay = 0.44> <CoreInst = "Cmp">   --->   Core 9 'Cmp' <Latency = 0> <II = 1> <Delay = 0.44> <FuncUnit> <Opcode : 'icmp'> <InPorts = 2> <OutPorts = 1>
ST_2 : Operation 34 [1/2] (1.23ns)   --->   "%x_x_V_load = load i19 %x_x_V_addr" [../src/ww_read_mem.hpp:15]   --->   Operation 34 'load' 'x_x_V_load' <Predicate = (!icmp_ln25)> <Delay = 1.23> <CoreInst = "RAM_1P_BRAM">   --->   Core 90 'RAM_1P_BRAM' <Latency = 1> <II = 1> <Delay = 1.23> <Storage> <Opcode : 'load' 'store'> <Ports = 1> <Width = 24> <Depth = 409600> <RAM>
ST_2 : Operation 35 [1/1] (0.32ns)   --->   "%p_Val2_1 = select i1 %icmp_ln1064, i24 %x_x_V_load, i24 %p_Val2_load"   --->   Operation 35 'select' 'p_Val2_1' <Predicate = (!icmp_ln25)> <Delay = 0.32> <CoreInst = "Sel">   --->   Core 73 'Sel' <Latency = 0> <II = 1> <Delay = 0.17> <FuncUnit> <Opcode : 'select'> <InPorts = 3> <OutPorts = 1>
ST_2 : Operation 36 [1/1] (0.44ns)   --->   "%icmp_ln1064_1 = icmp_eq  i2 %add_ln885, i2 3"   --->   Operation 36 'icmp' 'icmp_ln1064_1' <Predicate = (!icmp_ln25)> <Delay = 0.44> <CoreInst = "Cmp">   --->   Core 9 'Cmp' <Latency = 0> <II = 1> <Delay = 0.44> <FuncUnit> <Opcode : 'icmp'> <InPorts = 2> <OutPorts = 1>
ST_2 : Operation 37 [1/1] (0.17ns)   --->   "%t_V_1 = select i1 %icmp_ln1064_1, i2 0, i2 %add_ln885" [../src/ww_read_mem.hpp:17]   --->   Operation 37 'select' 't_V_1' <Predicate = (!icmp_ln25)> <Delay = 0.17> <CoreInst = "Sel">   --->   Core 73 'Sel' <Latency = 0> <II = 1> <Delay = 0.17> <FuncUnit> <Opcode : 'select'> <InPorts = 3> <OutPorts = 1>
ST_2 : Operation 38 [1/1] (0.00ns)   --->   "%tmp_V = trunc i24 %p_Val2_1"   --->   Operation 38 'trunc' 'tmp_V' <Predicate = (!icmp_ln25)> <Delay = 0.00>
ST_2 : Operation 39 [1/1] (0.54ns)   --->   "%add_ln885_1 = add i2 %t_V_1, i2 1"   --->   Operation 39 'add' 'add_ln885_1' <Predicate = (!icmp_ln25)> <Delay = 0.54> <CoreInst = "Adder">   --->   Core 1 'Adder' <Latency = 0> <II = 1> <Delay = 0.54> <FuncUnit> <Opcode : 'add' 'sub'> <InPorts = 2> <OutPorts = 1>
ST_2 : Operation 40 [1/1] (0.44ns)   --->   "%icmp_ln1064_2 = icmp_eq  i2 %t_V_1, i2 0"   --->   Operation 40 'icmp' 'icmp_ln1064_2' <Predicate = (!icmp_ln25)> <Delay = 0.44> <CoreInst = "Cmp">   --->   Core 9 'Cmp' <Latency = 0> <II = 1> <Delay = 0.44> <FuncUnit> <Opcode : 'icmp'> <InPorts = 2> <OutPorts = 1>
ST_2 : Operation 41 [1/1] (0.32ns)   --->   "%p_Val2_2 = select i1 %icmp_ln1064_2, i24 %x_x_V_load, i24 %p_Val2_1"   --->   Operation 41 'select' 'p_Val2_2' <Predicate = (!icmp_ln25)> <Delay = 0.32> <CoreInst = "Sel">   --->   Core 73 'Sel' <Latency = 0> <II = 1> <Delay = 0.17> <FuncUnit> <Opcode : 'select'> <InPorts = 3> <OutPorts = 1>
ST_2 : Operation 42 [1/1] (0.44ns)   --->   "%icmp_ln1064_3 = icmp_eq  i2 %add_ln885_1, i2 3"   --->   Operation 42 'icmp' 'icmp_ln1064_3' <Predicate = (!icmp_ln25)> <Delay = 0.44> <CoreInst = "Cmp">   --->   Core 9 'Cmp' <Latency = 0> <II = 1> <Delay = 0.44> <FuncUnit> <Opcode : 'icmp'> <InPorts = 2> <OutPorts = 1>
ST_2 : Operation 43 [1/1] (0.17ns)   --->   "%t_V_2 = select i1 %icmp_ln1064_3, i2 0, i2 %add_ln885_1" [../src/ww_read_mem.hpp:17]   --->   Operation 43 'select' 't_V_2' <Predicate = (!icmp_ln25)> <Delay = 0.17> <CoreInst = "Sel">   --->   Core 73 'Sel' <Latency = 0> <II = 1> <Delay = 0.17> <FuncUnit> <Opcode : 'select'> <InPorts = 3> <OutPorts = 1>
ST_2 : Operation 44 [1/1] (0.00ns)   --->   "%tmp_V_1 = partselect i8 @_ssdm_op_PartSelect.i8.i24.i32.i32, i24 %p_Val2_2, i32 8, i32 15"   --->   Operation 44 'partselect' 'tmp_V_1' <Predicate = (!icmp_ln25)> <Delay = 0.00>
ST_2 : Operation 45 [1/1] (0.54ns)   --->   "%add_ln885_2 = add i2 %t_V_2, i2 1"   --->   Operation 45 'add' 'add_ln885_2' <Predicate = (!icmp_ln25)> <Delay = 0.54> <CoreInst = "Adder">   --->   Core 1 'Adder' <Latency = 0> <II = 1> <Delay = 0.54> <FuncUnit> <Opcode : 'add' 'sub'> <InPorts = 2> <OutPorts = 1>
ST_2 : Operation 46 [1/1] (0.44ns)   --->   "%icmp_ln1064_4 = icmp_eq  i2 %t_V_2, i2 0"   --->   Operation 46 'icmp' 'icmp_ln1064_4' <Predicate = (!icmp_ln25)> <Delay = 0.44> <CoreInst = "Cmp">   --->   Core 9 'Cmp' <Latency = 0> <II = 1> <Delay = 0.44> <FuncUnit> <Opcode : 'icmp'> <InPorts = 2> <OutPorts = 1>
ST_2 : Operation 47 [1/1] (0.28ns)   --->   "%or_ln1064 = or i1 %icmp_ln1064_2, i1 %icmp_ln1064_4"   --->   Operation 47 'or' 'or_ln1064' <Predicate = (!icmp_ln25)> <Delay = 0.28> <CoreInst = "LogicGate">   --->   Core 74 'LogicGate' <Latency = 0> <II = 1> <Delay = 0.28> <FuncUnit> <Opcode : 'and' 'or' 'xor'> <InPorts = 2> <OutPorts = 1>
ST_2 : Operation 48 [1/1] (0.00ns) (grouped into LUT with out node or_ln1064_2)   --->   "%or_ln1064_1 = or i1 %or_ln1064, i1 %icmp_ln1064"   --->   Operation 48 'or' 'or_ln1064_1' <Predicate = (!icmp_ln25)> <Delay = 0.00> <CoreInst = "LogicGate">   --->   Core 74 'LogicGate' <Latency = 0> <II = 1> <Delay = 0.28> <FuncUnit> <Opcode : 'and' 'or' 'xor'> <InPorts = 2> <OutPorts = 1>
ST_2 : Operation 49 [1/1] (0.28ns) (out node of the LUT)   --->   "%or_ln1064_2 = or i1 %x_read3_V_flag_0, i1 %or_ln1064_1"   --->   Operation 49 'or' 'or_ln1064_2' <Predicate = (!icmp_ln25)> <Delay = 0.28> <CoreInst = "LogicGate">   --->   Core 74 'LogicGate' <Latency = 0> <II = 1> <Delay = 0.28> <FuncUnit> <Opcode : 'and' 'or' 'xor'> <InPorts = 2> <OutPorts = 1>
ST_2 : Operation 50 [1/1] (0.00ns) (grouped into LUT with out node select_ln1064_1)   --->   "%select_ln1064 = select i1 %icmp_ln1064, i24 %x_x_V_load, i24 %x_read3_V_new_0_load_1"   --->   Operation 50 'select' 'select_ln1064' <Predicate = (!icmp_ln25)> <Delay = 0.00> <CoreInst = "Sel">   --->   Core 73 'Sel' <Latency = 0> <II = 1> <Delay = 0.17> <FuncUnit> <Opcode : 'select'> <InPorts = 3> <OutPorts = 1>
ST_2 : Operation 51 [1/1] (0.32ns) (out node of the LUT)   --->   "%select_ln1064_1 = select i1 %or_ln1064, i24 %x_x_V_load, i24 %select_ln1064"   --->   Operation 51 'select' 'select_ln1064_1' <Predicate = (!icmp_ln25)> <Delay = 0.32> <CoreInst = "Sel">   --->   Core 73 'Sel' <Latency = 0> <II = 1> <Delay = 0.17> <FuncUnit> <Opcode : 'select'> <InPorts = 3> <OutPorts = 1>
ST_2 : Operation 52 [1/1] (0.32ns)   --->   "%p_Val2_3 = select i1 %icmp_ln1064_4, i24 %x_x_V_load, i24 %p_Val2_2"   --->   Operation 52 'select' 'p_Val2_3' <Predicate = (!icmp_ln25)> <Delay = 0.32> <CoreInst = "Sel">   --->   Core 73 'Sel' <Latency = 0> <II = 1> <Delay = 0.17> <FuncUnit> <Opcode : 'select'> <InPorts = 3> <OutPorts = 1>
ST_2 : Operation 53 [1/1] (0.44ns)   --->   "%icmp_ln1064_5 = icmp_eq  i2 %add_ln885_2, i2 3"   --->   Operation 53 'icmp' 'icmp_ln1064_5' <Predicate = (!icmp_ln25)> <Delay = 0.44> <CoreInst = "Cmp">   --->   Core 9 'Cmp' <Latency = 0> <II = 1> <Delay = 0.44> <FuncUnit> <Opcode : 'icmp'> <InPorts = 2> <OutPorts = 1>
ST_2 : Operation 54 [1/1] (0.17ns)   --->   "%select_ln17 = select i1 %icmp_ln1064_5, i2 0, i2 %add_ln885_2" [../src/ww_read_mem.hpp:17]   --->   Operation 54 'select' 'select_ln17' <Predicate = (!icmp_ln25)> <Delay = 0.17> <CoreInst = "Sel">   --->   Core 73 'Sel' <Latency = 0> <II = 1> <Delay = 0.17> <FuncUnit> <Opcode : 'select'> <InPorts = 3> <OutPorts = 1>
ST_2 : Operation 55 [1/1] (0.00ns)   --->   "%tmp_V_2 = partselect i8 @_ssdm_op_PartSelect.i8.i24.i32.i32, i24 %p_Val2_3, i32 16, i32 23"   --->   Operation 55 'partselect' 'tmp_V_2' <Predicate = (!icmp_ln25)> <Delay = 0.00>
ST_2 : Operation 56 [1/1] (0.00ns) (grouped into TernaryAdder)   --->   "%add_ln70 = add i8 %tmp_V, i8 %tmp_V_2"   --->   Operation 56 'add' 'add_ln70' <Predicate = (!icmp_ln25)> <Delay = 0.00> <CoreInst = "TAddSub">   --->   Core 10 'TAddSub' <Latency = 0> <II = 1> <Delay = 0.52> <IPBlock> <Opcode : 'add' 'sub'> <InPorts = 3> <OutPorts = 1> <Sync> <CReg>
ST_2 : Operation 57 [1/1] (1.05ns) (root node of TernaryAdder)   --->   "%add_ln70_1 = add i8 %add_ln70, i8 %tmp_V_1"   --->   Operation 57 'add' 'add_ln70_1' <Predicate = (!icmp_ln25)> <Delay = 1.05> <CoreInst = "TAddSub">   --->   Core 10 'TAddSub' <Latency = 0> <II = 1> <Delay = 0.52> <IPBlock> <Opcode : 'add' 'sub'> <InPorts = 3> <OutPorts = 1> <Sync> <CReg>
ST_2 : Operation 58 [1/1] (0.00ns)   --->   "%y_addr = getelementptr i8 %y, i64 0, i64 %zext_ln25" [../src/word_width_manual.cpp:27]   --->   Operation 58 'getelementptr' 'y_addr' <Predicate = (!icmp_ln25)> <Delay = 0.00>
ST_2 : Operation 59 [1/1] (1.23ns)   --->   "%store_ln27 = store i8 %add_ln70_1, i19 %y_addr" [../src/word_width_manual.cpp:27]   --->   Operation 59 'store' 'store_ln27' <Predicate = (!icmp_ln25)> <Delay = 1.23> <CoreInst = "RAM">   --->   Core 83 'RAM' <Latency = 1> <II = 1> <Delay = 1.23> <Storage> <Opcode : 'load' 'store'> <Ports = 2> <Width = 8> <Depth = 409600> <RAM>
ST_2 : Operation 60 [1/1] (0.00ns)   --->   "%store_ln1064 = store i24 %select_ln1064_1, i24 %x_read3_V_new_0"   --->   Operation 60 'store' 'store_ln1064' <Predicate = (!icmp_ln25)> <Delay = 0.00>
ST_2 : Operation 61 [1/1] (0.42ns)   --->   "%store_ln1064 = store i24 %p_Val2_3, i24 %p_Val2_s"   --->   Operation 61 'store' 'store_ln1064' <Predicate = (!icmp_ln25)> <Delay = 0.42>
ST_2 : Operation 62 [1/1] (0.42ns)   --->   "%store_ln17 = store i2 %select_ln17, i2 %t_V" [../src/ww_read_mem.hpp:17]   --->   Operation 62 'store' 'store_ln17' <Predicate = (!icmp_ln25)> <Delay = 0.42>
ST_2 : Operation 63 [1/1] (0.00ns)   --->   "%br_ln0 = br void"   --->   Operation 63 'br' 'br_ln0' <Predicate = (!icmp_ln25)> <Delay = 0.00>


============================================================
+ Verbose Summary: Timing violations
============================================================
Target clock period: 10ns, clock uncertainty: 2.7ns.

 <State 1>: 1.51ns
The critical path consists of the following:
	'alloca' operation ('val') [9]  (0 ns)
	'load' operation ('val', ../src/word_width_manual.cpp:27) on local variable 'val' [22]  (0 ns)
	'add' operation ('i', ../src/word_width_manual.cpp:27) [25]  (0.884 ns)
	'store' operation ('store_ln27', ../src/word_width_manual.cpp:27) of variable 'i', ../src/word_width_manual.cpp:27 on local variable 'val' [65]  (0.427 ns)
	blocking operation 0.198 ns on control path)

 <State 2>: 5.4ns
The critical path consists of the following:
	'load' operation ('t_V_load') on local variable 't.V' [28]  (0 ns)
	'add' operation ('add_ln885') [34]  (0.548 ns)
	'icmp' operation ('icmp_ln1064_1') [39]  (0.446 ns)
	'select' operation ('t.V', ../src/ww_read_mem.hpp:17) [40]  (0.179 ns)
	'add' operation ('add_ln885_1') [42]  (0.548 ns)
	'icmp' operation ('icmp_ln1064_3') [45]  (0.446 ns)
	'select' operation ('t.V', ../src/ww_read_mem.hpp:17) [46]  (0.179 ns)
	'icmp' operation ('icmp_ln1064_4') [49]  (0.446 ns)
	'select' operation ('__Val2__') [55]  (0.321 ns)
	'add' operation ('add_ln70') [59]  (0 ns)
	'add' operation ('add_ln70_1') [60]  (1.05 ns)
	'store' operation ('store_ln27', ../src/word_width_manual.cpp:27) of variable 'add_ln70_1' on array 'y' [62]  (1.24 ns)


============================================================
+ Verbose Summary: Binding
============================================================
N/A
* FSMD analyzer results:
  - Output states:
 - Input state : 
  - Chain level:
	State 1
	State 2


============================================================
+ Verbose Summary: Datapath Resource usage 
============================================================
N/A
