

================================================================
== Vitis HLS Report for 'BRAM_filter_Pipeline_VITIS_LOOP_27_2'
================================================================
* Date:           Sun Jun  9 02:29:50 2024

* Version:        2021.2 (Build 3367213 on Tue Oct 19 02:48:09 MDT 2021)
* Project:        zz
* Solution:       solution1 (Vivado IP Flow Target)
* Product family: zynquplus
* Target device:  xczu7ev-ffvc1156-2-e


================================================================
== Performance Estimates
================================================================
+ Timing: 
    * Summary: 
    +--------+----------+----------+------------+
    |  Clock |  Target  | Estimated| Uncertainty|
    +--------+----------+----------+------------+
    |ap_clk  |  10.00 ns|  2.474 ns|     2.70 ns|
    +--------+----------+----------+------------+

+ Latency: 
    * Summary: 
    +---------+---------+----------+----------+-----+-----+---------+
    |  Latency (cycles) |  Latency (absolute) |  Interval | Pipeline|
    |   min   |   max   |    min   |    max   | min | max |   Type  |
    +---------+---------+----------+----------+-----+-----+---------+
    |      398|      398|  3.980 us|  3.980 us|  398|  398|       no|
    +---------+---------+----------+----------+-----+-----+---------+

    + Detail: 
        * Instance: 
        N/A

        * Loop: 
        +-------------------+---------+---------+----------+-----------+-----------+------+----------+
        |                   |  Latency (cycles) | Iteration|  Initiation Interval  | Trip |          |
        |     Loop Name     |   min   |   max   |  Latency |  achieved |   target  | Count| Pipelined|
        +-------------------+---------+---------+----------+-----------+-----------+------+----------+
        |- VITIS_LOOP_27_2  |      396|      396|         2|          1|          1|   396|       yes|
        +-------------------+---------+---------+----------+-----------+-----------+------+----------+

============================================================
+ Verbose Summary: Synthesis Manager
============================================================
InlineROM: 1
ExposeGlobal: 0
============================================================
+ Verbose Summary: CDFG Model
============================================================
IsTopModel: 0
ResetActiveHigh: 1
IsCombinational: 0
IsDatapathOnly: 0
HasWiredReturn: 1
HasMFsm: 2
HasVarLatency: 1
IsPipeline: 0
IsRtlPipelined: 0
IsInstanceOverlapped: 0
IsDontTouch: 0
HasImplIP: 0
IsGatedGlobalClock: 0

+ Individual pipeline summary: 
  * Pipeline-0: initiation interval (II) = 1, depth = 2


============================================================
+ Verbose Summary: Schedule
============================================================
* Number of FSM states : 2
* Pipeline : 1
  Pipeline-0 : II = 1, D = 2, States = { 1 2 }
* Dataflow Pipeline: 0

* FSM state transitions: 
1 --> 2 
2 --> 

* FSM state operations: 

State 1 <SV = 0> <Delay = 1.30>
ST_1 : Operation 5 [1/1] (0.00ns)   --->   "%i_V = alloca i32 1"   --->   Operation 5 'alloca' 'i_V' <Predicate = true> <Delay = 0.00>
ST_1 : Operation 6 [1/1] (0.00ns)   --->   "%specmemcore_ln0 = specmemcore void @_ssdm_op_SpecMemCore, i8 %outt_V, i64 666, i64 18, i64 18446744073709551615"   --->   Operation 6 'specmemcore' 'specmemcore_ln0' <Predicate = true> <Delay = 0.00>
ST_1 : Operation 7 [1/1] (0.00ns)   --->   "%specmemcore_ln0 = specmemcore void @_ssdm_op_SpecMemCore, i8 %x_mems_V, i64 666, i64 18, i64 18446744073709551615"   --->   Operation 7 'specmemcore' 'specmemcore_ln0' <Predicate = true> <Delay = 0.00>
ST_1 : Operation 8 [1/1] (0.42ns)   --->   "%store_ln0 = store i9 0, i9 %i_V"   --->   Operation 8 'store' 'store_ln0' <Predicate = true> <Delay = 0.42>
ST_1 : Operation 9 [1/1] (0.00ns)   --->   "%br_ln0 = br void %.preheader1"   --->   Operation 9 'br' 'br_ln0' <Predicate = true> <Delay = 0.00>
ST_1 : Operation 10 [1/1] (0.00ns)   --->   "%i_V_1 = load i9 %i_V" [../src/BRAM_flt.cpp:29]   --->   Operation 10 'load' 'i_V_1' <Predicate = true> <Delay = 0.00>
ST_1 : Operation 11 [1/1] (0.00ns)   --->   "%specpipeline_ln0 = specpipeline void @_ssdm_op_SpecPipeline, i32 4294967295, i32 0, i32 1, i32 0, void @p_str"   --->   Operation 11 'specpipeline' 'specpipeline_ln0' <Predicate = true> <Delay = 0.00>
ST_1 : Operation 12 [1/1] (0.88ns)   --->   "%icmp_ln27 = icmp_eq  i9 %i_V_1, i9 396" [../src/BRAM_flt.cpp:27]   --->   Operation 12 'icmp' 'icmp_ln27' <Predicate = true> <Delay = 0.88> <CoreInst = "Cmp">   --->   Core 9 'Cmp' <Latency = 0> <II = 1> <Delay = 0.88> <FuncUnit> <Opcode : 'icmp'> <InPorts = 2> <OutPorts = 1>
ST_1 : Operation 13 [1/1] (0.00ns)   --->   "%empty = speclooptripcount i32 @_ssdm_op_SpecLoopTripCount, i64 396, i64 396, i64 396"   --->   Operation 13 'speclooptripcount' 'empty' <Predicate = true> <Delay = 0.00>
ST_1 : Operation 14 [1/1] (0.77ns)   --->   "%i = add i9 %i_V_1, i9 1" [../src/BRAM_flt.cpp:29]   --->   Operation 14 'add' 'i' <Predicate = true> <Delay = 0.77> <CoreInst = "Adder">   --->   Core 1 'Adder' <Latency = 0> <II = 1> <Delay = 0.77> <FuncUnit> <Opcode : 'add' 'sub'> <InPorts = 2> <OutPorts = 1>
ST_1 : Operation 15 [1/1] (0.00ns)   --->   "%br_ln27 = br i1 %icmp_ln27, void %.split9, void %.preheader.preheader.preheader.exitStub" [../src/BRAM_flt.cpp:27]   --->   Operation 15 'br' 'br_ln27' <Predicate = true> <Delay = 0.00>
ST_1 : Operation 16 [1/1] (0.00ns)   --->   "%idx_1_cast = zext i9 %i_V_1" [../src/BRAM_flt.cpp:29]   --->   Operation 16 'zext' 'idx_1_cast' <Predicate = (!icmp_ln27)> <Delay = 0.00>
ST_1 : Operation 17 [1/1] (0.00ns)   --->   "%x_mems_V_addr = getelementptr i8 %x_mems_V, i64 0, i64 %idx_1_cast" [../src/./BRAM_flt.hpp:30]   --->   Operation 17 'getelementptr' 'x_mems_V_addr' <Predicate = (!icmp_ln27)> <Delay = 0.00>
ST_1 : Operation 18 [2/2] (1.23ns)   --->   "%x_mems_V_load = load i9 %x_mems_V_addr" [../src/./BRAM_flt.hpp:30]   --->   Operation 18 'load' 'x_mems_V_load' <Predicate = (!icmp_ln27)> <Delay = 1.23> <CoreInst = "RAM_1P_BRAM">   --->   Core 90 'RAM_1P_BRAM' <Latency = 1> <II = 1> <Delay = 1.23> <Storage> <Opcode : 'load' 'store'> <Ports = 1> <Width = 8> <Depth = 396> <RAM>
ST_1 : Operation 19 [1/1] (0.42ns)   --->   "%store_ln29 = store i9 %i, i9 %i_V" [../src/BRAM_flt.cpp:29]   --->   Operation 19 'store' 'store_ln29' <Predicate = (!icmp_ln27)> <Delay = 0.42>
ST_1 : Operation 25 [1/1] (0.00ns)   --->   "%ret_ln0 = ret"   --->   Operation 25 'ret' 'ret_ln0' <Predicate = (icmp_ln27)> <Delay = 0.00>

State 2 <SV = 1> <Delay = 2.47>
ST_2 : Operation 20 [1/1] (0.00ns)   --->   "%specloopname_ln321 = specloopname void @_ssdm_op_SpecLoopName, void @empty_5"   --->   Operation 20 'specloopname' 'specloopname_ln321' <Predicate = true> <Delay = 0.00>
ST_2 : Operation 21 [1/2] (1.23ns)   --->   "%x_mems_V_load = load i9 %x_mems_V_addr" [../src/./BRAM_flt.hpp:30]   --->   Operation 21 'load' 'x_mems_V_load' <Predicate = true> <Delay = 1.23> <CoreInst = "RAM_1P_BRAM">   --->   Core 90 'RAM_1P_BRAM' <Latency = 1> <II = 1> <Delay = 1.23> <Storage> <Opcode : 'load' 'store'> <Ports = 1> <Width = 8> <Depth = 396> <RAM>
ST_2 : Operation 22 [1/1] (0.00ns)   --->   "%outt_V_addr = getelementptr i8 %outt_V, i64 0, i64 %idx_1_cast" [../src/BRAM_flt.cpp:29]   --->   Operation 22 'getelementptr' 'outt_V_addr' <Predicate = true> <Delay = 0.00>
ST_2 : Operation 23 [1/1] (1.23ns)   --->   "%store_ln29 = store i8 %x_mems_V_load, i9 %outt_V_addr" [../src/BRAM_flt.cpp:29]   --->   Operation 23 'store' 'store_ln29' <Predicate = true> <Delay = 1.23> <CoreInst = "RAM_1P_BRAM">   --->   Core 90 'RAM_1P_BRAM' <Latency = 1> <II = 1> <Delay = 1.23> <Storage> <Opcode : 'load' 'store'> <Ports = 1> <Width = 8> <Depth = 396> <RAM>
ST_2 : Operation 24 [1/1] (0.00ns)   --->   "%br_ln0 = br void %.preheader1"   --->   Operation 24 'br' 'br_ln0' <Predicate = true> <Delay = 0.00>


============================================================
+ Verbose Summary: Binding
============================================================
STG Binding: 
---------------- STG Properties BEGIN ----------------
- Is combinational: 0
- Is one-state seq: 0
- Is datapath-only: 0
- Is pipelined: 0
- Is top level: 0
Port [ Return ] is wired: 1; IO mode=ap_ctrl_hs:ce=0
Port [ outt_V]:  wired=1; compound=1; hidden=0; nouse=0; global=0; static=0; extern=0; dir=1; type=1; pingpong=0; private_global=0; MemPort=[0]; IO mode=ap_memory:ce=0
Port [ x_mems_V]:  wired=1; compound=1; hidden=0; nouse=0; global=1; static=1; extern=0; dir=0; type=1; pingpong=0; private_global=0; MemPort=[1]; IO mode=ap_memory:ce=0
---------------- STG Properties END ------------------

---------------- Datapath Model BEGIN ----------------

<LifeTime>
<method=bitvector/>
i_V                (alloca           ) [ 010]
specmemcore_ln0    (specmemcore      ) [ 000]
specmemcore_ln0    (specmemcore      ) [ 000]
store_ln0          (store            ) [ 000]
br_ln0             (br               ) [ 000]
i_V_1              (load             ) [ 000]
specpipeline_ln0   (specpipeline     ) [ 000]
icmp_ln27          (icmp             ) [ 010]
empty              (speclooptripcount) [ 000]
i                  (add              ) [ 000]
br_ln27            (br               ) [ 000]
idx_1_cast         (zext             ) [ 011]
x_mems_V_addr      (getelementptr    ) [ 011]
store_ln29         (store            ) [ 000]
specloopname_ln321 (specloopname     ) [ 000]
x_mems_V_load      (load             ) [ 000]
outt_V_addr        (getelementptr    ) [ 000]
store_ln29         (store            ) [ 000]
br_ln0             (br               ) [ 000]
ret_ln0            (ret              ) [ 000]
</LifeTime>

<model>

<comp_list>
<comp id="0" class="1000" name="outt_V">
<pin_list>
<pin id="1" dir="1" index="0" bw="1" slack="0"/>
</pin_list>
<bind>
<StgValue><ssdm name="outt_V"/><MemPortTyVec>0 </MemPortTyVec>
</StgValue>
</bind>
</comp>

<comp id="2" class="1000" name="x_mems_V">
<pin_list>
<pin id="3" dir="1" index="0" bw="1" slack="0"/>
</pin_list>
<bind>
<StgValue><ssdm name="x_mems_V"/><MemPortTyVec>1 </MemPortTyVec>
</StgValue>
</bind>
</comp>

<comp id="4" class="1001" name="const_4">
<pin_list>
<pin id="5" dir="1" index="0" bw="1" slack="0"/>
</pin_list>
<bind>
<StgValue><ssdm name=""/></StgValue>
</bind>
</comp>

<comp id="6" class="1001" name="const_6">
<pin_list>
<pin id="7" dir="1" index="0" bw="1" slack="2147483647"/>
</pin_list>
<bind>
<StgValue><ssdm name="_ssdm_op_SpecMemCore"/></StgValue>
</bind>
</comp>

<comp id="8" class="1001" name="const_8">
<pin_list>
<pin id="9" dir="1" index="0" bw="1" slack="2147483647"/>
</pin_list>
<bind>
<StgValue><ssdm name=""/></StgValue>
</bind>
</comp>

<comp id="10" class="1001" name="const_10">
<pin_list>
<pin id="11" dir="1" index="0" bw="1" slack="2147483647"/>
</pin_list>
<bind>
<StgValue><ssdm name=""/></StgValue>
</bind>
</comp>

<comp id="12" class="1001" name="const_12">
<pin_list>
<pin id="13" dir="1" index="0" bw="1" slack="2147483647"/>
</pin_list>
<bind>
<StgValue><ssdm name=""/></StgValue>
</bind>
</comp>

<comp id="14" class="1001" name="const_14">
<pin_list>
<pin id="15" dir="1" index="0" bw="1" slack="0"/>
</pin_list>
<bind>
<StgValue><ssdm name=""/></StgValue>
</bind>
</comp>

<comp id="16" class="1001" name="const_16">
<pin_list>
<pin id="17" dir="1" index="0" bw="1" slack="2147483647"/>
</pin_list>
<bind>
<StgValue><ssdm name="_ssdm_op_SpecPipeline"/></StgValue>
</bind>
</comp>

<comp id="18" class="1001" name="const_18">
<pin_list>
<pin id="19" dir="1" index="0" bw="1" slack="2147483647"/>
</pin_list>
<bind>
<StgValue><ssdm name=""/></StgValue>
</bind>
</comp>

<comp id="20" class="1001" name="const_20">
<pin_list>
<pin id="21" dir="1" index="0" bw="1" slack="2147483647"/>
</pin_list>
<bind>
<StgValue><ssdm name=""/></StgValue>
</bind>
</comp>

<comp id="22" class="1001" name="const_22">
<pin_list>
<pin id="23" dir="1" index="0" bw="1" slack="2147483647"/>
</pin_list>
<bind>
<StgValue><ssdm name="p_str"/></StgValue>
</bind>
</comp>

<comp id="24" class="1001" name="const_24">
<pin_list>
<pin id="25" dir="1" index="0" bw="1" slack="0"/>
</pin_list>
<bind>
<StgValue><ssdm name=""/></StgValue>
</bind>
</comp>

<comp id="26" class="1001" name="const_26">
<pin_list>
<pin id="27" dir="1" index="0" bw="1" slack="2147483647"/>
</pin_list>
<bind>
<StgValue><ssdm name="_ssdm_op_SpecLoopTripCount"/></StgValue>
</bind>
</comp>

<comp id="28" class="1001" name="const_28">
<pin_list>
<pin id="29" dir="1" index="0" bw="1" slack="2147483647"/>
</pin_list>
<bind>
<StgValue><ssdm name=""/></StgValue>
</bind>
</comp>

<comp id="30" class="1001" name="const_30">
<pin_list>
<pin id="31" dir="1" index="0" bw="1" slack="0"/>
</pin_list>
<bind>
<StgValue><ssdm name=""/></StgValue>
</bind>
</comp>

<comp id="32" class="1001" name="const_32">
<pin_list>
<pin id="33" dir="1" index="0" bw="1" slack="0"/>
</pin_list>
<bind>
<StgValue><ssdm name=""/></StgValue>
</bind>
</comp>

<comp id="34" class="1001" name="const_34">
<pin_list>
<pin id="35" dir="1" index="0" bw="1" slack="2147483647"/>
</pin_list>
<bind>
<StgValue><ssdm name="_ssdm_op_SpecLoopName"/></StgValue>
</bind>
</comp>

<comp id="36" class="1001" name="const_36">
<pin_list>
<pin id="37" dir="1" index="0" bw="1" slack="2147483647"/>
</pin_list>
<bind>
<StgValue><ssdm name="empty_5"/></StgValue>
</bind>
</comp>

<comp id="38" class="1004" name="i_V_fu_38">
<pin_list>
<pin id="39" dir="0" index="0" bw="1" slack="0"/>
<pin id="40" dir="1" index="1" bw="9" slack="0"/>
</pin_list>
<bind>
<opcode="alloca(26) " fcode="alloca"/>
<opset="i_V/1 "/>
</bind>
</comp>

<comp id="42" class="1004" name="x_mems_V_addr_gep_fu_42">
<pin_list>
<pin id="43" dir="0" index="0" bw="8" slack="0"/>
<pin id="44" dir="0" index="1" bw="1" slack="0"/>
<pin id="45" dir="0" index="2" bw="9" slack="0"/>
<pin id="46" dir="1" index="3" bw="9" slack="0"/>
</pin_list>
<bind>
<opcode="getelementptr(29) " fcode="getelementptr"/>
<opset="x_mems_V_addr/1 "/>
</bind>
</comp>

<comp id="49" class="1004" name="grp_access_fu_49">
<pin_list>
<pin id="50" dir="0" index="0" bw="9" slack="0"/>
<pin id="51" dir="0" index="1" bw="8" slack="2147483647"/>
<pin id="52" dir="0" index="2" bw="0" slack="2147483647"/>
<pin id="53" dir="1" index="3" bw="8" slack="0"/>
</pin_list>
<bind>
<opcode="load(27) " fcode="load"/>
<opset="x_mems_V_load/1 "/>
</bind>
</comp>

<comp id="55" class="1004" name="outt_V_addr_gep_fu_55">
<pin_list>
<pin id="56" dir="0" index="0" bw="8" slack="0"/>
<pin id="57" dir="0" index="1" bw="1" slack="0"/>
<pin id="58" dir="0" index="2" bw="9" slack="1"/>
<pin id="59" dir="1" index="3" bw="9" slack="0"/>
</pin_list>
<bind>
<opcode="getelementptr(29) " fcode="getelementptr"/>
<opset="outt_V_addr/2 "/>
</bind>
</comp>

<comp id="62" class="1004" name="store_ln29_access_fu_62">
<pin_list>
<pin id="63" dir="0" index="0" bw="9" slack="0"/>
<pin id="64" dir="0" index="1" bw="8" slack="0"/>
<pin id="65" dir="0" index="2" bw="0" slack="2147483647"/>
<pin id="66" dir="1" index="3" bw="8" slack="2147483647"/>
</pin_list>
<bind>
<opcode="store(28) " fcode="store"/>
<opset="store_ln29/2 "/>
</bind>
</comp>

<comp id="69" class="1004" name="store_ln0_store_fu_69">
<pin_list>
<pin id="70" dir="0" index="0" bw="1" slack="0"/>
<pin id="71" dir="0" index="1" bw="9" slack="0"/>
<pin id="72" dir="1" index="2" bw="0" slack="2147483647"/>
</pin_list>
<bind>
<opcode="store(28) " fcode="store"/>
<opset="store_ln0/1 "/>
</bind>
</comp>

<comp id="74" class="1004" name="i_V_1_load_fu_74">
<pin_list>
<pin id="75" dir="0" index="0" bw="9" slack="0"/>
<pin id="76" dir="1" index="1" bw="9" slack="0"/>
</pin_list>
<bind>
<opcode="load(27) " fcode="load"/>
<opset="i_V_1/1 "/>
</bind>
</comp>

<comp id="77" class="1004" name="icmp_ln27_fu_77">
<pin_list>
<pin id="78" dir="0" index="0" bw="9" slack="0"/>
<pin id="79" dir="0" index="1" bw="8" slack="0"/>
<pin id="80" dir="1" index="2" bw="1" slack="2147483647"/>
</pin_list>
<bind>
<opcode="icmp(45) " fcode="icmp"/>
<opset="icmp_ln27/1 "/>
</bind>
</comp>

<comp id="83" class="1004" name="i_fu_83">
<pin_list>
<pin id="84" dir="0" index="0" bw="9" slack="0"/>
<pin id="85" dir="0" index="1" bw="1" slack="0"/>
<pin id="86" dir="1" index="2" bw="9" slack="0"/>
</pin_list>
<bind>
<opcode="add(8) " fcode="add"/>
<opset="i/1 "/>
</bind>
</comp>

<comp id="89" class="1004" name="idx_1_cast_fu_89">
<pin_list>
<pin id="90" dir="0" index="0" bw="9" slack="0"/>
<pin id="91" dir="1" index="1" bw="64" slack="0"/>
</pin_list>
<bind>
<opcode="zext(34) " fcode="zext"/>
<opset="idx_1_cast/1 "/>
</bind>
</comp>

<comp id="94" class="1004" name="store_ln29_store_fu_94">
<pin_list>
<pin id="95" dir="0" index="0" bw="9" slack="0"/>
<pin id="96" dir="0" index="1" bw="9" slack="0"/>
<pin id="97" dir="1" index="2" bw="0" slack="2147483647"/>
</pin_list>
<bind>
<opcode="store(28) " fcode="store"/>
<opset="store_ln29/1 "/>
</bind>
</comp>

<comp id="99" class="1005" name="i_V_reg_99">
<pin_list>
<pin id="100" dir="0" index="0" bw="9" slack="0"/>
<pin id="101" dir="1" index="1" bw="9" slack="0"/>
</pin_list>
<bind>
<opset="i_V "/>
</bind>
</comp>

<comp id="109" class="1005" name="idx_1_cast_reg_109">
<pin_list>
<pin id="110" dir="0" index="0" bw="64" slack="1"/>
<pin id="111" dir="1" index="1" bw="64" slack="1"/>
</pin_list>
<bind>
<opset="idx_1_cast "/>
</bind>
</comp>

<comp id="114" class="1005" name="x_mems_V_addr_reg_114">
<pin_list>
<pin id="115" dir="0" index="0" bw="9" slack="1"/>
<pin id="116" dir="1" index="1" bw="9" slack="1"/>
</pin_list>
<bind>
<opset="x_mems_V_addr "/>
</bind>
</comp>

</comp_list>

<net_list>
<net id="41"><net_src comp="4" pin="0"/><net_sink comp="38" pin=0"/></net>

<net id="47"><net_src comp="2" pin="0"/><net_sink comp="42" pin=0"/></net>

<net id="48"><net_src comp="32" pin="0"/><net_sink comp="42" pin=1"/></net>

<net id="54"><net_src comp="42" pin="3"/><net_sink comp="49" pin=0"/></net>

<net id="60"><net_src comp="0" pin="0"/><net_sink comp="55" pin=0"/></net>

<net id="61"><net_src comp="32" pin="0"/><net_sink comp="55" pin=1"/></net>

<net id="67"><net_src comp="49" pin="3"/><net_sink comp="62" pin=1"/></net>

<net id="68"><net_src comp="55" pin="3"/><net_sink comp="62" pin=0"/></net>

<net id="73"><net_src comp="14" pin="0"/><net_sink comp="69" pin=0"/></net>

<net id="81"><net_src comp="74" pin="1"/><net_sink comp="77" pin=0"/></net>

<net id="82"><net_src comp="24" pin="0"/><net_sink comp="77" pin=1"/></net>

<net id="87"><net_src comp="74" pin="1"/><net_sink comp="83" pin=0"/></net>

<net id="88"><net_src comp="30" pin="0"/><net_sink comp="83" pin=1"/></net>

<net id="92"><net_src comp="74" pin="1"/><net_sink comp="89" pin=0"/></net>

<net id="93"><net_src comp="89" pin="1"/><net_sink comp="42" pin=2"/></net>

<net id="98"><net_src comp="83" pin="2"/><net_sink comp="94" pin=0"/></net>

<net id="102"><net_src comp="38" pin="1"/><net_sink comp="99" pin=0"/></net>

<net id="103"><net_src comp="99" pin="1"/><net_sink comp="69" pin=1"/></net>

<net id="104"><net_src comp="99" pin="1"/><net_sink comp="74" pin=0"/></net>

<net id="105"><net_src comp="99" pin="1"/><net_sink comp="94" pin=1"/></net>

<net id="112"><net_src comp="89" pin="1"/><net_sink comp="109" pin=0"/></net>

<net id="113"><net_src comp="109" pin="1"/><net_sink comp="55" pin=2"/></net>

<net id="117"><net_src comp="42" pin="3"/><net_sink comp="114" pin=0"/></net>

<net id="118"><net_src comp="114" pin="1"/><net_sink comp="49" pin=0"/></net>

</net_list>

</model> 
---------------- Datapath Model END ------------------

* FSMD analyzer results:
  - Output states:
	Port: outt_V | {2 }
 - Input state : 
	Port: BRAM_filter_Pipeline_VITIS_LOOP_27_2 : x_mems_V | {1 2 }
  - Chain level:
	State 1
		store_ln0 : 1
		i_V_1 : 1
		icmp_ln27 : 2
		i : 2
		br_ln27 : 3
		idx_1_cast : 2
		x_mems_V_addr : 3
		x_mems_V_load : 4
		store_ln29 : 3
	State 2
		store_ln29 : 1


============================================================
+ Verbose Summary: Datapath Resource usage 
============================================================

* Functional unit list:
|----------|------------------|---------|---------|
| Operation|  Functional Unit |    FF   |   LUT   |
|----------|------------------|---------|---------|
|    add   |      i_fu_83     |    0    |    16   |
|----------|------------------|---------|---------|
|   icmp   |  icmp_ln27_fu_77 |    0    |    11   |
|----------|------------------|---------|---------|
|   zext   | idx_1_cast_fu_89 |    0    |    0    |
|----------|------------------|---------|---------|
|   Total  |                  |    0    |    27   |
|----------|------------------|---------|---------|

Memories:
N/A

* Register list:
+---------------------+--------+
|                     |   FF   |
+---------------------+--------+
|      i_V_reg_99     |    9   |
|  idx_1_cast_reg_109 |   64   |
|x_mems_V_addr_reg_114|    9   |
+---------------------+--------+
|        Total        |   82   |
+---------------------+--------+

* Multiplexer (MUX) list: 
|------------------|------|------|------|--------||---------||---------|
|       Comp       |  Pin | Size |  BW  | S x BW ||  Delay  ||   LUT   |
|------------------|------|------|------|--------||---------||---------|
| grp_access_fu_49 |  p0  |   2  |   9  |   18   ||    9    |
|------------------|------|------|------|--------||---------||---------|
|       Total      |      |      |      |   18   ||  0.427  ||    9    |
|------------------|------|------|------|--------||---------||---------|



* Summary:
+-----------+--------+--------+--------+
|           |  Delay |   FF   |   LUT  |
+-----------+--------+--------+--------+
|  Function |    -   |    0   |   27   |
|   Memory  |    -   |    -   |    -   |
|Multiplexer|    0   |    -   |    9   |
|  Register |    -   |   82   |    -   |
+-----------+--------+--------+--------+
|   Total   |    0   |   82   |   36   |
+-----------+--------+--------+--------+
