#-----------------------------------------------------------
# Vivado v2021.2 (64-bit)
# SW Build 3367213 on Tue Oct 19 02:48:09 MDT 2021
# IP Build 3369179 on Thu Oct 21 08:25:16 MDT 2021
# Start of session at: Thu Jun  6 17:45:36 2024
# Process ID: 16964
# Current directory: D:/gam3a/zzzzzzzzzz/1-Circular_Shift_Register/m1/m1/solution1/impl/ip
# Command line: vivado.exe -notrace -mode batch -source run_ippack.tcl
# Log file: D:/gam3a/zzzzzzzzzz/1-Circular_Shift_Register/m1/m1/solution1/impl/ip/vivado.log
# Journal file: D:/gam3a/zzzzzzzzzz/1-Circular_Shift_Register/m1/m1/solution1/impl/ip\vivado.jou
# Running On: Hisham-Dell, OS: Windows, CPU Frequency: 3194 MHz, CPU Physical cores: 16, Host memory: 16483 MB
#-----------------------------------------------------------
source run_ippack.tcl -notrace
ERROR: '2406061745' is an invalid argument. Please specify an integer value.
    while executing
"rdi::set_property core_revision 2406061745 {component component_1}"
    invoked from within
"set_property core_revision $Revision $core"
    (file "run_ippack.tcl" line 1086)
INFO: [Common 17-206] Exiting Vivado at Thu Jun  6 17:45:47 2024...
