

================================================================
== Vitis HLS Report for 'circular_shift_reg'
================================================================
* Date:           Wed Jun  5 23:09:13 2024

* Version:        2021.2 (Build 3367213 on Tue Oct 19 02:48:09 MDT 2021)
* Project:        m1
* Solution:       solution1 (Vitis Kernel Flow Target)
* Product family: zynquplus
* Target device:  xczu7ev-ffvc1156-2-e


================================================================
== Performance Estimates
================================================================
+ Timing: 
    * Summary: 
    +--------+----------+----------+------------+
    |  Clock |  Target  | Estimated| Uncertainty|
    +--------+----------+----------+------------+
    |ap_clk  |  10.00 ns|  7.300 ns|     2.70 ns|
    +--------+----------+----------+------------+

+ Latency: 
    * Summary: 
    +---------+---------+----------+----------+-----+-----+---------+
    |  Latency (cycles) |  Latency (absolute) |  Interval | Pipeline|
    |   min   |   max   |    min   |    max   | min | max |   Type  |
    +---------+---------+----------+----------+-----+-----+---------+
    |       83|       83|  0.830 us|  0.830 us|   84|   84|       no|
    +---------+---------+----------+----------+-----+-----+---------+

    + Detail: 
        * Instance: 
        +----------------------------------------------+-----------------------------------+---------+---------+----------+----------+-----+-----+---------+
        |                                              |                                   |  Latency (cycles) |  Latency (absolute) |  Interval | Pipeline|
        |                   Instance                   |               Module              |   min   |   max   |    min   |    max   | min | max |   Type  |
        +----------------------------------------------+-----------------------------------+---------+---------+----------+----------+-----+-----+---------+
        |grp_circular_shift_reg_Pipeline_WRITE_fu_110  |circular_shift_reg_Pipeline_WRITE  |       12|       12|  0.120 us|  0.120 us|   12|   12|       no|
        +----------------------------------------------+-----------------------------------+---------+---------+----------+----------+-----+-----+---------+

        * Loop: 
        N/A



================================================================
== Utilization Estimates
================================================================
* Summary: 
+-----------------+---------+------+--------+--------+-----+
|       Name      | BRAM_18K|  DSP |   FF   |   LUT  | URAM|
+-----------------+---------+------+--------+--------+-----+
|DSP              |        -|     -|       -|       -|    -|
|Expression       |        -|     -|       0|      40|    -|
|FIFO             |        -|     -|       -|       -|    -|
|Instance         |        2|     -|     692|     984|    0|
|Memory           |        1|     -|       0|       0|    -|
|Multiplexer      |        -|     -|       -|     578|    -|
|Register         |        -|     -|      87|       -|    -|
+-----------------+---------+------+--------+--------+-----+
|Total            |        3|     0|     779|    1602|    0|
+-----------------+---------+------+--------+--------+-----+
|Available        |      624|  1728|  460800|  230400|   96|
+-----------------+---------+------+--------+--------+-----+
|Utilization (%)  |       ~0|     0|      ~0|      ~0|    0|
+-----------------+---------+------+--------+--------+-----+

+ Detail: 
    * Instance: 
    +----------------------------------------------+-----------------------------------+---------+----+-----+-----+-----+
    |                   Instance                   |               Module              | BRAM_18K| DSP|  FF | LUT | URAM|
    +----------------------------------------------+-----------------------------------+---------+----+-----+-----+-----+
    |grp_circular_shift_reg_Pipeline_WRITE_fu_110  |circular_shift_reg_Pipeline_WRITE  |        0|   0|   17|   98|    0|
    |control_s_axi_U                               |control_s_axi                      |        0|   0|  127|  186|    0|
    |gmem_m_axi_U                                  |gmem_m_axi                         |        2|   0|  548|  700|    0|
    +----------------------------------------------+-----------------------------------+---------+----+-----+-----+-----+
    |Total                                         |                                   |        2|   0|  692|  984|    0|
    +----------------------------------------------+-----------------------------------+---------+----+-----+-----+-----+

    * DSP: 
    N/A

    * Memory: 
    +--------------+------------------------------+---------+---+----+-----+------+-----+------+-------------+
    |    Memory    |            Module            | BRAM_18K| FF| LUT| URAM| Words| Bits| Banks| W*Bits*Banks|
    +--------------+------------------------------+---------+---+----+-----+------+-----+------+-------------+
    |regs_mem_V_U  |regs_mem_V_RAM_T2P_BRAM_1R1W  |        1|  0|   0|    0|     9|    8|     1|           72|
    +--------------+------------------------------+---------+---+----+-----+------+-----+------+-------------+
    |Total         |                              |        1|  0|   0|    0|     9|    8|     1|           72|
    +--------------+------------------------------+---------+---+----+-----+------+-----+------+-------------+

    * FIFO: 
    N/A

    * Expression: 
    +-----------------------+----------+----+---+----+------------+------------+
    |     Variable Name     | Operation| DSP| FF| LUT| Bitwidth P0| Bitwidth P1|
    +-----------------------+----------+----+---+----+------------+------------+
    |add_ln70_fu_160_p2     |         +|   0|  0|  12|           5|           2|
    |add_ln885_fu_135_p2    |         +|   0|  0|  12|           5|           1|
    |icmp_ln1064_fu_140_p2  |      icmp|   0|  0|   9|           5|           4|
    |ap_block_state1        |        or|   0|  0|   2|           1|           1|
    |select_ln38_fu_146_p3  |    select|   0|  0|   5|           1|           1|
    +-----------------------+----------+----+---+----+------------+------------+
    |Total                  |          |   0|  0|  40|          17|           9|
    +-----------------------+----------+----+---+----+------------+------------+

    * Multiplexer: 
    +---------------------+-----+-----------+-----+-----------+
    |         Name        | LUT | Input Size| Bits| Total Bits|
    +---------------------+-----+-----------+-----+-----------+
    |ap_NS_fsm            |  377|         73|    1|         73|
    |ap_done              |    9|          2|    1|          2|
    |gmem_AWADDR          |   14|          3|   64|        192|
    |gmem_AWBURST         |    9|          2|    2|          4|
    |gmem_AWCACHE         |    9|          2|    4|          8|
    |gmem_AWID            |    9|          2|    1|          2|
    |gmem_AWLEN           |   14|          3|   32|         96|
    |gmem_AWLOCK          |    9|          2|    2|          4|
    |gmem_AWPROT          |    9|          2|    3|          6|
    |gmem_AWQOS           |    9|          2|    4|          8|
    |gmem_AWREGION        |    9|          2|    4|          8|
    |gmem_AWSIZE          |    9|          2|    3|          6|
    |gmem_AWUSER          |    9|          2|    1|          2|
    |gmem_AWVALID         |   14|          3|    1|          3|
    |gmem_BREADY          |   14|          3|    1|          3|
    |gmem_WVALID          |    9|          2|    1|          2|
    |gmem_blk_n_AW        |    9|          2|    1|          2|
    |gmem_blk_n_B         |    9|          2|    1|          2|
    |regs_mem_V_address0  |   14|          3|    4|         12|
    |regs_mem_V_ce0       |   14|          3|    1|          3|
    +---------------------+-----+-----------+-----+-----------+
    |Total                |  578|        117|  132|        438|
    +---------------------+-----+-----------+-----+-----------+

    * Register: 
    +-----------------------------------------------------------+----+----+-----+-----------+
    |                            Name                           | FF | LUT| Bits| Const Bits|
    +-----------------------------------------------------------+----+----+-----+-----------+
    |add_ln70_reg_181                                           |   5|   0|    5|          0|
    |ap_CS_fsm                                                  |  72|   0|   72|          0|
    |ap_done_reg                                                |   1|   0|    1|          0|
    |ap_rst_n_inv                                               |   1|   0|    1|          0|
    |ap_rst_reg_1                                               |   1|   0|    1|          0|
    |ap_rst_reg_2                                               |   1|   0|    1|          0|
    |grp_circular_shift_reg_Pipeline_WRITE_fu_110_ap_start_reg  |   1|   0|    1|          0|
    |regs_wptr_V                                                |   5|   0|    5|          0|
    +-----------------------------------------------------------+----+----+-----+-----------+
    |Total                                                      |  87|   0|   87|          0|
    +-----------------------------------------------------------+----+----+-----+-----------+



================================================================
== Interface
================================================================
* Summary: 
+-----------------------+-----+-----+---------------+--------------------+--------------+
|       RTL Ports       | Dir | Bits|    Protocol   |    Source Object   |    C Type    |
+-----------------------+-----+-----+---------------+--------------------+--------------+
|s_axi_control_AWVALID  |   in|    1|          s_axi|             control|        scalar|
|s_axi_control_AWREADY  |  out|    1|          s_axi|             control|        scalar|
|s_axi_control_AWADDR   |   in|    6|          s_axi|             control|        scalar|
|s_axi_control_WVALID   |   in|    1|          s_axi|             control|        scalar|
|s_axi_control_WREADY   |  out|    1|          s_axi|             control|        scalar|
|s_axi_control_WDATA    |   in|   32|          s_axi|             control|        scalar|
|s_axi_control_WSTRB    |   in|    4|          s_axi|             control|        scalar|
|s_axi_control_ARVALID  |   in|    1|          s_axi|             control|        scalar|
|s_axi_control_ARREADY  |  out|    1|          s_axi|             control|        scalar|
|s_axi_control_ARADDR   |   in|    6|          s_axi|             control|        scalar|
|s_axi_control_RVALID   |  out|    1|          s_axi|             control|        scalar|
|s_axi_control_RREADY   |   in|    1|          s_axi|             control|        scalar|
|s_axi_control_RDATA    |  out|   32|          s_axi|             control|        scalar|
|s_axi_control_RRESP    |  out|    2|          s_axi|             control|        scalar|
|s_axi_control_BVALID   |  out|    1|          s_axi|             control|        scalar|
|s_axi_control_BREADY   |   in|    1|          s_axi|             control|        scalar|
|s_axi_control_BRESP    |  out|    2|          s_axi|             control|        scalar|
|ap_local_block         |  out|    1|  ap_ctrl_chain|  circular_shift_reg|  return value|
|ap_clk                 |   in|    1|  ap_ctrl_chain|  circular_shift_reg|  return value|
|ap_rst_n               |   in|    1|  ap_ctrl_chain|  circular_shift_reg|  return value|
|interrupt              |  out|    1|  ap_ctrl_chain|  circular_shift_reg|  return value|
|m_axi_gmem_AWVALID     |  out|    1|          m_axi|                gmem|       pointer|
|m_axi_gmem_AWREADY     |   in|    1|          m_axi|                gmem|       pointer|
|m_axi_gmem_AWADDR      |  out|   64|          m_axi|                gmem|       pointer|
|m_axi_gmem_AWID        |  out|    1|          m_axi|                gmem|       pointer|
|m_axi_gmem_AWLEN       |  out|    8|          m_axi|                gmem|       pointer|
|m_axi_gmem_AWSIZE      |  out|    3|          m_axi|                gmem|       pointer|
|m_axi_gmem_AWBURST     |  out|    2|          m_axi|                gmem|       pointer|
|m_axi_gmem_AWLOCK      |  out|    2|          m_axi|                gmem|       pointer|
|m_axi_gmem_AWCACHE     |  out|    4|          m_axi|                gmem|       pointer|
|m_axi_gmem_AWPROT      |  out|    3|          m_axi|                gmem|       pointer|
|m_axi_gmem_AWQOS       |  out|    4|          m_axi|                gmem|       pointer|
|m_axi_gmem_AWREGION    |  out|    4|          m_axi|                gmem|       pointer|
|m_axi_gmem_AWUSER      |  out|    1|          m_axi|                gmem|       pointer|
|m_axi_gmem_WVALID      |  out|    1|          m_axi|                gmem|       pointer|
|m_axi_gmem_WREADY      |   in|    1|          m_axi|                gmem|       pointer|
|m_axi_gmem_WDATA       |  out|   32|          m_axi|                gmem|       pointer|
|m_axi_gmem_WSTRB       |  out|    4|          m_axi|                gmem|       pointer|
|m_axi_gmem_WLAST       |  out|    1|          m_axi|                gmem|       pointer|
|m_axi_gmem_WID         |  out|    1|          m_axi|                gmem|       pointer|
|m_axi_gmem_WUSER       |  out|    1|          m_axi|                gmem|       pointer|
|m_axi_gmem_ARVALID     |  out|    1|          m_axi|                gmem|       pointer|
|m_axi_gmem_ARREADY     |   in|    1|          m_axi|                gmem|       pointer|
|m_axi_gmem_ARADDR      |  out|   64|          m_axi|                gmem|       pointer|
|m_axi_gmem_ARID        |  out|    1|          m_axi|                gmem|       pointer|
|m_axi_gmem_ARLEN       |  out|    8|          m_axi|                gmem|       pointer|
|m_axi_gmem_ARSIZE      |  out|    3|          m_axi|                gmem|       pointer|
|m_axi_gmem_ARBURST     |  out|    2|          m_axi|                gmem|       pointer|
|m_axi_gmem_ARLOCK      |  out|    2|          m_axi|                gmem|       pointer|
|m_axi_gmem_ARCACHE     |  out|    4|          m_axi|                gmem|       pointer|
|m_axi_gmem_ARPROT      |  out|    3|          m_axi|                gmem|       pointer|
|m_axi_gmem_ARQOS       |  out|    4|          m_axi|                gmem|       pointer|
|m_axi_gmem_ARREGION    |  out|    4|          m_axi|                gmem|       pointer|
|m_axi_gmem_ARUSER      |  out|    1|          m_axi|                gmem|       pointer|
|m_axi_gmem_RVALID      |   in|    1|          m_axi|                gmem|       pointer|
|m_axi_gmem_RREADY      |  out|    1|          m_axi|                gmem|       pointer|
|m_axi_gmem_RDATA       |   in|   32|          m_axi|                gmem|       pointer|
|m_axi_gmem_RLAST       |   in|    1|          m_axi|                gmem|       pointer|
|m_axi_gmem_RID         |   in|    1|          m_axi|                gmem|       pointer|
|m_axi_gmem_RUSER       |   in|    1|          m_axi|                gmem|       pointer|
|m_axi_gmem_RRESP       |   in|    2|          m_axi|                gmem|       pointer|
|m_axi_gmem_BVALID      |   in|    1|          m_axi|                gmem|       pointer|
|m_axi_gmem_BREADY      |  out|    1|          m_axi|                gmem|       pointer|
|m_axi_gmem_BRESP       |   in|    2|          m_axi|                gmem|       pointer|
|m_axi_gmem_BID         |   in|    1|          m_axi|                gmem|       pointer|
|m_axi_gmem_BUSER       |   in|    1|          m_axi|                gmem|       pointer|
+-----------------------+-----+-----+---------------+--------------------+--------------+

============================================================
+ Verbose Summary: Synthesis Manager
============================================================
InlineROM: 1
ExposeGlobal: 0
============================================================
+ Verbose Summary: CDFG Model
============================================================
IsTopModel: 1
ResetActiveHigh: 1
IsCombinational: 2
IsDatapathOnly: 2
HasWiredReturn: 1
HasMFsm: 0
HasVarLatency: 1
IsPipeline: 0
IsRtlPipelined: 0
IsInstanceOverlapped: 0
IsDontTouch: 0
HasImplIP: 0
IsGatedGlobalClock: 0


============================================================
+ Verbose Summary: Schedule
============================================================
* Number of FSM states : 72
* Pipeline : 0
* Dataflow Pipeline: 0

* FSM state transitions: 
1 --> 2 
2 --> 3 
3 --> 4 
4 --> 5 
5 --> 6 
6 --> 7 
7 --> 8 
8 --> 9 
9 --> 10 
10 --> 11 
11 --> 12 
12 --> 13 
13 --> 14 
14 --> 15 
15 --> 16 
16 --> 17 
17 --> 18 
18 --> 19 
19 --> 20 
20 --> 21 
21 --> 22 
22 --> 23 
23 --> 24 
24 --> 25 
25 --> 26 
26 --> 27 
27 --> 28 
28 --> 29 
29 --> 30 
30 --> 31 
31 --> 32 
32 --> 33 
33 --> 34 
34 --> 35 
35 --> 36 
36 --> 37 
37 --> 38 
38 --> 39 
39 --> 40 
40 --> 41 
41 --> 42 
42 --> 43 
43 --> 44 
44 --> 45 
45 --> 46 
46 --> 47 
47 --> 48 
48 --> 49 
49 --> 50 
50 --> 51 
51 --> 52 
52 --> 53 
53 --> 54 
54 --> 55 
55 --> 56 
56 --> 57 
57 --> 58 
58 --> 59 
59 --> 60 
60 --> 61 
61 --> 62 
62 --> 63 
63 --> 64 
64 --> 65 
65 --> 66 
66 --> 67 
67 --> 68 
68 --> 69 
69 --> 70 
70 --> 71 
71 --> 72 
72 --> 

* FSM state operations: 

State 1 <SV = 0> <Delay = 1.00>
ST_1 : Operation 73 [1/1] (1.00ns)   --->   "%dout_read = read i64 @_ssdm_op_Read.ap_none.i64, i64 %dout" [../src/shift_reg.cpp:5]   --->   Operation 73 'read' 'dout_read' <Predicate = true> <Delay = 1.00> <CoreInst = "s_axilite">   --->   Core 122 's_axilite' <Latency = 0> <II = 1> <Delay = 1.00> <Adapter> <Opcode : 'read' 'write'>

State 2 <SV = 1> <Delay = 7.30>
ST_2 : Operation 74 [1/1] (1.00ns)   --->   "%din_read = read i8 @_ssdm_op_Read.ap_none.i8, i8 %din" [../src/shift_reg.cpp:5]   --->   Operation 74 'read' 'din_read' <Predicate = true> <Delay = 1.00> <CoreInst = "s_axilite">   --->   Core 122 's_axilite' <Latency = 0> <II = 1> <Delay = 1.00> <Adapter> <Opcode : 'read' 'write'>
ST_2 : Operation 75 [1/1] (0.00ns)   --->   "%regs_wptr_V_load = load i5 %regs_wptr_V"   --->   Operation 75 'load' 'regs_wptr_V_load' <Predicate = true> <Delay = 0.00>
ST_2 : Operation 76 [1/1] (0.00ns)   --->   "%zext_ln587 = zext i5 %regs_wptr_V_load"   --->   Operation 76 'zext' 'zext_ln587' <Predicate = true> <Delay = 0.00>
ST_2 : Operation 77 [1/1] (0.00ns)   --->   "%regs_mem_V_addr = getelementptr i8 %regs_mem_V, i64 0, i64 %zext_ln587" [../src/./circular_shift.h:36]   --->   Operation 77 'getelementptr' 'regs_mem_V_addr' <Predicate = true> <Delay = 0.00>
ST_2 : Operation 78 [1/1] (1.23ns)   --->   "%store_ln36 = store i8 %din_read, i4 %regs_mem_V_addr" [../src/./circular_shift.h:36]   --->   Operation 78 'store' 'store_ln36' <Predicate = true> <Delay = 1.23> <CoreInst = "RAM_T2P_BRAM">   --->   Core 99 'RAM_T2P_BRAM' <Latency = 1> <II = 1> <Delay = 1.23> <Storage> <Opcode : 'load' 'store'> <Ports = 2> <Width = 8> <Depth = 9> <RAM>
ST_2 : Operation 79 [1/1] (0.00ns)   --->   "%gmem_addr = getelementptr i8 %gmem, i64 %dout_read" [../src/shift_reg.cpp:13]   --->   Operation 79 'getelementptr' 'gmem_addr' <Predicate = true> <Delay = 0.00>
ST_2 : Operation 80 [1/1] (7.30ns)   --->   "%empty = writereq i1 @_ssdm_op_WriteReq.m_axi.p1i8, i64 %gmem_addr, i32 9" [../src/shift_reg.cpp:13]   --->   Operation 80 'writereq' 'empty' <Predicate = true> <Delay = 7.30> <CoreInst = "m_axi">   --->   Core 121 'm_axi' <Latency = 5> <II = 1> <Delay = 1.00> <Adapter> <Opcode : 'read' 'write' 'readreq' 'writereq' 'writeresp'>

State 3 <SV = 2> <Delay = 5.95>
ST_3 : Operation 81 [1/1] (0.78ns)   --->   "%add_ln885 = add i5 %regs_wptr_V_load, i5 1"   --->   Operation 81 'add' 'add_ln885' <Predicate = true> <Delay = 0.78> <CoreInst = "Adder">   --->   Core 1 'Adder' <Latency = 0> <II = 1> <Delay = 0.78> <FuncUnit> <Opcode : 'add' 'sub'> <InPorts = 2> <OutPorts = 1>
ST_3 : Operation 82 [1/1] (0.75ns)   --->   "%icmp_ln1064 = icmp_eq  i5 %add_ln885, i5 9"   --->   Operation 82 'icmp' 'icmp_ln1064' <Predicate = true> <Delay = 0.75> <CoreInst = "Cmp">   --->   Core 9 'Cmp' <Latency = 0> <II = 1> <Delay = 0.75> <FuncUnit> <Opcode : 'icmp'> <InPorts = 2> <OutPorts = 1>
ST_3 : Operation 83 [1/1] (0.41ns)   --->   "%select_ln38 = select i1 %icmp_ln1064, i5 0, i5 %add_ln885" [../src/./circular_shift.h:38]   --->   Operation 83 'select' 'select_ln38' <Predicate = true> <Delay = 0.41> <CoreInst = "Sel">   --->   Core 73 'Sel' <Latency = 0> <II = 1> <Delay = 0.41> <FuncUnit> <Opcode : 'select'> <InPorts = 3> <OutPorts = 1>
ST_3 : Operation 84 [1/1] (0.00ns)   --->   "%store_ln38 = store i5 %select_ln38, i5 %regs_wptr_V" [../src/./circular_shift.h:38]   --->   Operation 84 'store' 'store_ln38' <Predicate = true> <Delay = 0.00>
ST_3 : Operation 85 [1/1] (0.78ns)   --->   "%add_ln70 = add i5 %select_ln38, i5 31"   --->   Operation 85 'add' 'add_ln70' <Predicate = true> <Delay = 0.78> <CoreInst = "Adder">   --->   Core 1 'Adder' <Latency = 0> <II = 1> <Delay = 0.78> <FuncUnit> <Opcode : 'add' 'sub'> <InPorts = 2> <OutPorts = 1>
ST_3 : Operation 86 [2/2] (3.21ns)   --->   "%call_ln5 = call void @circular_shift_reg_Pipeline_WRITE, i8 %gmem, i64 %dout_read, i5 %add_ln70, i8 %regs_mem_V" [../src/shift_reg.cpp:5]   --->   Operation 86 'call' 'call_ln5' <Predicate = true> <Delay = 3.21> <CoreType = "Generic">   --->   Core 0 '' <Latency = 0> <II = 1> <Delay = 1.00> <Generic> <Opcode : >

State 4 <SV = 3> <Delay = 0.00>
ST_4 : Operation 87 [1/2] (0.00ns)   --->   "%call_ln5 = call void @circular_shift_reg_Pipeline_WRITE, i8 %gmem, i64 %dout_read, i5 %add_ln70, i8 %regs_mem_V" [../src/shift_reg.cpp:5]   --->   Operation 87 'call' 'call_ln5' <Predicate = true> <Delay = 0.00> <CoreType = "Generic">   --->   Core 0 '' <Latency = 0> <II = 1> <Delay = 1.00> <Generic> <Opcode : >

State 5 <SV = 4> <Delay = 7.30>
ST_5 : Operation 88 [68/68] (7.30ns)   --->   "%empty_15 = writeresp i1 @_ssdm_op_WriteResp.m_axi.p1i8, i64 %gmem_addr" [../src/shift_reg.cpp:18]   --->   Operation 88 'writeresp' 'empty_15' <Predicate = true> <Delay = 7.30> <CoreInst = "m_axi">   --->   Core 121 'm_axi' <Latency = 3> <II = 1> <Delay = 1.00> <Adapter> <Opcode : 'read' 'write' 'readreq' 'writereq' 'writeresp'>

State 6 <SV = 5> <Delay = 7.30>
ST_6 : Operation 89 [67/68] (7.30ns)   --->   "%empty_15 = writeresp i1 @_ssdm_op_WriteResp.m_axi.p1i8, i64 %gmem_addr" [../src/shift_reg.cpp:18]   --->   Operation 89 'writeresp' 'empty_15' <Predicate = true> <Delay = 7.30> <CoreInst = "m_axi">   --->   Core 121 'm_axi' <Latency = 3> <II = 1> <Delay = 1.00> <Adapter> <Opcode : 'read' 'write' 'readreq' 'writereq' 'writeresp'>

State 7 <SV = 6> <Delay = 7.30>
ST_7 : Operation 90 [66/68] (7.30ns)   --->   "%empty_15 = writeresp i1 @_ssdm_op_WriteResp.m_axi.p1i8, i64 %gmem_addr" [../src/shift_reg.cpp:18]   --->   Operation 90 'writeresp' 'empty_15' <Predicate = true> <Delay = 7.30> <CoreInst = "m_axi">   --->   Core 121 'm_axi' <Latency = 3> <II = 1> <Delay = 1.00> <Adapter> <Opcode : 'read' 'write' 'readreq' 'writereq' 'writeresp'>

State 8 <SV = 7> <Delay = 7.30>
ST_8 : Operation 91 [65/68] (7.30ns)   --->   "%empty_15 = writeresp i1 @_ssdm_op_WriteResp.m_axi.p1i8, i64 %gmem_addr" [../src/shift_reg.cpp:18]   --->   Operation 91 'writeresp' 'empty_15' <Predicate = true> <Delay = 7.30> <CoreInst = "m_axi">   --->   Core 121 'm_axi' <Latency = 3> <II = 1> <Delay = 1.00> <Adapter> <Opcode : 'read' 'write' 'readreq' 'writereq' 'writeresp'>

State 9 <SV = 8> <Delay = 7.30>
ST_9 : Operation 92 [64/68] (7.30ns)   --->   "%empty_15 = writeresp i1 @_ssdm_op_WriteResp.m_axi.p1i8, i64 %gmem_addr" [../src/shift_reg.cpp:18]   --->   Operation 92 'writeresp' 'empty_15' <Predicate = true> <Delay = 7.30> <CoreInst = "m_axi">   --->   Core 121 'm_axi' <Latency = 3> <II = 1> <Delay = 1.00> <Adapter> <Opcode : 'read' 'write' 'readreq' 'writereq' 'writeresp'>

State 10 <SV = 9> <Delay = 7.30>
ST_10 : Operation 93 [63/68] (7.30ns)   --->   "%empty_15 = writeresp i1 @_ssdm_op_WriteResp.m_axi.p1i8, i64 %gmem_addr" [../src/shift_reg.cpp:18]   --->   Operation 93 'writeresp' 'empty_15' <Predicate = true> <Delay = 7.30> <CoreInst = "m_axi">   --->   Core 121 'm_axi' <Latency = 3> <II = 1> <Delay = 1.00> <Adapter> <Opcode : 'read' 'write' 'readreq' 'writereq' 'writeresp'>

State 11 <SV = 10> <Delay = 7.30>
ST_11 : Operation 94 [62/68] (7.30ns)   --->   "%empty_15 = writeresp i1 @_ssdm_op_WriteResp.m_axi.p1i8, i64 %gmem_addr" [../src/shift_reg.cpp:18]   --->   Operation 94 'writeresp' 'empty_15' <Predicate = true> <Delay = 7.30> <CoreInst = "m_axi">   --->   Core 121 'm_axi' <Latency = 3> <II = 1> <Delay = 1.00> <Adapter> <Opcode : 'read' 'write' 'readreq' 'writereq' 'writeresp'>

State 12 <SV = 11> <Delay = 7.30>
ST_12 : Operation 95 [61/68] (7.30ns)   --->   "%empty_15 = writeresp i1 @_ssdm_op_WriteResp.m_axi.p1i8, i64 %gmem_addr" [../src/shift_reg.cpp:18]   --->   Operation 95 'writeresp' 'empty_15' <Predicate = true> <Delay = 7.30> <CoreInst = "m_axi">   --->   Core 121 'm_axi' <Latency = 3> <II = 1> <Delay = 1.00> <Adapter> <Opcode : 'read' 'write' 'readreq' 'writereq' 'writeresp'>

State 13 <SV = 12> <Delay = 7.30>
ST_13 : Operation 96 [60/68] (7.30ns)   --->   "%empty_15 = writeresp i1 @_ssdm_op_WriteResp.m_axi.p1i8, i64 %gmem_addr" [../src/shift_reg.cpp:18]   --->   Operation 96 'writeresp' 'empty_15' <Predicate = true> <Delay = 7.30> <CoreInst = "m_axi">   --->   Core 121 'm_axi' <Latency = 3> <II = 1> <Delay = 1.00> <Adapter> <Opcode : 'read' 'write' 'readreq' 'writereq' 'writeresp'>

State 14 <SV = 13> <Delay = 7.30>
ST_14 : Operation 97 [59/68] (7.30ns)   --->   "%empty_15 = writeresp i1 @_ssdm_op_WriteResp.m_axi.p1i8, i64 %gmem_addr" [../src/shift_reg.cpp:18]   --->   Operation 97 'writeresp' 'empty_15' <Predicate = true> <Delay = 7.30> <CoreInst = "m_axi">   --->   Core 121 'm_axi' <Latency = 3> <II = 1> <Delay = 1.00> <Adapter> <Opcode : 'read' 'write' 'readreq' 'writereq' 'writeresp'>

State 15 <SV = 14> <Delay = 7.30>
ST_15 : Operation 98 [58/68] (7.30ns)   --->   "%empty_15 = writeresp i1 @_ssdm_op_WriteResp.m_axi.p1i8, i64 %gmem_addr" [../src/shift_reg.cpp:18]   --->   Operation 98 'writeresp' 'empty_15' <Predicate = true> <Delay = 7.30> <CoreInst = "m_axi">   --->   Core 121 'm_axi' <Latency = 3> <II = 1> <Delay = 1.00> <Adapter> <Opcode : 'read' 'write' 'readreq' 'writereq' 'writeresp'>

State 16 <SV = 15> <Delay = 7.30>
ST_16 : Operation 99 [57/68] (7.30ns)   --->   "%empty_15 = writeresp i1 @_ssdm_op_WriteResp.m_axi.p1i8, i64 %gmem_addr" [../src/shift_reg.cpp:18]   --->   Operation 99 'writeresp' 'empty_15' <Predicate = true> <Delay = 7.30> <CoreInst = "m_axi">   --->   Core 121 'm_axi' <Latency = 3> <II = 1> <Delay = 1.00> <Adapter> <Opcode : 'read' 'write' 'readreq' 'writereq' 'writeresp'>

State 17 <SV = 16> <Delay = 7.30>
ST_17 : Operation 100 [56/68] (7.30ns)   --->   "%empty_15 = writeresp i1 @_ssdm_op_WriteResp.m_axi.p1i8, i64 %gmem_addr" [../src/shift_reg.cpp:18]   --->   Operation 100 'writeresp' 'empty_15' <Predicate = true> <Delay = 7.30> <CoreInst = "m_axi">   --->   Core 121 'm_axi' <Latency = 3> <II = 1> <Delay = 1.00> <Adapter> <Opcode : 'read' 'write' 'readreq' 'writereq' 'writeresp'>

State 18 <SV = 17> <Delay = 7.30>
ST_18 : Operation 101 [55/68] (7.30ns)   --->   "%empty_15 = writeresp i1 @_ssdm_op_WriteResp.m_axi.p1i8, i64 %gmem_addr" [../src/shift_reg.cpp:18]   --->   Operation 101 'writeresp' 'empty_15' <Predicate = true> <Delay = 7.30> <CoreInst = "m_axi">   --->   Core 121 'm_axi' <Latency = 3> <II = 1> <Delay = 1.00> <Adapter> <Opcode : 'read' 'write' 'readreq' 'writereq' 'writeresp'>

State 19 <SV = 18> <Delay = 7.30>
ST_19 : Operation 102 [54/68] (7.30ns)   --->   "%empty_15 = writeresp i1 @_ssdm_op_WriteResp.m_axi.p1i8, i64 %gmem_addr" [../src/shift_reg.cpp:18]   --->   Operation 102 'writeresp' 'empty_15' <Predicate = true> <Delay = 7.30> <CoreInst = "m_axi">   --->   Core 121 'm_axi' <Latency = 3> <II = 1> <Delay = 1.00> <Adapter> <Opcode : 'read' 'write' 'readreq' 'writereq' 'writeresp'>

State 20 <SV = 19> <Delay = 7.30>
ST_20 : Operation 103 [53/68] (7.30ns)   --->   "%empty_15 = writeresp i1 @_ssdm_op_WriteResp.m_axi.p1i8, i64 %gmem_addr" [../src/shift_reg.cpp:18]   --->   Operation 103 'writeresp' 'empty_15' <Predicate = true> <Delay = 7.30> <CoreInst = "m_axi">   --->   Core 121 'm_axi' <Latency = 3> <II = 1> <Delay = 1.00> <Adapter> <Opcode : 'read' 'write' 'readreq' 'writereq' 'writeresp'>

State 21 <SV = 20> <Delay = 7.30>
ST_21 : Operation 104 [52/68] (7.30ns)   --->   "%empty_15 = writeresp i1 @_ssdm_op_WriteResp.m_axi.p1i8, i64 %gmem_addr" [../src/shift_reg.cpp:18]   --->   Operation 104 'writeresp' 'empty_15' <Predicate = true> <Delay = 7.30> <CoreInst = "m_axi">   --->   Core 121 'm_axi' <Latency = 3> <II = 1> <Delay = 1.00> <Adapter> <Opcode : 'read' 'write' 'readreq' 'writereq' 'writeresp'>

State 22 <SV = 21> <Delay = 7.30>
ST_22 : Operation 105 [51/68] (7.30ns)   --->   "%empty_15 = writeresp i1 @_ssdm_op_WriteResp.m_axi.p1i8, i64 %gmem_addr" [../src/shift_reg.cpp:18]   --->   Operation 105 'writeresp' 'empty_15' <Predicate = true> <Delay = 7.30> <CoreInst = "m_axi">   --->   Core 121 'm_axi' <Latency = 3> <II = 1> <Delay = 1.00> <Adapter> <Opcode : 'read' 'write' 'readreq' 'writereq' 'writeresp'>

State 23 <SV = 22> <Delay = 7.30>
ST_23 : Operation 106 [50/68] (7.30ns)   --->   "%empty_15 = writeresp i1 @_ssdm_op_WriteResp.m_axi.p1i8, i64 %gmem_addr" [../src/shift_reg.cpp:18]   --->   Operation 106 'writeresp' 'empty_15' <Predicate = true> <Delay = 7.30> <CoreInst = "m_axi">   --->   Core 121 'm_axi' <Latency = 3> <II = 1> <Delay = 1.00> <Adapter> <Opcode : 'read' 'write' 'readreq' 'writereq' 'writeresp'>

State 24 <SV = 23> <Delay = 7.30>
ST_24 : Operation 107 [49/68] (7.30ns)   --->   "%empty_15 = writeresp i1 @_ssdm_op_WriteResp.m_axi.p1i8, i64 %gmem_addr" [../src/shift_reg.cpp:18]   --->   Operation 107 'writeresp' 'empty_15' <Predicate = true> <Delay = 7.30> <CoreInst = "m_axi">   --->   Core 121 'm_axi' <Latency = 3> <II = 1> <Delay = 1.00> <Adapter> <Opcode : 'read' 'write' 'readreq' 'writereq' 'writeresp'>

State 25 <SV = 24> <Delay = 7.30>
ST_25 : Operation 108 [48/68] (7.30ns)   --->   "%empty_15 = writeresp i1 @_ssdm_op_WriteResp.m_axi.p1i8, i64 %gmem_addr" [../src/shift_reg.cpp:18]   --->   Operation 108 'writeresp' 'empty_15' <Predicate = true> <Delay = 7.30> <CoreInst = "m_axi">   --->   Core 121 'm_axi' <Latency = 3> <II = 1> <Delay = 1.00> <Adapter> <Opcode : 'read' 'write' 'readreq' 'writereq' 'writeresp'>

State 26 <SV = 25> <Delay = 7.30>
ST_26 : Operation 109 [47/68] (7.30ns)   --->   "%empty_15 = writeresp i1 @_ssdm_op_WriteResp.m_axi.p1i8, i64 %gmem_addr" [../src/shift_reg.cpp:18]   --->   Operation 109 'writeresp' 'empty_15' <Predicate = true> <Delay = 7.30> <CoreInst = "m_axi">   --->   Core 121 'm_axi' <Latency = 3> <II = 1> <Delay = 1.00> <Adapter> <Opcode : 'read' 'write' 'readreq' 'writereq' 'writeresp'>

State 27 <SV = 26> <Delay = 7.30>
ST_27 : Operation 110 [46/68] (7.30ns)   --->   "%empty_15 = writeresp i1 @_ssdm_op_WriteResp.m_axi.p1i8, i64 %gmem_addr" [../src/shift_reg.cpp:18]   --->   Operation 110 'writeresp' 'empty_15' <Predicate = true> <Delay = 7.30> <CoreInst = "m_axi">   --->   Core 121 'm_axi' <Latency = 3> <II = 1> <Delay = 1.00> <Adapter> <Opcode : 'read' 'write' 'readreq' 'writereq' 'writeresp'>

State 28 <SV = 27> <Delay = 7.30>
ST_28 : Operation 111 [45/68] (7.30ns)   --->   "%empty_15 = writeresp i1 @_ssdm_op_WriteResp.m_axi.p1i8, i64 %gmem_addr" [../src/shift_reg.cpp:18]   --->   Operation 111 'writeresp' 'empty_15' <Predicate = true> <Delay = 7.30> <CoreInst = "m_axi">   --->   Core 121 'm_axi' <Latency = 3> <II = 1> <Delay = 1.00> <Adapter> <Opcode : 'read' 'write' 'readreq' 'writereq' 'writeresp'>

State 29 <SV = 28> <Delay = 7.30>
ST_29 : Operation 112 [44/68] (7.30ns)   --->   "%empty_15 = writeresp i1 @_ssdm_op_WriteResp.m_axi.p1i8, i64 %gmem_addr" [../src/shift_reg.cpp:18]   --->   Operation 112 'writeresp' 'empty_15' <Predicate = true> <Delay = 7.30> <CoreInst = "m_axi">   --->   Core 121 'm_axi' <Latency = 3> <II = 1> <Delay = 1.00> <Adapter> <Opcode : 'read' 'write' 'readreq' 'writereq' 'writeresp'>

State 30 <SV = 29> <Delay = 7.30>
ST_30 : Operation 113 [43/68] (7.30ns)   --->   "%empty_15 = writeresp i1 @_ssdm_op_WriteResp.m_axi.p1i8, i64 %gmem_addr" [../src/shift_reg.cpp:18]   --->   Operation 113 'writeresp' 'empty_15' <Predicate = true> <Delay = 7.30> <CoreInst = "m_axi">   --->   Core 121 'm_axi' <Latency = 3> <II = 1> <Delay = 1.00> <Adapter> <Opcode : 'read' 'write' 'readreq' 'writereq' 'writeresp'>

State 31 <SV = 30> <Delay = 7.30>
ST_31 : Operation 114 [42/68] (7.30ns)   --->   "%empty_15 = writeresp i1 @_ssdm_op_WriteResp.m_axi.p1i8, i64 %gmem_addr" [../src/shift_reg.cpp:18]   --->   Operation 114 'writeresp' 'empty_15' <Predicate = true> <Delay = 7.30> <CoreInst = "m_axi">   --->   Core 121 'm_axi' <Latency = 3> <II = 1> <Delay = 1.00> <Adapter> <Opcode : 'read' 'write' 'readreq' 'writereq' 'writeresp'>

State 32 <SV = 31> <Delay = 7.30>
ST_32 : Operation 115 [41/68] (7.30ns)   --->   "%empty_15 = writeresp i1 @_ssdm_op_WriteResp.m_axi.p1i8, i64 %gmem_addr" [../src/shift_reg.cpp:18]   --->   Operation 115 'writeresp' 'empty_15' <Predicate = true> <Delay = 7.30> <CoreInst = "m_axi">   --->   Core 121 'm_axi' <Latency = 3> <II = 1> <Delay = 1.00> <Adapter> <Opcode : 'read' 'write' 'readreq' 'writereq' 'writeresp'>

State 33 <SV = 32> <Delay = 7.30>
ST_33 : Operation 116 [40/68] (7.30ns)   --->   "%empty_15 = writeresp i1 @_ssdm_op_WriteResp.m_axi.p1i8, i64 %gmem_addr" [../src/shift_reg.cpp:18]   --->   Operation 116 'writeresp' 'empty_15' <Predicate = true> <Delay = 7.30> <CoreInst = "m_axi">   --->   Core 121 'm_axi' <Latency = 3> <II = 1> <Delay = 1.00> <Adapter> <Opcode : 'read' 'write' 'readreq' 'writereq' 'writeresp'>

State 34 <SV = 33> <Delay = 7.30>
ST_34 : Operation 117 [39/68] (7.30ns)   --->   "%empty_15 = writeresp i1 @_ssdm_op_WriteResp.m_axi.p1i8, i64 %gmem_addr" [../src/shift_reg.cpp:18]   --->   Operation 117 'writeresp' 'empty_15' <Predicate = true> <Delay = 7.30> <CoreInst = "m_axi">   --->   Core 121 'm_axi' <Latency = 3> <II = 1> <Delay = 1.00> <Adapter> <Opcode : 'read' 'write' 'readreq' 'writereq' 'writeresp'>

State 35 <SV = 34> <Delay = 7.30>
ST_35 : Operation 118 [38/68] (7.30ns)   --->   "%empty_15 = writeresp i1 @_ssdm_op_WriteResp.m_axi.p1i8, i64 %gmem_addr" [../src/shift_reg.cpp:18]   --->   Operation 118 'writeresp' 'empty_15' <Predicate = true> <Delay = 7.30> <CoreInst = "m_axi">   --->   Core 121 'm_axi' <Latency = 3> <II = 1> <Delay = 1.00> <Adapter> <Opcode : 'read' 'write' 'readreq' 'writereq' 'writeresp'>

State 36 <SV = 35> <Delay = 7.30>
ST_36 : Operation 119 [37/68] (7.30ns)   --->   "%empty_15 = writeresp i1 @_ssdm_op_WriteResp.m_axi.p1i8, i64 %gmem_addr" [../src/shift_reg.cpp:18]   --->   Operation 119 'writeresp' 'empty_15' <Predicate = true> <Delay = 7.30> <CoreInst = "m_axi">   --->   Core 121 'm_axi' <Latency = 3> <II = 1> <Delay = 1.00> <Adapter> <Opcode : 'read' 'write' 'readreq' 'writereq' 'writeresp'>

State 37 <SV = 36> <Delay = 7.30>
ST_37 : Operation 120 [36/68] (7.30ns)   --->   "%empty_15 = writeresp i1 @_ssdm_op_WriteResp.m_axi.p1i8, i64 %gmem_addr" [../src/shift_reg.cpp:18]   --->   Operation 120 'writeresp' 'empty_15' <Predicate = true> <Delay = 7.30> <CoreInst = "m_axi">   --->   Core 121 'm_axi' <Latency = 3> <II = 1> <Delay = 1.00> <Adapter> <Opcode : 'read' 'write' 'readreq' 'writereq' 'writeresp'>

State 38 <SV = 37> <Delay = 7.30>
ST_38 : Operation 121 [35/68] (7.30ns)   --->   "%empty_15 = writeresp i1 @_ssdm_op_WriteResp.m_axi.p1i8, i64 %gmem_addr" [../src/shift_reg.cpp:18]   --->   Operation 121 'writeresp' 'empty_15' <Predicate = true> <Delay = 7.30> <CoreInst = "m_axi">   --->   Core 121 'm_axi' <Latency = 3> <II = 1> <Delay = 1.00> <Adapter> <Opcode : 'read' 'write' 'readreq' 'writereq' 'writeresp'>

State 39 <SV = 38> <Delay = 7.30>
ST_39 : Operation 122 [34/68] (7.30ns)   --->   "%empty_15 = writeresp i1 @_ssdm_op_WriteResp.m_axi.p1i8, i64 %gmem_addr" [../src/shift_reg.cpp:18]   --->   Operation 122 'writeresp' 'empty_15' <Predicate = true> <Delay = 7.30> <CoreInst = "m_axi">   --->   Core 121 'm_axi' <Latency = 3> <II = 1> <Delay = 1.00> <Adapter> <Opcode : 'read' 'write' 'readreq' 'writereq' 'writeresp'>

State 40 <SV = 39> <Delay = 7.30>
ST_40 : Operation 123 [33/68] (7.30ns)   --->   "%empty_15 = writeresp i1 @_ssdm_op_WriteResp.m_axi.p1i8, i64 %gmem_addr" [../src/shift_reg.cpp:18]   --->   Operation 123 'writeresp' 'empty_15' <Predicate = true> <Delay = 7.30> <CoreInst = "m_axi">   --->   Core 121 'm_axi' <Latency = 3> <II = 1> <Delay = 1.00> <Adapter> <Opcode : 'read' 'write' 'readreq' 'writereq' 'writeresp'>

State 41 <SV = 40> <Delay = 7.30>
ST_41 : Operation 124 [32/68] (7.30ns)   --->   "%empty_15 = writeresp i1 @_ssdm_op_WriteResp.m_axi.p1i8, i64 %gmem_addr" [../src/shift_reg.cpp:18]   --->   Operation 124 'writeresp' 'empty_15' <Predicate = true> <Delay = 7.30> <CoreInst = "m_axi">   --->   Core 121 'm_axi' <Latency = 3> <II = 1> <Delay = 1.00> <Adapter> <Opcode : 'read' 'write' 'readreq' 'writereq' 'writeresp'>

State 42 <SV = 41> <Delay = 7.30>
ST_42 : Operation 125 [31/68] (7.30ns)   --->   "%empty_15 = writeresp i1 @_ssdm_op_WriteResp.m_axi.p1i8, i64 %gmem_addr" [../src/shift_reg.cpp:18]   --->   Operation 125 'writeresp' 'empty_15' <Predicate = true> <Delay = 7.30> <CoreInst = "m_axi">   --->   Core 121 'm_axi' <Latency = 3> <II = 1> <Delay = 1.00> <Adapter> <Opcode : 'read' 'write' 'readreq' 'writereq' 'writeresp'>

State 43 <SV = 42> <Delay = 7.30>
ST_43 : Operation 126 [30/68] (7.30ns)   --->   "%empty_15 = writeresp i1 @_ssdm_op_WriteResp.m_axi.p1i8, i64 %gmem_addr" [../src/shift_reg.cpp:18]   --->   Operation 126 'writeresp' 'empty_15' <Predicate = true> <Delay = 7.30> <CoreInst = "m_axi">   --->   Core 121 'm_axi' <Latency = 3> <II = 1> <Delay = 1.00> <Adapter> <Opcode : 'read' 'write' 'readreq' 'writereq' 'writeresp'>

State 44 <SV = 43> <Delay = 7.30>
ST_44 : Operation 127 [29/68] (7.30ns)   --->   "%empty_15 = writeresp i1 @_ssdm_op_WriteResp.m_axi.p1i8, i64 %gmem_addr" [../src/shift_reg.cpp:18]   --->   Operation 127 'writeresp' 'empty_15' <Predicate = true> <Delay = 7.30> <CoreInst = "m_axi">   --->   Core 121 'm_axi' <Latency = 3> <II = 1> <Delay = 1.00> <Adapter> <Opcode : 'read' 'write' 'readreq' 'writereq' 'writeresp'>

State 45 <SV = 44> <Delay = 7.30>
ST_45 : Operation 128 [28/68] (7.30ns)   --->   "%empty_15 = writeresp i1 @_ssdm_op_WriteResp.m_axi.p1i8, i64 %gmem_addr" [../src/shift_reg.cpp:18]   --->   Operation 128 'writeresp' 'empty_15' <Predicate = true> <Delay = 7.30> <CoreInst = "m_axi">   --->   Core 121 'm_axi' <Latency = 3> <II = 1> <Delay = 1.00> <Adapter> <Opcode : 'read' 'write' 'readreq' 'writereq' 'writeresp'>

State 46 <SV = 45> <Delay = 7.30>
ST_46 : Operation 129 [27/68] (7.30ns)   --->   "%empty_15 = writeresp i1 @_ssdm_op_WriteResp.m_axi.p1i8, i64 %gmem_addr" [../src/shift_reg.cpp:18]   --->   Operation 129 'writeresp' 'empty_15' <Predicate = true> <Delay = 7.30> <CoreInst = "m_axi">   --->   Core 121 'm_axi' <Latency = 3> <II = 1> <Delay = 1.00> <Adapter> <Opcode : 'read' 'write' 'readreq' 'writereq' 'writeresp'>

State 47 <SV = 46> <Delay = 7.30>
ST_47 : Operation 130 [26/68] (7.30ns)   --->   "%empty_15 = writeresp i1 @_ssdm_op_WriteResp.m_axi.p1i8, i64 %gmem_addr" [../src/shift_reg.cpp:18]   --->   Operation 130 'writeresp' 'empty_15' <Predicate = true> <Delay = 7.30> <CoreInst = "m_axi">   --->   Core 121 'm_axi' <Latency = 3> <II = 1> <Delay = 1.00> <Adapter> <Opcode : 'read' 'write' 'readreq' 'writereq' 'writeresp'>

State 48 <SV = 47> <Delay = 7.30>
ST_48 : Operation 131 [25/68] (7.30ns)   --->   "%empty_15 = writeresp i1 @_ssdm_op_WriteResp.m_axi.p1i8, i64 %gmem_addr" [../src/shift_reg.cpp:18]   --->   Operation 131 'writeresp' 'empty_15' <Predicate = true> <Delay = 7.30> <CoreInst = "m_axi">   --->   Core 121 'm_axi' <Latency = 3> <II = 1> <Delay = 1.00> <Adapter> <Opcode : 'read' 'write' 'readreq' 'writereq' 'writeresp'>

State 49 <SV = 48> <Delay = 7.30>
ST_49 : Operation 132 [24/68] (7.30ns)   --->   "%empty_15 = writeresp i1 @_ssdm_op_WriteResp.m_axi.p1i8, i64 %gmem_addr" [../src/shift_reg.cpp:18]   --->   Operation 132 'writeresp' 'empty_15' <Predicate = true> <Delay = 7.30> <CoreInst = "m_axi">   --->   Core 121 'm_axi' <Latency = 3> <II = 1> <Delay = 1.00> <Adapter> <Opcode : 'read' 'write' 'readreq' 'writereq' 'writeresp'>

State 50 <SV = 49> <Delay = 7.30>
ST_50 : Operation 133 [23/68] (7.30ns)   --->   "%empty_15 = writeresp i1 @_ssdm_op_WriteResp.m_axi.p1i8, i64 %gmem_addr" [../src/shift_reg.cpp:18]   --->   Operation 133 'writeresp' 'empty_15' <Predicate = true> <Delay = 7.30> <CoreInst = "m_axi">   --->   Core 121 'm_axi' <Latency = 3> <II = 1> <Delay = 1.00> <Adapter> <Opcode : 'read' 'write' 'readreq' 'writereq' 'writeresp'>

State 51 <SV = 50> <Delay = 7.30>
ST_51 : Operation 134 [22/68] (7.30ns)   --->   "%empty_15 = writeresp i1 @_ssdm_op_WriteResp.m_axi.p1i8, i64 %gmem_addr" [../src/shift_reg.cpp:18]   --->   Operation 134 'writeresp' 'empty_15' <Predicate = true> <Delay = 7.30> <CoreInst = "m_axi">   --->   Core 121 'm_axi' <Latency = 3> <II = 1> <Delay = 1.00> <Adapter> <Opcode : 'read' 'write' 'readreq' 'writereq' 'writeresp'>

State 52 <SV = 51> <Delay = 7.30>
ST_52 : Operation 135 [21/68] (7.30ns)   --->   "%empty_15 = writeresp i1 @_ssdm_op_WriteResp.m_axi.p1i8, i64 %gmem_addr" [../src/shift_reg.cpp:18]   --->   Operation 135 'writeresp' 'empty_15' <Predicate = true> <Delay = 7.30> <CoreInst = "m_axi">   --->   Core 121 'm_axi' <Latency = 3> <II = 1> <Delay = 1.00> <Adapter> <Opcode : 'read' 'write' 'readreq' 'writereq' 'writeresp'>

State 53 <SV = 52> <Delay = 7.30>
ST_53 : Operation 136 [20/68] (7.30ns)   --->   "%empty_15 = writeresp i1 @_ssdm_op_WriteResp.m_axi.p1i8, i64 %gmem_addr" [../src/shift_reg.cpp:18]   --->   Operation 136 'writeresp' 'empty_15' <Predicate = true> <Delay = 7.30> <CoreInst = "m_axi">   --->   Core 121 'm_axi' <Latency = 3> <II = 1> <Delay = 1.00> <Adapter> <Opcode : 'read' 'write' 'readreq' 'writereq' 'writeresp'>

State 54 <SV = 53> <Delay = 7.30>
ST_54 : Operation 137 [19/68] (7.30ns)   --->   "%empty_15 = writeresp i1 @_ssdm_op_WriteResp.m_axi.p1i8, i64 %gmem_addr" [../src/shift_reg.cpp:18]   --->   Operation 137 'writeresp' 'empty_15' <Predicate = true> <Delay = 7.30> <CoreInst = "m_axi">   --->   Core 121 'm_axi' <Latency = 3> <II = 1> <Delay = 1.00> <Adapter> <Opcode : 'read' 'write' 'readreq' 'writereq' 'writeresp'>

State 55 <SV = 54> <Delay = 7.30>
ST_55 : Operation 138 [18/68] (7.30ns)   --->   "%empty_15 = writeresp i1 @_ssdm_op_WriteResp.m_axi.p1i8, i64 %gmem_addr" [../src/shift_reg.cpp:18]   --->   Operation 138 'writeresp' 'empty_15' <Predicate = true> <Delay = 7.30> <CoreInst = "m_axi">   --->   Core 121 'm_axi' <Latency = 3> <II = 1> <Delay = 1.00> <Adapter> <Opcode : 'read' 'write' 'readreq' 'writereq' 'writeresp'>

State 56 <SV = 55> <Delay = 7.30>
ST_56 : Operation 139 [17/68] (7.30ns)   --->   "%empty_15 = writeresp i1 @_ssdm_op_WriteResp.m_axi.p1i8, i64 %gmem_addr" [../src/shift_reg.cpp:18]   --->   Operation 139 'writeresp' 'empty_15' <Predicate = true> <Delay = 7.30> <CoreInst = "m_axi">   --->   Core 121 'm_axi' <Latency = 3> <II = 1> <Delay = 1.00> <Adapter> <Opcode : 'read' 'write' 'readreq' 'writereq' 'writeresp'>

State 57 <SV = 56> <Delay = 7.30>
ST_57 : Operation 140 [16/68] (7.30ns)   --->   "%empty_15 = writeresp i1 @_ssdm_op_WriteResp.m_axi.p1i8, i64 %gmem_addr" [../src/shift_reg.cpp:18]   --->   Operation 140 'writeresp' 'empty_15' <Predicate = true> <Delay = 7.30> <CoreInst = "m_axi">   --->   Core 121 'm_axi' <Latency = 3> <II = 1> <Delay = 1.00> <Adapter> <Opcode : 'read' 'write' 'readreq' 'writereq' 'writeresp'>

State 58 <SV = 57> <Delay = 7.30>
ST_58 : Operation 141 [15/68] (7.30ns)   --->   "%empty_15 = writeresp i1 @_ssdm_op_WriteResp.m_axi.p1i8, i64 %gmem_addr" [../src/shift_reg.cpp:18]   --->   Operation 141 'writeresp' 'empty_15' <Predicate = true> <Delay = 7.30> <CoreInst = "m_axi">   --->   Core 121 'm_axi' <Latency = 3> <II = 1> <Delay = 1.00> <Adapter> <Opcode : 'read' 'write' 'readreq' 'writereq' 'writeresp'>

State 59 <SV = 58> <Delay = 7.30>
ST_59 : Operation 142 [14/68] (7.30ns)   --->   "%empty_15 = writeresp i1 @_ssdm_op_WriteResp.m_axi.p1i8, i64 %gmem_addr" [../src/shift_reg.cpp:18]   --->   Operation 142 'writeresp' 'empty_15' <Predicate = true> <Delay = 7.30> <CoreInst = "m_axi">   --->   Core 121 'm_axi' <Latency = 3> <II = 1> <Delay = 1.00> <Adapter> <Opcode : 'read' 'write' 'readreq' 'writereq' 'writeresp'>

State 60 <SV = 59> <Delay = 7.30>
ST_60 : Operation 143 [13/68] (7.30ns)   --->   "%empty_15 = writeresp i1 @_ssdm_op_WriteResp.m_axi.p1i8, i64 %gmem_addr" [../src/shift_reg.cpp:18]   --->   Operation 143 'writeresp' 'empty_15' <Predicate = true> <Delay = 7.30> <CoreInst = "m_axi">   --->   Core 121 'm_axi' <Latency = 3> <II = 1> <Delay = 1.00> <Adapter> <Opcode : 'read' 'write' 'readreq' 'writereq' 'writeresp'>

State 61 <SV = 60> <Delay = 7.30>
ST_61 : Operation 144 [12/68] (7.30ns)   --->   "%empty_15 = writeresp i1 @_ssdm_op_WriteResp.m_axi.p1i8, i64 %gmem_addr" [../src/shift_reg.cpp:18]   --->   Operation 144 'writeresp' 'empty_15' <Predicate = true> <Delay = 7.30> <CoreInst = "m_axi">   --->   Core 121 'm_axi' <Latency = 3> <II = 1> <Delay = 1.00> <Adapter> <Opcode : 'read' 'write' 'readreq' 'writereq' 'writeresp'>

State 62 <SV = 61> <Delay = 7.30>
ST_62 : Operation 145 [11/68] (7.30ns)   --->   "%empty_15 = writeresp i1 @_ssdm_op_WriteResp.m_axi.p1i8, i64 %gmem_addr" [../src/shift_reg.cpp:18]   --->   Operation 145 'writeresp' 'empty_15' <Predicate = true> <Delay = 7.30> <CoreInst = "m_axi">   --->   Core 121 'm_axi' <Latency = 3> <II = 1> <Delay = 1.00> <Adapter> <Opcode : 'read' 'write' 'readreq' 'writereq' 'writeresp'>

State 63 <SV = 62> <Delay = 7.30>
ST_63 : Operation 146 [10/68] (7.30ns)   --->   "%empty_15 = writeresp i1 @_ssdm_op_WriteResp.m_axi.p1i8, i64 %gmem_addr" [../src/shift_reg.cpp:18]   --->   Operation 146 'writeresp' 'empty_15' <Predicate = true> <Delay = 7.30> <CoreInst = "m_axi">   --->   Core 121 'm_axi' <Latency = 3> <II = 1> <Delay = 1.00> <Adapter> <Opcode : 'read' 'write' 'readreq' 'writereq' 'writeresp'>

State 64 <SV = 63> <Delay = 7.30>
ST_64 : Operation 147 [9/68] (7.30ns)   --->   "%empty_15 = writeresp i1 @_ssdm_op_WriteResp.m_axi.p1i8, i64 %gmem_addr" [../src/shift_reg.cpp:18]   --->   Operation 147 'writeresp' 'empty_15' <Predicate = true> <Delay = 7.30> <CoreInst = "m_axi">   --->   Core 121 'm_axi' <Latency = 3> <II = 1> <Delay = 1.00> <Adapter> <Opcode : 'read' 'write' 'readreq' 'writereq' 'writeresp'>

State 65 <SV = 64> <Delay = 7.30>
ST_65 : Operation 148 [8/68] (7.30ns)   --->   "%empty_15 = writeresp i1 @_ssdm_op_WriteResp.m_axi.p1i8, i64 %gmem_addr" [../src/shift_reg.cpp:18]   --->   Operation 148 'writeresp' 'empty_15' <Predicate = true> <Delay = 7.30> <CoreInst = "m_axi">   --->   Core 121 'm_axi' <Latency = 3> <II = 1> <Delay = 1.00> <Adapter> <Opcode : 'read' 'write' 'readreq' 'writereq' 'writeresp'>

State 66 <SV = 65> <Delay = 7.30>
ST_66 : Operation 149 [7/68] (7.30ns)   --->   "%empty_15 = writeresp i1 @_ssdm_op_WriteResp.m_axi.p1i8, i64 %gmem_addr" [../src/shift_reg.cpp:18]   --->   Operation 149 'writeresp' 'empty_15' <Predicate = true> <Delay = 7.30> <CoreInst = "m_axi">   --->   Core 121 'm_axi' <Latency = 3> <II = 1> <Delay = 1.00> <Adapter> <Opcode : 'read' 'write' 'readreq' 'writereq' 'writeresp'>

State 67 <SV = 66> <Delay = 7.30>
ST_67 : Operation 150 [6/68] (7.30ns)   --->   "%empty_15 = writeresp i1 @_ssdm_op_WriteResp.m_axi.p1i8, i64 %gmem_addr" [../src/shift_reg.cpp:18]   --->   Operation 150 'writeresp' 'empty_15' <Predicate = true> <Delay = 7.30> <CoreInst = "m_axi">   --->   Core 121 'm_axi' <Latency = 3> <II = 1> <Delay = 1.00> <Adapter> <Opcode : 'read' 'write' 'readreq' 'writereq' 'writeresp'>

State 68 <SV = 67> <Delay = 7.30>
ST_68 : Operation 151 [5/68] (7.30ns)   --->   "%empty_15 = writeresp i1 @_ssdm_op_WriteResp.m_axi.p1i8, i64 %gmem_addr" [../src/shift_reg.cpp:18]   --->   Operation 151 'writeresp' 'empty_15' <Predicate = true> <Delay = 7.30> <CoreInst = "m_axi">   --->   Core 121 'm_axi' <Latency = 3> <II = 1> <Delay = 1.00> <Adapter> <Opcode : 'read' 'write' 'readreq' 'writereq' 'writeresp'>

State 69 <SV = 68> <Delay = 7.30>
ST_69 : Operation 152 [4/68] (7.30ns)   --->   "%empty_15 = writeresp i1 @_ssdm_op_WriteResp.m_axi.p1i8, i64 %gmem_addr" [../src/shift_reg.cpp:18]   --->   Operation 152 'writeresp' 'empty_15' <Predicate = true> <Delay = 7.30> <CoreInst = "m_axi">   --->   Core 121 'm_axi' <Latency = 3> <II = 1> <Delay = 1.00> <Adapter> <Opcode : 'read' 'write' 'readreq' 'writereq' 'writeresp'>

State 70 <SV = 69> <Delay = 7.30>
ST_70 : Operation 153 [3/68] (7.30ns)   --->   "%empty_15 = writeresp i1 @_ssdm_op_WriteResp.m_axi.p1i8, i64 %gmem_addr" [../src/shift_reg.cpp:18]   --->   Operation 153 'writeresp' 'empty_15' <Predicate = true> <Delay = 7.30> <CoreInst = "m_axi">   --->   Core 121 'm_axi' <Latency = 3> <II = 1> <Delay = 1.00> <Adapter> <Opcode : 'read' 'write' 'readreq' 'writereq' 'writeresp'>

State 71 <SV = 70> <Delay = 7.30>
ST_71 : Operation 154 [2/68] (7.30ns)   --->   "%empty_15 = writeresp i1 @_ssdm_op_WriteResp.m_axi.p1i8, i64 %gmem_addr" [../src/shift_reg.cpp:18]   --->   Operation 154 'writeresp' 'empty_15' <Predicate = true> <Delay = 7.30> <CoreInst = "m_axi">   --->   Core 121 'm_axi' <Latency = 3> <II = 1> <Delay = 1.00> <Adapter> <Opcode : 'read' 'write' 'readreq' 'writereq' 'writeresp'>

State 72 <SV = 71> <Delay = 7.30>
ST_72 : Operation 155 [1/1] (0.00ns)   --->   "%spectopmodule_ln0 = spectopmodule void @_ssdm_op_SpecTopModule, void @empty_9"   --->   Operation 155 'spectopmodule' 'spectopmodule_ln0' <Predicate = true> <Delay = 0.00>
ST_72 : Operation 156 [1/1] (0.00ns)   --->   "%specinterface_ln0 = specinterface void @_ssdm_op_SpecInterface, i32 0, void @empty_10, i32 0, i32 0, void @empty_0, i32 0, i32 0, void @empty_0, void @empty_0, void @empty_0, i32 0, i32 0, i32 0, i32 0, void @empty_0, void @empty_0"   --->   Operation 156 'specinterface' 'specinterface_ln0' <Predicate = true> <Delay = 0.00>
ST_72 : Operation 157 [1/1] (0.00ns)   --->   "%specinterface_ln0 = specinterface void @_ssdm_op_SpecInterface, i8 %gmem, void @empty, i32 0, i32 0, void @empty_0, i32 64, i32 0, void @empty_1, void @empty_2, void @empty_0, i32 16, i32 16, i32 16, i32 16, void @empty_0, void @empty_0"   --->   Operation 157 'specinterface' 'specinterface_ln0' <Predicate = true> <Delay = 0.00>
ST_72 : Operation 158 [1/1] (0.00ns)   --->   "%specbitsmap_ln0 = specbitsmap void @_ssdm_op_SpecBitsMap, i8 %gmem"   --->   Operation 158 'specbitsmap' 'specbitsmap_ln0' <Predicate = true> <Delay = 0.00>
ST_72 : Operation 159 [1/1] (0.00ns)   --->   "%specbitsmap_ln0 = specbitsmap void @_ssdm_op_SpecBitsMap, i8 %din"   --->   Operation 159 'specbitsmap' 'specbitsmap_ln0' <Predicate = true> <Delay = 0.00>
ST_72 : Operation 160 [1/1] (0.00ns)   --->   "%specinterface_ln0 = specinterface void @_ssdm_op_SpecInterface, i8 %din, void @empty_3, i32 0, i32 0, void @empty_0, i32 0, i32 0, void @empty_4, void @empty_5, void @empty_0, i32 0, i32 0, i32 0, i32 0, void @empty_0, void @empty_0"   --->   Operation 160 'specinterface' 'specinterface_ln0' <Predicate = true> <Delay = 0.00>
ST_72 : Operation 161 [1/1] (0.00ns)   --->   "%specinterface_ln0 = specinterface void @_ssdm_op_SpecInterface, i8 %din, void @empty_6, i32 0, i32 0, void @empty_0, i32 0, i32 0, void @empty_0, void @empty_0, void @empty_0, i32 0, i32 0, i32 0, i32 0, void @empty_0, void @empty_0"   --->   Operation 161 'specinterface' 'specinterface_ln0' <Predicate = true> <Delay = 0.00>
ST_72 : Operation 162 [1/1] (0.00ns)   --->   "%specinterface_ln0 = specinterface void @_ssdm_op_SpecInterface, i64 %dout, void @empty_3, i32 0, i32 0, void @empty_0, i32 0, i32 0, void @empty_4, void @empty_7, void @empty_0, i32 0, i32 0, i32 0, i32 0, void @empty_0, void @empty_8"   --->   Operation 162 'specinterface' 'specinterface_ln0' <Predicate = true> <Delay = 0.00>
ST_72 : Operation 163 [1/1] (0.00ns)   --->   "%specinterface_ln0 = specinterface void @_ssdm_op_SpecInterface, i64 %dout, void @empty_6, i32 0, i32 0, void @empty_0, i32 0, i32 0, void @empty_0, void @empty_0, void @empty_0, i32 0, i32 0, i32 0, i32 0, void @empty_0, void @empty_8"   --->   Operation 163 'specinterface' 'specinterface_ln0' <Predicate = true> <Delay = 0.00>
ST_72 : Operation 164 [1/1] (0.00ns)   --->   "%specinterface_ln0 = specinterface void @_ssdm_op_SpecInterface, i32 0, void @empty_3, i32 0, i32 0, void @empty_0, i32 0, i32 0, void @empty_4, void @empty_0, void @empty_0, i32 0, i32 0, i32 0, i32 0, void @empty_0, void @empty_0"   --->   Operation 164 'specinterface' 'specinterface_ln0' <Predicate = true> <Delay = 0.00>
ST_72 : Operation 165 [1/1] (0.00ns)   --->   "%specmemcore_ln7 = specmemcore void @_ssdm_op_SpecMemCore, i8 %regs_mem_V, i64 666, i64 30, i64 18446744073709551615" [../src/shift_reg.cpp:7]   --->   Operation 165 'specmemcore' 'specmemcore_ln7' <Predicate = true> <Delay = 0.00>
ST_72 : Operation 166 [1/68] (7.30ns)   --->   "%empty_15 = writeresp i1 @_ssdm_op_WriteResp.m_axi.p1i8, i64 %gmem_addr" [../src/shift_reg.cpp:18]   --->   Operation 166 'writeresp' 'empty_15' <Predicate = true> <Delay = 7.30> <CoreInst = "m_axi">   --->   Core 121 'm_axi' <Latency = 3> <II = 1> <Delay = 1.00> <Adapter> <Opcode : 'read' 'write' 'readreq' 'writereq' 'writeresp'>
ST_72 : Operation 167 [1/1] (0.00ns)   --->   "%ret_ln18 = ret" [../src/shift_reg.cpp:18]   --->   Operation 167 'ret' 'ret_ln18' <Predicate = true> <Delay = 0.00>


============================================================
+ Verbose Summary: Binding
============================================================
STG Binding: 
---------------- STG Properties BEGIN ----------------
- Is combinational: 0
- Is one-state seq: 0
- Is datapath-only: 0
- Is pipelined: 0
- Is top level: 1
Port [ Return ] is wired: 1; IO mode=ap_ctrl_chain:ce=0
Port [ gmem]:  wired=1; compound=1; hidden=0; nouse=0; global=0; static=0; extern=0; dir=1; type=4; pingpong=0; private_global=0; IO mode=m_axi:ce=0
Port [ din]:  wired=1; compound=0; hidden=0; nouse=0; global=0; static=0; extern=0; dir=0; type=0; pingpong=0; private_global=0; IO mode=ap_none:ce=0
Port [ dout]:  wired=1; compound=0; hidden=0; nouse=0; global=0; static=0; extern=0; dir=0; type=0; pingpong=0; private_global=0; IO mode=ap_none:ce=0
Port [ regs_wptr_V]:  wired=0; compound=0; hidden=1; nouse=0; global=1; static=1; extern=0; dir=2; type=0; pingpong=0; private_global=1; IO mode=ap_ovld:ce=0
Port [ regs_mem_V]:  wired=0; compound=1; hidden=1; nouse=0; global=1; static=1; extern=0; dir=2; type=1; pingpong=0; private_global=1; MemPort=[23]; IO mode=ap_memory:ce=0
Port [ ap_local_deadlock]:  wired=1; compound=0; hidden=0; nouse=1; global=0; static=0; extern=0; dir=1; type=6; pingpong=0; private_global=0; IO mode=ap_none:ce=0
---------------- STG Properties END ------------------

---------------- Datapath Model BEGIN ----------------

<LifeTime>
<method=bitvector/>
dout_read         (read         ) [ 0011100000000000000000000000000000000000000000000000000000000000000000000]
din_read          (read         ) [ 0000000000000000000000000000000000000000000000000000000000000000000000000]
regs_wptr_V_load  (load         ) [ 0001000000000000000000000000000000000000000000000000000000000000000000000]
zext_ln587        (zext         ) [ 0000000000000000000000000000000000000000000000000000000000000000000000000]
regs_mem_V_addr   (getelementptr) [ 0000000000000000000000000000000000000000000000000000000000000000000000000]
store_ln36        (store        ) [ 0000000000000000000000000000000000000000000000000000000000000000000000000]
gmem_addr         (getelementptr) [ 0001111111111111111111111111111111111111111111111111111111111111111111111]
empty             (writereq     ) [ 0000000000000000000000000000000000000000000000000000000000000000000000000]
add_ln885         (add          ) [ 0000000000000000000000000000000000000000000000000000000000000000000000000]
icmp_ln1064       (icmp         ) [ 0000000000000000000000000000000000000000000000000000000000000000000000000]
select_ln38       (select       ) [ 0000000000000000000000000000000000000000000000000000000000000000000000000]
store_ln38        (store        ) [ 0000000000000000000000000000000000000000000000000000000000000000000000000]
add_ln70          (add          ) [ 0000100000000000000000000000000000000000000000000000000000000000000000000]
call_ln5          (call         ) [ 0000000000000000000000000000000000000000000000000000000000000000000000000]
spectopmodule_ln0 (spectopmodule) [ 0000000000000000000000000000000000000000000000000000000000000000000000000]
specinterface_ln0 (specinterface) [ 0000000000000000000000000000000000000000000000000000000000000000000000000]
specinterface_ln0 (specinterface) [ 0000000000000000000000000000000000000000000000000000000000000000000000000]
specbitsmap_ln0   (specbitsmap  ) [ 0000000000000000000000000000000000000000000000000000000000000000000000000]
specbitsmap_ln0   (specbitsmap  ) [ 0000000000000000000000000000000000000000000000000000000000000000000000000]
specinterface_ln0 (specinterface) [ 0000000000000000000000000000000000000000000000000000000000000000000000000]
specinterface_ln0 (specinterface) [ 0000000000000000000000000000000000000000000000000000000000000000000000000]
specinterface_ln0 (specinterface) [ 0000000000000000000000000000000000000000000000000000000000000000000000000]
specinterface_ln0 (specinterface) [ 0000000000000000000000000000000000000000000000000000000000000000000000000]
specinterface_ln0 (specinterface) [ 0000000000000000000000000000000000000000000000000000000000000000000000000]
specmemcore_ln7   (specmemcore  ) [ 0000000000000000000000000000000000000000000000000000000000000000000000000]
empty_15          (writeresp    ) [ 0000000000000000000000000000000000000000000000000000000000000000000000000]
ret_ln18          (ret          ) [ 0000000000000000000000000000000000000000000000000000000000000000000000000]
</LifeTime>

<model>

<comp_list>
<comp id="0" class="1000" name="gmem">
<pin_list>
<pin id="1" dir="1" index="0" bw="1" slack="0"/>
</pin_list>
<bind>
<StgValue><ssdm name="gmem"/></StgValue>
</bind>
</comp>

<comp id="2" class="1000" name="din">
<pin_list>
<pin id="3" dir="1" index="0" bw="1" slack="0"/>
</pin_list>
<bind>
<StgValue><ssdm name="din"/></StgValue>
</bind>
</comp>

<comp id="4" class="1000" name="dout">
<pin_list>
<pin id="5" dir="1" index="0" bw="1" slack="0"/>
</pin_list>
<bind>
<StgValue><ssdm name="dout"/></StgValue>
</bind>
</comp>

<comp id="6" class="1000" name="regs_wptr_V">
<pin_list>
<pin id="7" dir="1" index="0" bw="1" slack="0"/>
</pin_list>
<bind>
<StgValue><ssdm name="regs_wptr_V"/></StgValue>
</bind>
</comp>

<comp id="8" class="1000" name="regs_mem_V">
<pin_list>
<pin id="9" dir="1" index="0" bw="1" slack="0"/>
</pin_list>
<bind>
<StgValue><ssdm name="regs_mem_V"/><MemPortTyVec>2 3 </MemPortTyVec>
</StgValue>
</bind>
</comp>

<comp id="10" class="1001" name="const_10">
<pin_list>
<pin id="11" dir="1" index="0" bw="1" slack="0"/>
</pin_list>
<bind>
<StgValue><ssdm name="_ssdm_op_Read.ap_none.i64"/></StgValue>
</bind>
</comp>

<comp id="12" class="1001" name="const_12">
<pin_list>
<pin id="13" dir="1" index="0" bw="1" slack="0"/>
</pin_list>
<bind>
<StgValue><ssdm name="_ssdm_op_Read.ap_none.i8"/></StgValue>
</bind>
</comp>

<comp id="14" class="1001" name="const_14">
<pin_list>
<pin id="15" dir="1" index="0" bw="1" slack="0"/>
</pin_list>
<bind>
<StgValue><ssdm name=""/></StgValue>
</bind>
</comp>

<comp id="16" class="1001" name="const_16">
<pin_list>
<pin id="17" dir="1" index="0" bw="1" slack="0"/>
</pin_list>
<bind>
<StgValue><ssdm name="_ssdm_op_WriteReq.m_axi.p1i8"/></StgValue>
</bind>
</comp>

<comp id="18" class="1001" name="const_18">
<pin_list>
<pin id="19" dir="1" index="0" bw="1" slack="0"/>
</pin_list>
<bind>
<StgValue><ssdm name=""/></StgValue>
</bind>
</comp>

<comp id="20" class="1001" name="const_20">
<pin_list>
<pin id="21" dir="1" index="0" bw="1" slack="0"/>
</pin_list>
<bind>
<StgValue><ssdm name=""/></StgValue>
</bind>
</comp>

<comp id="22" class="1001" name="const_22">
<pin_list>
<pin id="23" dir="1" index="0" bw="1" slack="0"/>
</pin_list>
<bind>
<StgValue><ssdm name=""/></StgValue>
</bind>
</comp>

<comp id="24" class="1001" name="const_24">
<pin_list>
<pin id="25" dir="1" index="0" bw="1" slack="0"/>
</pin_list>
<bind>
<StgValue><ssdm name=""/></StgValue>
</bind>
</comp>

<comp id="26" class="1001" name="const_26">
<pin_list>
<pin id="27" dir="1" index="0" bw="1" slack="0"/>
</pin_list>
<bind>
<StgValue><ssdm name=""/></StgValue>
</bind>
</comp>

<comp id="28" class="1001" name="const_28">
<pin_list>
<pin id="29" dir="1" index="0" bw="1" slack="0"/>
</pin_list>
<bind>
<StgValue><ssdm name="circular_shift_reg_Pipeline_WRITE"/></StgValue>
</bind>
</comp>

<comp id="30" class="1001" name="const_30">
<pin_list>
<pin id="31" dir="1" index="0" bw="1" slack="0"/>
</pin_list>
<bind>
<StgValue><ssdm name="_ssdm_op_WriteResp.m_axi.p1i8"/></StgValue>
</bind>
</comp>

<comp id="32" class="1001" name="const_32">
<pin_list>
<pin id="33" dir="1" index="0" bw="1" slack="2147483647"/>
</pin_list>
<bind>
<StgValue><ssdm name="_ssdm_op_SpecTopModule"/></StgValue>
</bind>
</comp>

<comp id="34" class="1001" name="const_34">
<pin_list>
<pin id="35" dir="1" index="0" bw="1" slack="2147483647"/>
</pin_list>
<bind>
<StgValue><ssdm name="empty_9"/></StgValue>
</bind>
</comp>

<comp id="36" class="1001" name="const_36">
<pin_list>
<pin id="37" dir="1" index="0" bw="1" slack="2147483647"/>
</pin_list>
<bind>
<StgValue><ssdm name="_ssdm_op_SpecInterface"/></StgValue>
</bind>
</comp>

<comp id="38" class="1001" name="const_38">
<pin_list>
<pin id="39" dir="1" index="0" bw="1" slack="2147483647"/>
</pin_list>
<bind>
<StgValue><ssdm name=""/></StgValue>
</bind>
</comp>

<comp id="40" class="1001" name="const_40">
<pin_list>
<pin id="41" dir="1" index="0" bw="1" slack="2147483647"/>
</pin_list>
<bind>
<StgValue><ssdm name="empty_10"/></StgValue>
</bind>
</comp>

<comp id="42" class="1001" name="const_42">
<pin_list>
<pin id="43" dir="1" index="0" bw="1" slack="2147483647"/>
</pin_list>
<bind>
<StgValue><ssdm name="empty_0"/></StgValue>
</bind>
</comp>

<comp id="44" class="1001" name="const_44">
<pin_list>
<pin id="45" dir="1" index="0" bw="1" slack="2147483647"/>
</pin_list>
<bind>
<StgValue><ssdm name="empty"/></StgValue>
</bind>
</comp>

<comp id="46" class="1001" name="const_46">
<pin_list>
<pin id="47" dir="1" index="0" bw="1" slack="2147483647"/>
</pin_list>
<bind>
<StgValue><ssdm name=""/></StgValue>
</bind>
</comp>

<comp id="48" class="1001" name="const_48">
<pin_list>
<pin id="49" dir="1" index="0" bw="1" slack="2147483647"/>
</pin_list>
<bind>
<StgValue><ssdm name="empty_1"/></StgValue>
</bind>
</comp>

<comp id="50" class="1001" name="const_50">
<pin_list>
<pin id="51" dir="1" index="0" bw="1" slack="2147483647"/>
</pin_list>
<bind>
<StgValue><ssdm name="empty_2"/></StgValue>
</bind>
</comp>

<comp id="52" class="1001" name="const_52">
<pin_list>
<pin id="53" dir="1" index="0" bw="1" slack="2147483647"/>
</pin_list>
<bind>
<StgValue><ssdm name=""/></StgValue>
</bind>
</comp>

<comp id="54" class="1001" name="const_54">
<pin_list>
<pin id="55" dir="1" index="0" bw="1" slack="2147483647"/>
</pin_list>
<bind>
<StgValue><ssdm name="_ssdm_op_SpecBitsMap"/></StgValue>
</bind>
</comp>

<comp id="56" class="1001" name="const_56">
<pin_list>
<pin id="57" dir="1" index="0" bw="1" slack="2147483647"/>
</pin_list>
<bind>
<StgValue><ssdm name="empty_3"/></StgValue>
</bind>
</comp>

<comp id="58" class="1001" name="const_58">
<pin_list>
<pin id="59" dir="1" index="0" bw="1" slack="2147483647"/>
</pin_list>
<bind>
<StgValue><ssdm name="empty_4"/></StgValue>
</bind>
</comp>

<comp id="60" class="1001" name="const_60">
<pin_list>
<pin id="61" dir="1" index="0" bw="1" slack="2147483647"/>
</pin_list>
<bind>
<StgValue><ssdm name="empty_5"/></StgValue>
</bind>
</comp>

<comp id="62" class="1001" name="const_62">
<pin_list>
<pin id="63" dir="1" index="0" bw="1" slack="2147483647"/>
</pin_list>
<bind>
<StgValue><ssdm name="empty_6"/></StgValue>
</bind>
</comp>

<comp id="64" class="1001" name="const_64">
<pin_list>
<pin id="65" dir="1" index="0" bw="1" slack="2147483647"/>
</pin_list>
<bind>
<StgValue><ssdm name="empty_7"/></StgValue>
</bind>
</comp>

<comp id="66" class="1001" name="const_66">
<pin_list>
<pin id="67" dir="1" index="0" bw="1" slack="2147483647"/>
</pin_list>
<bind>
<StgValue><ssdm name="empty_8"/></StgValue>
</bind>
</comp>

<comp id="68" class="1001" name="const_68">
<pin_list>
<pin id="69" dir="1" index="0" bw="1" slack="2147483647"/>
</pin_list>
<bind>
<StgValue><ssdm name="_ssdm_op_SpecMemCore"/></StgValue>
</bind>
</comp>

<comp id="70" class="1001" name="const_70">
<pin_list>
<pin id="71" dir="1" index="0" bw="1" slack="2147483647"/>
</pin_list>
<bind>
<StgValue><ssdm name=""/></StgValue>
</bind>
</comp>

<comp id="72" class="1001" name="const_72">
<pin_list>
<pin id="73" dir="1" index="0" bw="1" slack="2147483647"/>
</pin_list>
<bind>
<StgValue><ssdm name=""/></StgValue>
</bind>
</comp>

<comp id="74" class="1001" name="const_74">
<pin_list>
<pin id="75" dir="1" index="0" bw="1" slack="2147483647"/>
</pin_list>
<bind>
<StgValue><ssdm name=""/></StgValue>
</bind>
</comp>

<comp id="76" class="1004" name="dout_read_read_fu_76">
<pin_list>
<pin id="77" dir="0" index="0" bw="64" slack="0"/>
<pin id="78" dir="0" index="1" bw="64" slack="0"/>
<pin id="79" dir="1" index="2" bw="64" slack="1"/>
</pin_list>
<bind>
<opcode="read(1150) " fcode="read"/>
<opset="dout_read/1 "/>
</bind>
</comp>

<comp id="82" class="1004" name="din_read_read_fu_82">
<pin_list>
<pin id="83" dir="0" index="0" bw="8" slack="0"/>
<pin id="84" dir="0" index="1" bw="8" slack="0"/>
<pin id="85" dir="1" index="2" bw="8" slack="0"/>
</pin_list>
<bind>
<opcode="read(1150) " fcode="read"/>
<opset="din_read/2 "/>
</bind>
</comp>

<comp id="88" class="1004" name="grp_writeresp_fu_88">
<pin_list>
<pin id="89" dir="0" index="0" bw="1" slack="0"/>
<pin id="90" dir="0" index="1" bw="8" slack="0"/>
<pin id="91" dir="0" index="2" bw="5" slack="0"/>
<pin id="92" dir="1" index="3" bw="1" slack="2147483647"/>
</pin_list>
<bind>
<opcode="writereq(1155) writeresp(1158) " fcode="writeresp"/>
<opset="empty/2 empty_15/5 "/>
</bind>
</comp>

<comp id="96" class="1004" name="regs_mem_V_addr_gep_fu_96">
<pin_list>
<pin id="97" dir="0" index="0" bw="8" slack="0"/>
<pin id="98" dir="0" index="1" bw="1" slack="0"/>
<pin id="99" dir="0" index="2" bw="5" slack="0"/>
<pin id="100" dir="1" index="3" bw="4" slack="0"/>
</pin_list>
<bind>
<opcode="getelementptr(29) " fcode="getelementptr"/>
<opset="regs_mem_V_addr/2 "/>
</bind>
</comp>

<comp id="103" class="1004" name="store_ln36_access_fu_103">
<pin_list>
<pin id="104" dir="0" index="0" bw="4" slack="0"/>
<pin id="105" dir="0" index="1" bw="8" slack="0"/>
<pin id="106" dir="0" index="2" bw="0" slack="2147483647"/>
<pin id="107" dir="1" index="3" bw="8" slack="2147483647"/>
</pin_list>
<bind>
<opcode="store(28) " fcode="store"/>
<opset="store_ln36/2 "/>
</bind>
</comp>

<comp id="110" class="1004" name="grp_circular_shift_reg_Pipeline_WRITE_fu_110">
<pin_list>
<pin id="111" dir="0" index="0" bw="0" slack="0"/>
<pin id="112" dir="0" index="1" bw="8" slack="0"/>
<pin id="113" dir="0" index="2" bw="64" slack="2"/>
<pin id="114" dir="0" index="3" bw="5" slack="0"/>
<pin id="115" dir="0" index="4" bw="8" slack="0"/>
<pin id="116" dir="1" index="5" bw="0" slack="2147483647"/>
</pin_list>
<bind>
<opcode="call(48) " fcode="call"/>
<opset="call_ln5/3 "/>
</bind>
</comp>

<comp id="120" class="1004" name="regs_wptr_V_load_load_fu_120">
<pin_list>
<pin id="121" dir="0" index="0" bw="5" slack="0"/>
<pin id="122" dir="1" index="1" bw="5" slack="0"/>
</pin_list>
<bind>
<opcode="load(27) " fcode="load"/>
<opset="regs_wptr_V_load/2 "/>
</bind>
</comp>

<comp id="124" class="1004" name="zext_ln587_fu_124">
<pin_list>
<pin id="125" dir="0" index="0" bw="5" slack="0"/>
<pin id="126" dir="1" index="1" bw="64" slack="0"/>
</pin_list>
<bind>
<opcode="zext(34) " fcode="zext"/>
<opset="zext_ln587/2 "/>
</bind>
</comp>

<comp id="129" class="1004" name="gmem_addr_fu_129">
<pin_list>
<pin id="130" dir="0" index="0" bw="64" slack="0"/>
<pin id="131" dir="0" index="1" bw="64" slack="1"/>
<pin id="132" dir="1" index="2" bw="64" slack="0"/>
</pin_list>
<bind>
<opcode="getelementptr(29) " fcode="getelementptr"/>
<opset="gmem_addr/2 "/>
</bind>
</comp>

<comp id="135" class="1004" name="add_ln885_fu_135">
<pin_list>
<pin id="136" dir="0" index="0" bw="5" slack="2147483647"/>
<pin id="137" dir="0" index="1" bw="1" slack="0"/>
<pin id="138" dir="1" index="2" bw="5" slack="0"/>
</pin_list>
<bind>
<opcode="add(8) " fcode="add"/>
<opset="add_ln885/3 "/>
</bind>
</comp>

<comp id="140" class="1004" name="icmp_ln1064_fu_140">
<pin_list>
<pin id="141" dir="0" index="0" bw="5" slack="0"/>
<pin id="142" dir="0" index="1" bw="5" slack="0"/>
<pin id="143" dir="1" index="2" bw="1" slack="0"/>
</pin_list>
<bind>
<opcode="icmp(45) " fcode="icmp"/>
<opset="icmp_ln1064/3 "/>
</bind>
</comp>

<comp id="146" class="1004" name="select_ln38_fu_146">
<pin_list>
<pin id="147" dir="0" index="0" bw="1" slack="0"/>
<pin id="148" dir="0" index="1" bw="5" slack="0"/>
<pin id="149" dir="0" index="2" bw="5" slack="0"/>
<pin id="150" dir="1" index="3" bw="5" slack="0"/>
</pin_list>
<bind>
<opcode="select(49) " fcode="select"/>
<opset="select_ln38/3 "/>
</bind>
</comp>

<comp id="154" class="1004" name="store_ln38_store_fu_154">
<pin_list>
<pin id="155" dir="0" index="0" bw="5" slack="0"/>
<pin id="156" dir="0" index="1" bw="5" slack="0"/>
<pin id="157" dir="1" index="2" bw="0" slack="2147483647"/>
</pin_list>
<bind>
<opcode="store(28) " fcode="store"/>
<opset="store_ln38/3 "/>
</bind>
</comp>

<comp id="160" class="1004" name="add_ln70_fu_160">
<pin_list>
<pin id="161" dir="0" index="0" bw="5" slack="0"/>
<pin id="162" dir="0" index="1" bw="1" slack="0"/>
<pin id="163" dir="1" index="2" bw="5" slack="0"/>
</pin_list>
<bind>
<opcode="add(8) " fcode="add"/>
<opset="add_ln70/3 "/>
</bind>
</comp>

<comp id="167" class="1005" name="dout_read_reg_167">
<pin_list>
<pin id="168" dir="0" index="0" bw="64" slack="1"/>
<pin id="169" dir="1" index="1" bw="64" slack="1"/>
</pin_list>
<bind>
<opset="dout_read "/>
</bind>
</comp>

<comp id="176" class="1005" name="gmem_addr_reg_176">
<pin_list>
<pin id="177" dir="0" index="0" bw="8" slack="3"/>
<pin id="178" dir="1" index="1" bw="8" slack="3"/>
</pin_list>
<bind>
<opset="gmem_addr "/>
</bind>
</comp>

<comp id="181" class="1005" name="add_ln70_reg_181">
<pin_list>
<pin id="182" dir="0" index="0" bw="5" slack="1"/>
<pin id="183" dir="1" index="1" bw="5" slack="1"/>
</pin_list>
<bind>
<opset="add_ln70 "/>
</bind>
</comp>

</comp_list>

<net_list>
<net id="80"><net_src comp="10" pin="0"/><net_sink comp="76" pin=0"/></net>

<net id="81"><net_src comp="4" pin="0"/><net_sink comp="76" pin=1"/></net>

<net id="86"><net_src comp="12" pin="0"/><net_sink comp="82" pin=0"/></net>

<net id="87"><net_src comp="2" pin="0"/><net_sink comp="82" pin=1"/></net>

<net id="93"><net_src comp="16" pin="0"/><net_sink comp="88" pin=0"/></net>

<net id="94"><net_src comp="18" pin="0"/><net_sink comp="88" pin=2"/></net>

<net id="95"><net_src comp="30" pin="0"/><net_sink comp="88" pin=0"/></net>

<net id="101"><net_src comp="8" pin="0"/><net_sink comp="96" pin=0"/></net>

<net id="102"><net_src comp="14" pin="0"/><net_sink comp="96" pin=1"/></net>

<net id="108"><net_src comp="82" pin="2"/><net_sink comp="103" pin=1"/></net>

<net id="109"><net_src comp="96" pin="3"/><net_sink comp="103" pin=0"/></net>

<net id="117"><net_src comp="28" pin="0"/><net_sink comp="110" pin=0"/></net>

<net id="118"><net_src comp="0" pin="0"/><net_sink comp="110" pin=1"/></net>

<net id="119"><net_src comp="8" pin="0"/><net_sink comp="110" pin=4"/></net>

<net id="123"><net_src comp="6" pin="0"/><net_sink comp="120" pin=0"/></net>

<net id="127"><net_src comp="120" pin="1"/><net_sink comp="124" pin=0"/></net>

<net id="128"><net_src comp="124" pin="1"/><net_sink comp="96" pin=2"/></net>

<net id="133"><net_src comp="0" pin="0"/><net_sink comp="129" pin=0"/></net>

<net id="134"><net_src comp="129" pin="2"/><net_sink comp="88" pin=1"/></net>

<net id="139"><net_src comp="20" pin="0"/><net_sink comp="135" pin=1"/></net>

<net id="144"><net_src comp="135" pin="2"/><net_sink comp="140" pin=0"/></net>

<net id="145"><net_src comp="22" pin="0"/><net_sink comp="140" pin=1"/></net>

<net id="151"><net_src comp="140" pin="2"/><net_sink comp="146" pin=0"/></net>

<net id="152"><net_src comp="24" pin="0"/><net_sink comp="146" pin=1"/></net>

<net id="153"><net_src comp="135" pin="2"/><net_sink comp="146" pin=2"/></net>

<net id="158"><net_src comp="146" pin="3"/><net_sink comp="154" pin=0"/></net>

<net id="159"><net_src comp="6" pin="0"/><net_sink comp="154" pin=1"/></net>

<net id="164"><net_src comp="146" pin="3"/><net_sink comp="160" pin=0"/></net>

<net id="165"><net_src comp="26" pin="0"/><net_sink comp="160" pin=1"/></net>

<net id="166"><net_src comp="160" pin="2"/><net_sink comp="110" pin=3"/></net>

<net id="170"><net_src comp="76" pin="2"/><net_sink comp="167" pin=0"/></net>

<net id="171"><net_src comp="167" pin="1"/><net_sink comp="129" pin=1"/></net>

<net id="172"><net_src comp="167" pin="1"/><net_sink comp="110" pin=2"/></net>

<net id="179"><net_src comp="129" pin="2"/><net_sink comp="176" pin=0"/></net>

<net id="180"><net_src comp="176" pin="1"/><net_sink comp="88" pin=1"/></net>

<net id="184"><net_src comp="160" pin="2"/><net_sink comp="181" pin=0"/></net>

<net id="185"><net_src comp="181" pin="1"/><net_sink comp="110" pin=3"/></net>

</net_list>

</model> 
---------------- Datapath Model END ------------------

* FSMD analyzer results:
  - Output states:
	Port: gmem | {2 3 4 5 6 7 8 9 10 11 12 13 14 15 16 17 18 19 20 21 22 23 24 25 26 27 28 29 30 31 32 33 34 35 36 37 38 39 40 41 42 43 44 45 46 47 48 49 50 51 52 53 54 55 56 57 58 59 60 61 62 63 64 65 66 67 68 69 70 71 72 }
	Port: regs_wptr_V | {3 }
	Port: regs_mem_V | {2 }
 - Input state : 
	Port: circular_shift_reg : din | {2 }
	Port: circular_shift_reg : dout | {1 }
	Port: circular_shift_reg : regs_wptr_V | {2 }
	Port: circular_shift_reg : regs_mem_V | {3 4 }
  - Chain level:
	State 1
	State 2
		zext_ln587 : 1
		regs_mem_V_addr : 2
		store_ln36 : 3
		empty : 1
	State 3
		icmp_ln1064 : 1
		select_ln38 : 2
		store_ln38 : 3
		add_ln70 : 3
		call_ln5 : 4
	State 4
	State 5
	State 6
	State 7
	State 8
	State 9
	State 10
	State 11
	State 12
	State 13
	State 14
	State 15
	State 16
	State 17
	State 18
	State 19
	State 20
	State 21
	State 22
	State 23
	State 24
	State 25
	State 26
	State 27
	State 28
	State 29
	State 30
	State 31
	State 32
	State 33
	State 34
	State 35
	State 36
	State 37
	State 38
	State 39
	State 40
	State 41
	State 42
	State 43
	State 44
	State 45
	State 46
	State 47
	State 48
	State 49
	State 50
	State 51
	State 52
	State 53
	State 54
	State 55
	State 56
	State 57
	State 58
	State 59
	State 60
	State 61
	State 62
	State 63
	State 64
	State 65
	State 66
	State 67
	State 68
	State 69
	State 70
	State 71
	State 72


============================================================
+ Verbose Summary: Datapath Resource usage 
============================================================

* Functional unit list:
|----------|----------------------------------------------|---------|---------|---------|
| Operation|                Functional Unit               |  Delay  |    FF   |   LUT   |
|----------|----------------------------------------------|---------|---------|---------|
|   call   | grp_circular_shift_reg_Pipeline_WRITE_fu_110 |  0.427  |    25   |    58   |
|----------|----------------------------------------------|---------|---------|---------|
|    add   |               add_ln885_fu_135               |    0    |    0    |    12   |
|          |                add_ln70_fu_160               |    0    |    0    |    12   |
|----------|----------------------------------------------|---------|---------|---------|
|   icmp   |              icmp_ln1064_fu_140              |    0    |    0    |    9    |
|----------|----------------------------------------------|---------|---------|---------|
|  select  |              select_ln38_fu_146              |    0    |    0    |    5    |
|----------|----------------------------------------------|---------|---------|---------|
|   read   |             dout_read_read_fu_76             |    0    |    0    |    0    |
|          |              din_read_read_fu_82             |    0    |    0    |    0    |
|----------|----------------------------------------------|---------|---------|---------|
| writeresp|              grp_writeresp_fu_88             |    0    |    0    |    0    |
|----------|----------------------------------------------|---------|---------|---------|
|   zext   |               zext_ln587_fu_124              |    0    |    0    |    0    |
|----------|----------------------------------------------|---------|---------|---------|
|   Total  |                                              |  0.427  |    25   |    96   |
|----------|----------------------------------------------|---------|---------|---------|

Memories:
+----------+--------+--------+--------+
|          |  BRAM  |   FF   |   LUT  |
+----------+--------+--------+--------+
|regs_mem_V|    1   |    0   |    0   |
+----------+--------+--------+--------+
|   Total  |    1   |    0   |    0   |
+----------+--------+--------+--------+

* Register list:
+-----------------+--------+
|                 |   FF   |
+-----------------+--------+
| add_ln70_reg_181|    5   |
|dout_read_reg_167|   64   |
|gmem_addr_reg_176|    8   |
+-----------------+--------+
|      Total      |   77   |
+-----------------+--------+

* Multiplexer (MUX) list: 
|----------------------------------------------|------|------|------|--------||---------||---------|
|                     Comp                     |  Pin | Size |  BW  | S x BW ||  Delay  ||   LUT   |
|----------------------------------------------|------|------|------|--------||---------||---------|
|              grp_writeresp_fu_88             |  p0  |   2  |   1  |    2   |
|              grp_writeresp_fu_88             |  p1  |   2  |   8  |   16   ||    9    |
| grp_circular_shift_reg_Pipeline_WRITE_fu_110 |  p3  |   2  |   5  |   10   ||    9    |
|----------------------------------------------|------|------|------|--------||---------||---------|
|                     Total                    |      |      |      |   28   ||  1.281  ||    18   |
|----------------------------------------------|------|------|------|--------||---------||---------|



* Summary:
+-----------+--------+--------+--------+--------+
|           |  BRAM  |  Delay |   FF   |   LUT  |
+-----------+--------+--------+--------+--------+
|  Function |    -   |    0   |   25   |   96   |
|   Memory  |    1   |    -   |    0   |    0   |
|Multiplexer|    -   |    1   |    -   |   18   |
|  Register |    -   |    -   |   77   |    -   |
+-----------+--------+--------+--------+--------+
|   Total   |    1   |    1   |   102  |   114  |
+-----------+--------+--------+--------+--------+
