

================================================================
== Vitis HLS Report for 'word_width_Pipeline_WRITE'
================================================================
* Date:           Wed Jun  5 16:27:51 2024

* Version:        2021.2 (Build 3367213 on Tue Oct 19 02:48:09 MDT 2021)
* Project:        m3
* Solution:       solution1 (Vitis Kernel Flow Target)
* Product family: virtexuplus
* Target device:  xcvu11p-flga2577-1-e


================================================================
== Performance Estimates
================================================================
+ Timing: 
    * Summary: 
    +--------+----------+----------+------------+
    |  Clock |  Target  | Estimated| Uncertainty|
    +--------+----------+----------+------------+
    |ap_clk  |  10.00 ns|  3.621 ns|     2.70 ns|
    +--------+----------+----------+------------+

+ Latency: 
    * Summary: 
    +---------+---------+----------+----------+--------+--------+---------+
    |  Latency (cycles) |  Latency (absolute) |     Interval    | Pipeline|
    |   min   |   max   |    min   |    max   |   min  |   max  |   Type  |
    +---------+---------+----------+----------+--------+--------+---------+
    |   409602|   409602|  4.096 ms|  4.096 ms|  409602|  409602|       no|
    +---------+---------+----------+----------+--------+--------+---------+

    + Detail: 
        * Instance: 
        N/A

        * Loop: 
        +----------+---------+---------+----------+-----------+-----------+--------+----------+
        |          |  Latency (cycles) | Iteration|  Initiation Interval  |  Trip  |          |
        | Loop Name|   min   |   max   |  Latency |  achieved |   target  |  Count | Pipelined|
        +----------+---------+---------+----------+-----------+-----------+--------+----------+
        |- WRITE   |   409600|   409600|         2|          1|          1|  409600|       yes|
        +----------+---------+---------+----------+-----------+-----------+--------+----------+



================================================================
== Utilization Estimates
================================================================
* Summary: 
+---------------------+---------+------+---------+---------+-----+
|         Name        | BRAM_18K|  DSP |    FF   |   LUT   | URAM|
+---------------------+---------+------+---------+---------+-----+
|DSP                  |        -|     -|        -|        -|    -|
|Expression           |        -|     -|        0|       80|    -|
|FIFO                 |        -|     -|        -|        -|    -|
|Instance             |        -|     -|        -|        -|    -|
|Memory               |        -|     -|        -|        -|    -|
|Multiplexer          |        -|     -|        -|       36|    -|
|Register             |        -|     -|       41|        -|    -|
+---------------------+---------+------+---------+---------+-----+
|Total                |        0|     0|       41|      116|    0|
+---------------------+---------+------+---------+---------+-----+
|Available SLR        |     1344|  3072|   864000|   432000|  320|
+---------------------+---------+------+---------+---------+-----+
|Utilization SLR (%)  |        0|     0|       ~0|       ~0|    0|
+---------------------+---------+------+---------+---------+-----+
|Available            |     4032|  9216|  2592000|  1296000|  960|
+---------------------+---------+------+---------+---------+-----+
|Utilization (%)      |        0|     0|       ~0|       ~0|    0|
+---------------------+---------+------+---------+---------+-----+

+ Detail: 
    * Instance: 
    N/A

    * DSP: 
    N/A

    * Memory: 
    N/A

    * FIFO: 
    N/A

    * Expression: 
    +--------------------+----------+----+---+----+------------+------------+
    |    Variable Name   | Operation| DSP| FF| LUT| Bitwidth P0| Bitwidth P1|
    +--------------------+----------+----+---+----+------------+------------+
    |add_ln29_fu_98_p2   |         +|   0|  0|  26|          19|           1|
    |add_ln70_fu_138_p2  |         +|   0|  0|  19|           8|           8|
    |y_Din_A             |         +|   0|  0|  19|           8|           8|
    |icmp_ln27_fu_92_p2  |      icmp|   0|  0|  14|          19|          18|
    |ap_enable_pp0       |       xor|   0|  0|   2|           1|           2|
    +--------------------+----------+----+---+----+------------+------------+
    |Total               |          |   0|  0|  80|          55|          37|
    +--------------------+----------+----+---+----+------------+------------+

    * Multiplexer: 
    +-------------------------+----+-----------+-----+-----------+
    |           Name          | LUT| Input Size| Bits| Total Bits|
    +-------------------------+----+-----------+-----+-----------+
    |ap_done_int              |   9|          2|    1|          2|
    |ap_enable_reg_pp0_iter1  |   9|          2|    1|          2|
    |ap_sig_allocacmp_idx     |   9|          2|   19|         38|
    |i_fu_54                  |   9|          2|   19|         38|
    +-------------------------+----+-----------+-----+-----------+
    |Total                    |  36|          8|   40|         80|
    +-------------------------+----+-----------+-----+-----------+

    * Register: 
    +-------------------------+----+----+-----+-----------+
    |           Name          | FF | LUT| Bits| Const Bits|
    +-------------------------+----+----+-----+-----------+
    |ap_CS_fsm                |   1|   0|    1|          0|
    |ap_done_reg              |   1|   0|    1|          0|
    |ap_enable_reg_pp0_iter1  |   1|   0|    1|          0|
    |i_fu_54                  |  19|   0|   19|          0|
    |zext_ln27_reg_161        |  19|   0|   64|         45|
    +-------------------------+----+----+-----+-----------+
    |Total                    |  41|   0|   86|         45|
    +-------------------------+----+----+-----+-----------+



================================================================
== Interface
================================================================
* Summary: 
+----------------------------------------------+-----+-----+------------+-------------------------------------+--------------+
|                   RTL Ports                  | Dir | Bits|  Protocol  |            Source Object            |    C Type    |
+----------------------------------------------+-----+-----+------------+-------------------------------------+--------------+
|ap_clk                                        |   in|    1|  ap_ctrl_hs|            word_width_Pipeline_WRITE|  return value|
|ap_rst                                        |   in|    1|  ap_ctrl_hs|            word_width_Pipeline_WRITE|  return value|
|ap_start                                      |   in|    1|  ap_ctrl_hs|            word_width_Pipeline_WRITE|  return value|
|ap_done                                       |  out|    1|  ap_ctrl_hs|            word_width_Pipeline_WRITE|  return value|
|ap_idle                                       |  out|    1|  ap_ctrl_hs|            word_width_Pipeline_WRITE|  return value|
|ap_ready                                      |  out|    1|  ap_ctrl_hs|            word_width_Pipeline_WRITE|  return value|
|y_Addr_A                                      |  out|   32|        bram|                                    y|         array|
|y_EN_A                                        |  out|    1|        bram|                                    y|         array|
|y_WEN_A                                       |  out|    1|        bram|                                    y|         array|
|y_Din_A                                       |  out|    8|        bram|                                    y|         array|
|y_Dout_A                                      |   in|    8|        bram|                                    y|         array|
|word_width_ap_int_8_ap_int_8_bool_x_address0  |  out|   19|   ap_memory|  word_width_ap_int_8_ap_int_8_bool_x|         array|
|word_width_ap_int_8_ap_int_8_bool_x_ce0       |  out|    1|   ap_memory|  word_width_ap_int_8_ap_int_8_bool_x|         array|
|word_width_ap_int_8_ap_int_8_bool_x_q0        |   in|   24|   ap_memory|  word_width_ap_int_8_ap_int_8_bool_x|         array|
+----------------------------------------------+-----+-----+------------+-------------------------------------+--------------+

