

================================================================
== Vitis HLS Report for 'interleave_manual_rnd_Pipeline_LOAD'
================================================================
* Date:           Sat Jun  1 16:44:04 2024

* Version:        2021.2 (Build 3367213 on Tue Oct 19 02:48:09 MDT 2021)
* Project:        w72
* Solution:       solution1 (Vitis Kernel Flow Target)
* Product family: virtexuplus
* Target device:  xcvu11p-flga2577-1-e


================================================================
== Performance Estimates
================================================================
+ Timing: 
    * Summary: 
    +--------+----------+----------+------------+
    |  Clock |  Target  | Estimated| Uncertainty|
    +--------+----------+----------+------------+
    |ap_clk  |  10.00 ns|  7.300 ns|     2.70 ns|
    +--------+----------+----------+------------+

+ Latency: 
    * Summary: 
    +---------+---------+----------+----------+-----+-----+---------+
    |  Latency (cycles) |  Latency (absolute) |  Interval | Pipeline|
    |   min   |   max   |    min   |    max   | min | max |   Type  |
    +---------+---------+----------+----------+-----+-----+---------+
    |       12|       12|  0.120 us|  0.120 us|   12|   12|       no|
    +---------+---------+----------+----------+-----+-----+---------+

    + Detail: 
        * Instance: 
        N/A

        * Loop: 
        +----------+---------+---------+----------+-----------+-----------+------+----------+
        |          |  Latency (cycles) | Iteration|  Initiation Interval  | Trip |          |
        | Loop Name|   min   |   max   |  Latency |  achieved |   target  | Count| Pipelined|
        +----------+---------+---------+----------+-----------+-----------+------+----------+
        |- LOAD    |       10|       10|         3|          1|          1|     9|       yes|
        +----------+---------+---------+----------+-----------+-----------+------+----------+

============================================================
+ Verbose Summary: Synthesis Manager
============================================================
InlineROM: 1
ExposeGlobal: 0
============================================================
+ Verbose Summary: CDFG Model
============================================================
IsTopModel: 0
ResetActiveHigh: 1
IsCombinational: 0
IsDatapathOnly: 0
HasWiredReturn: 1
HasMFsm: 2
HasVarLatency: 1
IsPipeline: 0
IsRtlPipelined: 0
IsInstanceOverlapped: 0
IsDontTouch: 0
HasImplIP: 0
IsGatedGlobalClock: 0

+ Individual pipeline summary: 
  * Pipeline-0: initiation interval (II) = 1, depth = 3


============================================================
+ Verbose Summary: Schedule
============================================================
* Number of FSM states : 3
* Pipeline : 1
  Pipeline-0 : II = 1, D = 3, States = { 1 2 3 }
* Dataflow Pipeline: 0

* FSM state transitions: 
1 --> 2 
2 --> 3 
3 --> 

* FSM state operations: 

State 1 <SV = 0> <Delay = 1.26>
ST_1 : Operation 6 [1/1] (0.00ns)   --->   "%ret = alloca i32 1"   --->   Operation 6 'alloca' 'ret' <Predicate = true> <Delay = 0.00>
ST_1 : Operation 7 [1/1] (0.00ns)   --->   "%phi_mul7 = alloca i32 1"   --->   Operation 7 'alloca' 'phi_mul7' <Predicate = true> <Delay = 0.00>
ST_1 : Operation 8 [1/1] (0.00ns)   --->   "%phi_mul5 = alloca i32 1"   --->   Operation 8 'alloca' 'phi_mul5' <Predicate = true> <Delay = 0.00>
ST_1 : Operation 9 [1/1] (0.00ns)   --->   "%phi_mul = alloca i32 1"   --->   Operation 9 'alloca' 'phi_mul' <Predicate = true> <Delay = 0.00>
ST_1 : Operation 10 [1/1] (0.00ns)   --->   "%i_V = alloca i32 1"   --->   Operation 10 'alloca' 'i_V' <Predicate = true> <Delay = 0.00>
ST_1 : Operation 11 [1/1] (0.00ns)   --->   "%specmemcore_ln0 = specmemcore void @_ssdm_op_SpecMemCore, i8 %x_x2_V, i64 666, i64 18, i64 18446744073709551615"   --->   Operation 11 'specmemcore' 'specmemcore_ln0' <Predicate = true> <Delay = 0.00>
ST_1 : Operation 12 [1/1] (0.00ns)   --->   "%specmemcore_ln0 = specmemcore void @_ssdm_op_SpecMemCore, i8 %x_x1_V, i64 666, i64 18, i64 18446744073709551615"   --->   Operation 12 'specmemcore' 'specmemcore_ln0' <Predicate = true> <Delay = 0.00>
ST_1 : Operation 13 [1/1] (0.00ns)   --->   "%specmemcore_ln0 = specmemcore void @_ssdm_op_SpecMemCore, i8 %x_x0_V, i64 666, i64 18, i64 18446744073709551615"   --->   Operation 13 'specmemcore' 'specmemcore_ln0' <Predicate = true> <Delay = 0.00>
ST_1 : Operation 14 [1/1] (0.00ns)   --->   "%specinterface_ln0 = specinterface void @_ssdm_op_SpecInterface, i8 %gmem, void @empty, i32 0, i32 0, void @empty_0, i32 64, i32 0, void @empty_1, void @empty_2, void @empty_0, i32 16, i32 16, i32 16, i32 16, void @empty_0, void @empty_0"   --->   Operation 14 'specinterface' 'specinterface_ln0' <Predicate = true> <Delay = 0.00>
ST_1 : Operation 15 [1/1] (0.00ns)   --->   "%x_in_read = read i64 @_ssdm_op_Read.ap_auto.i64, i64 %x_in"   --->   Operation 15 'read' 'x_in_read' <Predicate = true> <Delay = 0.00>
ST_1 : Operation 16 [1/1] (0.46ns)   --->   "%store_ln0 = store i4 0, i4 %i_V"   --->   Operation 16 'store' 'store_ln0' <Predicate = true> <Delay = 0.46>
ST_1 : Operation 17 [1/1] (0.46ns)   --->   "%store_ln0 = store i8 0, i8 %phi_mul"   --->   Operation 17 'store' 'store_ln0' <Predicate = true> <Delay = 0.46>
ST_1 : Operation 18 [1/1] (0.46ns)   --->   "%store_ln0 = store i8 0, i8 %phi_mul5"   --->   Operation 18 'store' 'store_ln0' <Predicate = true> <Delay = 0.46>
ST_1 : Operation 19 [1/1] (0.46ns)   --->   "%store_ln0 = store i8 0, i8 %phi_mul7"   --->   Operation 19 'store' 'store_ln0' <Predicate = true> <Delay = 0.46>
ST_1 : Operation 20 [1/1] (0.46ns)   --->   "%store_ln0 = store i4 0, i4 %ret"   --->   Operation 20 'store' 'store_ln0' <Predicate = true> <Delay = 0.46>
ST_1 : Operation 21 [1/1] (0.00ns)   --->   "%br_ln0 = br void"   --->   Operation 21 'br' 'br_ln0' <Predicate = true> <Delay = 0.00>
ST_1 : Operation 22 [1/1] (0.00ns)   --->   "%i_V_1 = load i4 %i_V" [../src/interleave_manual_rnd.cpp:14]   --->   Operation 22 'load' 'i_V_1' <Predicate = true> <Delay = 0.00>
ST_1 : Operation 23 [1/1] (0.00ns)   --->   "%specbitsmap_ln0 = specbitsmap void @_ssdm_op_SpecBitsMap, i8 %gmem"   --->   Operation 23 'specbitsmap' 'specbitsmap_ln0' <Predicate = true> <Delay = 0.00>
ST_1 : Operation 24 [1/1] (0.00ns)   --->   "%gmem_addr = getelementptr i8 %gmem, i64 %x_in_read" [../src/interleave_manual_rnd.cpp:14]   --->   Operation 24 'getelementptr' 'gmem_addr' <Predicate = true> <Delay = 0.00>
ST_1 : Operation 25 [1/1] (0.72ns)   --->   "%icmp_ln14 = icmp_eq  i4 %i_V_1, i4 9" [../src/interleave_manual_rnd.cpp:14]   --->   Operation 25 'icmp' 'icmp_ln14' <Predicate = true> <Delay = 0.72> <CoreInst = "Cmp">   --->   Core 9 'Cmp' <Latency = 0> <II = 1> <Delay = 0.72> <FuncUnit> <Opcode : 'icmp'> <InPorts = 2> <OutPorts = 1>
ST_1 : Operation 26 [1/1] (0.00ns)   --->   "%empty = speclooptripcount i32 @_ssdm_op_SpecLoopTripCount, i64 9, i64 9, i64 9"   --->   Operation 26 'speclooptripcount' 'empty' <Predicate = true> <Delay = 0.00>
ST_1 : Operation 27 [1/1] (0.80ns)   --->   "%i = add i4 %i_V_1, i4 1" [../src/interleave_manual_rnd.cpp:14]   --->   Operation 27 'add' 'i' <Predicate = true> <Delay = 0.80> <CoreInst = "Adder">   --->   Core 1 'Adder' <Latency = 0> <II = 1> <Delay = 0.80> <FuncUnit> <Opcode : 'add' 'sub'> <InPorts = 2> <OutPorts = 1>
ST_1 : Operation 28 [1/1] (0.00ns)   --->   "%br_ln14 = br i1 %icmp_ln14, void %.split, void %.loopexit.loopexit.exitStub" [../src/interleave_manual_rnd.cpp:14]   --->   Operation 28 'br' 'br_ln14' <Predicate = true> <Delay = 0.00>
ST_1 : Operation 29 [1/1] (0.46ns)   --->   "%store_ln14 = store i4 %i, i4 %i_V" [../src/interleave_manual_rnd.cpp:14]   --->   Operation 29 'store' 'store_ln14' <Predicate = (!icmp_ln14)> <Delay = 0.46>

State 2 <SV = 1> <Delay = 7.30>
ST_2 : Operation 30 [1/1] (0.00ns)   --->   "%ret_load = load i4 %ret"   --->   Operation 30 'load' 'ret_load' <Predicate = true> <Delay = 0.00>
ST_2 : Operation 31 [1/1] (7.30ns)   --->   "%gmem_addr_read = read i8 @_ssdm_op_Read.m_axi.p1i8, i8 %gmem_addr" [../src/./write_mem_rnd.hpp:9]   --->   Operation 31 'read' 'gmem_addr_read' <Predicate = true> <Delay = 7.30> <CoreInst = "m_axi">   --->   Core 121 'm_axi' <Latency = 6> <II = 1> <Delay = 1.00> <Adapter> <Opcode : 'read' 'write' 'readreq' 'writereq' 'writeresp'>
ST_2 : Operation 32 [1/1] (0.00ns)   --->   "%trunc_ln1559 = trunc i4 %ret_load"   --->   Operation 32 'trunc' 'trunc_ln1559' <Predicate = true> <Delay = 0.00>
ST_2 : Operation 33 [1/1] (0.56ns)   --->   "%switch_ln10 = switch i2 %trunc_ln1559, void, i2 2, void, i2 1, void" [../src/./write_mem_rnd.hpp:10]   --->   Operation 33 'switch' 'switch_ln10' <Predicate = true> <Delay = 0.56>
ST_2 : Operation 34 [1/1] (0.00ns)   --->   "%ret_load_1 = load i4 %ret" [../src/interleave_manual_rnd.cpp:14]   --->   Operation 34 'load' 'ret_load_1' <Predicate = true> <Delay = 0.00>
ST_2 : Operation 35 [1/1] (0.80ns)   --->   "%add_ln14_1 = add i4 %ret_load_1, i4 1" [../src/interleave_manual_rnd.cpp:14]   --->   Operation 35 'add' 'add_ln14_1' <Predicate = true> <Delay = 0.80> <CoreInst = "Adder">   --->   Core 1 'Adder' <Latency = 0> <II = 1> <Delay = 0.80> <FuncUnit> <Opcode : 'add' 'sub'> <InPorts = 2> <OutPorts = 1>
ST_2 : Operation 36 [1/1] (0.72ns)   --->   "%icmp_ln14_1 = icmp_ult  i4 %add_ln14_1, i4 3" [../src/interleave_manual_rnd.cpp:14]   --->   Operation 36 'icmp' 'icmp_ln14_1' <Predicate = true> <Delay = 0.72> <CoreInst = "Cmp">   --->   Core 9 'Cmp' <Latency = 0> <II = 1> <Delay = 0.72> <FuncUnit> <Opcode : 'icmp'> <InPorts = 2> <OutPorts = 1>
ST_2 : Operation 37 [1/1] (0.18ns)   --->   "%select_ln14 = select i1 %icmp_ln14_1, i4 %add_ln14_1, i4 0" [../src/interleave_manual_rnd.cpp:14]   --->   Operation 37 'select' 'select_ln14' <Predicate = true> <Delay = 0.18> <CoreInst = "Sel">   --->   Core 73 'Sel' <Latency = 0> <II = 1> <Delay = 0.18> <FuncUnit> <Opcode : 'select'> <InPorts = 3> <OutPorts = 1>
ST_2 : Operation 38 [1/1] (0.46ns)   --->   "%store_ln14 = store i4 %select_ln14, i4 %ret" [../src/interleave_manual_rnd.cpp:14]   --->   Operation 38 'store' 'store_ln14' <Predicate = true> <Delay = 0.46>
ST_2 : Operation 66 [1/1] (0.00ns)   --->   "%ret_ln0 = ret"   --->   Operation 66 'ret' 'ret_ln0' <Predicate = (icmp_ln14)> <Delay = 0.00>

State 3 <SV = 2> <Delay = 1.33>
ST_3 : Operation 39 [1/1] (0.00ns)   --->   "%phi_mul7_load = load i8 %phi_mul7" [../src/./write_mem_rnd.hpp:10]   --->   Operation 39 'load' 'phi_mul7_load' <Predicate = true> <Delay = 0.00>
ST_3 : Operation 40 [1/1] (0.00ns)   --->   "%phi_mul5_load = load i8 %phi_mul5" [../src/./write_mem_rnd.hpp:10]   --->   Operation 40 'load' 'phi_mul5_load' <Predicate = true> <Delay = 0.00>
ST_3 : Operation 41 [1/1] (0.00ns)   --->   "%phi_mul_load = load i8 %phi_mul" [../src/./write_mem_rnd.hpp:10]   --->   Operation 41 'load' 'phi_mul_load' <Predicate = true> <Delay = 0.00>
ST_3 : Operation 42 [1/1] (0.00ns)   --->   "%specpipeline_ln321 = specpipeline void @_ssdm_op_SpecPipeline, i32 1, i32 0, i32 0, i32 0, void @empty_0"   --->   Operation 42 'specpipeline' 'specpipeline_ln321' <Predicate = true> <Delay = 0.00>
ST_3 : Operation 43 [1/1] (0.00ns)   --->   "%specloopname_ln321 = specloopname void @_ssdm_op_SpecLoopName, void @empty_12"   --->   Operation 43 'specloopname' 'specloopname_ln321' <Predicate = true> <Delay = 0.00>
ST_3 : Operation 44 [1/1] (0.87ns)   --->   "%add_ln10 = add i8 %phi_mul_load, i8 22" [../src/./write_mem_rnd.hpp:10]   --->   Operation 44 'add' 'add_ln10' <Predicate = true> <Delay = 0.87> <CoreInst = "Adder">   --->   Core 1 'Adder' <Latency = 0> <II = 1> <Delay = 0.80> <FuncUnit> <Opcode : 'add' 'sub'> <InPorts = 2> <OutPorts = 1>
ST_3 : Operation 45 [1/1] (0.87ns)   --->   "%add_ln10_1 = add i8 %phi_mul5_load, i8 22" [../src/./write_mem_rnd.hpp:10]   --->   Operation 45 'add' 'add_ln10_1' <Predicate = true> <Delay = 0.87> <CoreInst = "Adder">   --->   Core 1 'Adder' <Latency = 0> <II = 1> <Delay = 0.80> <FuncUnit> <Opcode : 'add' 'sub'> <InPorts = 2> <OutPorts = 1>
ST_3 : Operation 46 [1/1] (0.87ns)   --->   "%add_ln10_2 = add i8 %phi_mul7_load, i8 22" [../src/./write_mem_rnd.hpp:10]   --->   Operation 46 'add' 'add_ln10_2' <Predicate = true> <Delay = 0.87> <CoreInst = "Adder">   --->   Core 1 'Adder' <Latency = 0> <II = 1> <Delay = 0.80> <FuncUnit> <Opcode : 'add' 'sub'> <InPorts = 2> <OutPorts = 1>
ST_3 : Operation 47 [1/1] (0.00ns)   --->   "%tmp_2 = partselect i2 @_ssdm_op_PartSelect.i2.i8.i32.i32, i8 %phi_mul5_load, i32 6, i32 7" [../src/./write_mem_rnd.hpp:10]   --->   Operation 47 'partselect' 'tmp_2' <Predicate = (trunc_ln1559 == 1)> <Delay = 0.00>
ST_3 : Operation 48 [1/1] (0.00ns)   --->   "%zext_ln587_2 = zext i2 %tmp_2"   --->   Operation 48 'zext' 'zext_ln587_2' <Predicate = (trunc_ln1559 == 1)> <Delay = 0.00>
ST_3 : Operation 49 [1/1] (0.00ns)   --->   "%x_x1_V_addr = getelementptr i8 %x_x1_V, i64 0, i64 %zext_ln587_2" [../src/./write_mem_rnd.hpp:15]   --->   Operation 49 'getelementptr' 'x_x1_V_addr' <Predicate = (trunc_ln1559 == 1)> <Delay = 0.00>
ST_3 : Operation 50 [1/1] (1.29ns)   --->   "%store_ln15 = store i8 %gmem_addr_read, i2 %x_x1_V_addr" [../src/./write_mem_rnd.hpp:15]   --->   Operation 50 'store' 'store_ln15' <Predicate = (trunc_ln1559 == 1)> <Delay = 1.29> <CoreInst = "RAM_1P_BRAM">   --->   Core 90 'RAM_1P_BRAM' <Latency = 1> <II = 1> <Delay = 1.29> <Storage> <Opcode : 'load' 'store'> <Ports = 1> <Width = 8> <Depth = 3> <RAM>
ST_3 : Operation 51 [1/1] (0.00ns)   --->   "%br_ln16 = br void %_ZN18interleave_mem_rndI6ap_intILi8EELi9EE9write_rndE7ap_uintILi16EEPS1_.exit" [../src/./write_mem_rnd.hpp:16]   --->   Operation 51 'br' 'br_ln16' <Predicate = (trunc_ln1559 == 1)> <Delay = 0.00>
ST_3 : Operation 52 [1/1] (0.00ns)   --->   "%tmp_1 = partselect i2 @_ssdm_op_PartSelect.i2.i8.i32.i32, i8 %phi_mul7_load, i32 6, i32 7" [../src/./write_mem_rnd.hpp:10]   --->   Operation 52 'partselect' 'tmp_1' <Predicate = (trunc_ln1559 == 2)> <Delay = 0.00>
ST_3 : Operation 53 [1/1] (0.00ns)   --->   "%zext_ln587_1 = zext i2 %tmp_1"   --->   Operation 53 'zext' 'zext_ln587_1' <Predicate = (trunc_ln1559 == 2)> <Delay = 0.00>
ST_3 : Operation 54 [1/1] (0.00ns)   --->   "%x_x2_V_addr = getelementptr i8 %x_x2_V, i64 0, i64 %zext_ln587_1" [../src/./write_mem_rnd.hpp:18]   --->   Operation 54 'getelementptr' 'x_x2_V_addr' <Predicate = (trunc_ln1559 == 2)> <Delay = 0.00>
ST_3 : Operation 55 [1/1] (1.29ns)   --->   "%store_ln18 = store i8 %gmem_addr_read, i2 %x_x2_V_addr" [../src/./write_mem_rnd.hpp:18]   --->   Operation 55 'store' 'store_ln18' <Predicate = (trunc_ln1559 == 2)> <Delay = 1.29> <CoreInst = "RAM_1P_BRAM">   --->   Core 90 'RAM_1P_BRAM' <Latency = 1> <II = 1> <Delay = 1.29> <Storage> <Opcode : 'load' 'store'> <Ports = 1> <Width = 8> <Depth = 3> <RAM>
ST_3 : Operation 56 [1/1] (0.00ns)   --->   "%br_ln19 = br void %_ZN18interleave_mem_rndI6ap_intILi8EELi9EE9write_rndE7ap_uintILi16EEPS1_.exit" [../src/./write_mem_rnd.hpp:19]   --->   Operation 56 'br' 'br_ln19' <Predicate = (trunc_ln1559 == 2)> <Delay = 0.00>
ST_3 : Operation 57 [1/1] (0.00ns)   --->   "%tmp = partselect i2 @_ssdm_op_PartSelect.i2.i8.i32.i32, i8 %phi_mul_load, i32 6, i32 7" [../src/./write_mem_rnd.hpp:10]   --->   Operation 57 'partselect' 'tmp' <Predicate = (trunc_ln1559 != 2 & trunc_ln1559 != 1)> <Delay = 0.00>
ST_3 : Operation 58 [1/1] (0.00ns)   --->   "%zext_ln587 = zext i2 %tmp"   --->   Operation 58 'zext' 'zext_ln587' <Predicate = (trunc_ln1559 != 2 & trunc_ln1559 != 1)> <Delay = 0.00>
ST_3 : Operation 59 [1/1] (0.00ns)   --->   "%x_x0_V_addr = getelementptr i8 %x_x0_V, i64 0, i64 %zext_ln587" [../src/./write_mem_rnd.hpp:12]   --->   Operation 59 'getelementptr' 'x_x0_V_addr' <Predicate = (trunc_ln1559 != 2 & trunc_ln1559 != 1)> <Delay = 0.00>
ST_3 : Operation 60 [1/1] (1.29ns)   --->   "%store_ln12 = store i8 %gmem_addr_read, i2 %x_x0_V_addr" [../src/./write_mem_rnd.hpp:12]   --->   Operation 60 'store' 'store_ln12' <Predicate = (trunc_ln1559 != 2 & trunc_ln1559 != 1)> <Delay = 1.29> <CoreInst = "RAM_1P_BRAM">   --->   Core 90 'RAM_1P_BRAM' <Latency = 1> <II = 1> <Delay = 1.29> <Storage> <Opcode : 'load' 'store'> <Ports = 1> <Width = 8> <Depth = 3> <RAM>
ST_3 : Operation 61 [1/1] (0.00ns)   --->   "%br_ln13 = br void %_ZN18interleave_mem_rndI6ap_intILi8EELi9EE9write_rndE7ap_uintILi16EEPS1_.exit" [../src/./write_mem_rnd.hpp:13]   --->   Operation 61 'br' 'br_ln13' <Predicate = (trunc_ln1559 != 2 & trunc_ln1559 != 1)> <Delay = 0.00>
ST_3 : Operation 62 [1/1] (0.46ns)   --->   "%store_ln10 = store i8 %add_ln10, i8 %phi_mul" [../src/./write_mem_rnd.hpp:10]   --->   Operation 62 'store' 'store_ln10' <Predicate = true> <Delay = 0.46>
ST_3 : Operation 63 [1/1] (0.46ns)   --->   "%store_ln10 = store i8 %add_ln10_1, i8 %phi_mul5" [../src/./write_mem_rnd.hpp:10]   --->   Operation 63 'store' 'store_ln10' <Predicate = true> <Delay = 0.46>
ST_3 : Operation 64 [1/1] (0.46ns)   --->   "%store_ln10 = store i8 %add_ln10_2, i8 %phi_mul7" [../src/./write_mem_rnd.hpp:10]   --->   Operation 64 'store' 'store_ln10' <Predicate = true> <Delay = 0.46>
ST_3 : Operation 65 [1/1] (0.00ns)   --->   "%br_ln0 = br void"   --->   Operation 65 'br' 'br_ln0' <Predicate = true> <Delay = 0.00>


============================================================
+ Verbose Summary: Timing violations
============================================================
Target clock period: 10ns, clock uncertainty: 2.7ns.

 <State 1>: 1.27ns
The critical path consists of the following:
	'alloca' operation ('i.V') [10]  (0 ns)
	'load' operation ('val', ../src/interleave_manual_rnd.cpp:14) on local variable 'i.V' [23]  (0 ns)
	'add' operation ('i', ../src/interleave_manual_rnd.cpp:14) [28]  (0.809 ns)
	'store' operation ('store_ln14', ../src/interleave_manual_rnd.cpp:14) of variable 'i', ../src/interleave_manual_rnd.cpp:14 on local variable 'i.V' [66]  (0.46 ns)

 <State 2>: 7.3ns
The critical path consists of the following:
	bus read operation ('gmem_addr_read', ../src/./write_mem_rnd.hpp:9) on port 'gmem' (../src/./write_mem_rnd.hpp:9) [37]  (7.3 ns)

 <State 3>: 1.33ns
The critical path consists of the following:
	'load' operation ('phi_mul_load', ../src/./write_mem_rnd.hpp:10) on local variable 'phi_mul' [34]  (0 ns)
	'add' operation ('add_ln10', ../src/./write_mem_rnd.hpp:10) [39]  (0.871 ns)
	'store' operation ('store_ln10', ../src/./write_mem_rnd.hpp:10) of variable 'add_ln10', ../src/./write_mem_rnd.hpp:10 on local variable 'phi_mul' [67]  (0.46 ns)


============================================================
+ Verbose Summary: Binding
============================================================
N/A
* FSMD analyzer results:
  - Output states:
 - Input state : 
  - Chain level:
	State 1
	State 2
	State 3


============================================================
+ Verbose Summary: Datapath Resource usage 
============================================================
N/A
