

================================================================
== Vitis HLS Report for 'interleave_manual_rnd_Pipeline_WRITE'
================================================================
* Date:           Sat Jun  1 16:44:04 2024

* Version:        2021.2 (Build 3367213 on Tue Oct 19 02:48:09 MDT 2021)
* Project:        w72
* Solution:       solution1 (Vitis Kernel Flow Target)
* Product family: virtexuplus
* Target device:  xcvu11p-flga2577-1-e


================================================================
== Performance Estimates
================================================================
+ Timing: 
    * Summary: 
    +--------+----------+----------+------------+
    |  Clock |  Target  | Estimated| Uncertainty|
    +--------+----------+----------+------------+
    |ap_clk  |  10.00 ns|  7.300 ns|     2.70 ns|
    +--------+----------+----------+------------+

+ Latency: 
    * Summary: 
    +---------+---------+-----------+-----------+-----+-----+---------+
    |  Latency (cycles) |   Latency (absolute)  |  Interval | Pipeline|
    |   min   |   max   |    min    |    max    | min | max |   Type  |
    +---------+---------+-----------+-----------+-----+-----+---------+
    |        6|        6|  60.000 ns|  60.000 ns|    6|    6|       no|
    +---------+---------+-----------+-----------+-----+-----+---------+

    + Detail: 
        * Instance: 
        N/A

        * Loop: 
        +----------+---------+---------+----------+-----------+-----------+------+----------+
        |          |  Latency (cycles) | Iteration|  Initiation Interval  | Trip |          |
        | Loop Name|   min   |   max   |  Latency |  achieved |   target  | Count| Pipelined|
        +----------+---------+---------+----------+-----------+-----------+------+----------+
        |- WRITE   |        4|        4|         3|          1|          1|     3|       yes|
        +----------+---------+---------+----------+-----------+-----------+------+----------+

============================================================
+ Verbose Summary: Synthesis Manager
============================================================
InlineROM: 1
ExposeGlobal: 0
============================================================
+ Verbose Summary: CDFG Model
============================================================
IsTopModel: 0
ResetActiveHigh: 1
IsCombinational: 0
IsDatapathOnly: 0
HasWiredReturn: 1
HasMFsm: 2
HasVarLatency: 1
IsPipeline: 0
IsRtlPipelined: 0
IsInstanceOverlapped: 0
IsDontTouch: 0
HasImplIP: 0
IsGatedGlobalClock: 0

+ Individual pipeline summary: 
  * Pipeline-0: initiation interval (II) = 1, depth = 3


============================================================
+ Verbose Summary: Schedule
============================================================
* Number of FSM states : 3
* Pipeline : 1
  Pipeline-0 : II = 1, D = 3, States = { 1 2 3 }
* Dataflow Pipeline: 0

* FSM state transitions: 
1 --> 2 
2 --> 3 
3 --> 

* FSM state operations: 

State 1 <SV = 0> <Delay = 1.29>
ST_1 : Operation 6 [1/1] (0.00ns)   --->   "%idx = alloca i32 1"   --->   Operation 6 'alloca' 'idx' <Predicate = true> <Delay = 0.00>
ST_1 : Operation 7 [1/1] (0.00ns)   --->   "%indvars_iv = alloca i32 1"   --->   Operation 7 'alloca' 'indvars_iv' <Predicate = true> <Delay = 0.00>
ST_1 : Operation 8 [1/1] (0.00ns)   --->   "%specmemcore_ln0 = specmemcore void @_ssdm_op_SpecMemCore, i8 %x_x2_V, i64 666, i64 18, i64 18446744073709551615"   --->   Operation 8 'specmemcore' 'specmemcore_ln0' <Predicate = true> <Delay = 0.00>
ST_1 : Operation 9 [1/1] (0.00ns)   --->   "%specmemcore_ln0 = specmemcore void @_ssdm_op_SpecMemCore, i8 %x_x1_V, i64 666, i64 18, i64 18446744073709551615"   --->   Operation 9 'specmemcore' 'specmemcore_ln0' <Predicate = true> <Delay = 0.00>
ST_1 : Operation 10 [1/1] (0.00ns)   --->   "%specmemcore_ln0 = specmemcore void @_ssdm_op_SpecMemCore, i8 %x_x0_V, i64 666, i64 18, i64 18446744073709551615"   --->   Operation 10 'specmemcore' 'specmemcore_ln0' <Predicate = true> <Delay = 0.00>
ST_1 : Operation 11 [1/1] (0.00ns)   --->   "%specinterface_ln0 = specinterface void @_ssdm_op_SpecInterface, i8 %gmem, void @empty, i32 0, i32 0, void @empty_0, i32 64, i32 0, void @empty_1, void @empty_2, void @empty_0, i32 16, i32 16, i32 16, i32 16, void @empty_0, void @empty_0"   --->   Operation 11 'specinterface' 'specinterface_ln0' <Predicate = true> <Delay = 0.00>
ST_1 : Operation 12 [1/1] (0.00ns)   --->   "%y_read = read i64 @_ssdm_op_Read.ap_auto.i64, i64 %y"   --->   Operation 12 'read' 'y_read' <Predicate = true> <Delay = 0.00>
ST_1 : Operation 13 [1/1] (0.46ns)   --->   "%store_ln0 = store i2 0, i2 %indvars_iv"   --->   Operation 13 'store' 'store_ln0' <Predicate = true> <Delay = 0.46>
ST_1 : Operation 14 [1/1] (0.46ns)   --->   "%store_ln0 = store i2 0, i2 %idx"   --->   Operation 14 'store' 'store_ln0' <Predicate = true> <Delay = 0.46>
ST_1 : Operation 15 [1/1] (0.00ns)   --->   "%br_ln0 = br void"   --->   Operation 15 'br' 'br_ln0' <Predicate = true> <Delay = 0.00>
ST_1 : Operation 16 [1/1] (0.00ns)   --->   "%idx_1 = load i2 %idx" [../src/interleave_manual_rnd.cpp:21]   --->   Operation 16 'load' 'idx_1' <Predicate = true> <Delay = 0.00>
ST_1 : Operation 17 [1/1] (0.00ns)   --->   "%indvars_iv_load = load i2 %indvars_iv"   --->   Operation 17 'load' 'indvars_iv_load' <Predicate = true> <Delay = 0.00>
ST_1 : Operation 18 [1/1] (0.00ns)   --->   "%specbitsmap_ln0 = specbitsmap void @_ssdm_op_SpecBitsMap, i8 %gmem"   --->   Operation 18 'specbitsmap' 'specbitsmap_ln0' <Predicate = true> <Delay = 0.00>
ST_1 : Operation 19 [1/1] (0.00ns)   --->   "%gmem_addr = getelementptr i8 %gmem, i64 %y_read" [../src/interleave_manual_rnd.cpp:19]   --->   Operation 19 'getelementptr' 'gmem_addr' <Predicate = true> <Delay = 0.00>
ST_1 : Operation 20 [1/1] (0.39ns)   --->   "%icmp_ln19 = icmp_eq  i2 %idx_1, i2 3" [../src/interleave_manual_rnd.cpp:19]   --->   Operation 20 'icmp' 'icmp_ln19' <Predicate = true> <Delay = 0.39> <CoreInst = "Cmp">   --->   Core 9 'Cmp' <Latency = 0> <II = 1> <Delay = 0.39> <FuncUnit> <Opcode : 'icmp'> <InPorts = 2> <OutPorts = 1>
ST_1 : Operation 21 [1/1] (0.00ns)   --->   "%empty = speclooptripcount i32 @_ssdm_op_SpecLoopTripCount, i64 3, i64 3, i64 3"   --->   Operation 21 'speclooptripcount' 'empty' <Predicate = true> <Delay = 0.00>
ST_1 : Operation 22 [1/1] (0.62ns)   --->   "%indvars_iv_next = add i2 %indvars_iv_load, i2 1"   --->   Operation 22 'add' 'indvars_iv_next' <Predicate = true> <Delay = 0.62> <CoreInst = "Adder">   --->   Core 1 'Adder' <Latency = 0> <II = 1> <Delay = 0.62> <FuncUnit> <Opcode : 'add' 'sub'> <InPorts = 2> <OutPorts = 1>
ST_1 : Operation 23 [1/1] (0.00ns)   --->   "%br_ln19 = br i1 %icmp_ln19, void %.split4, void %.loopexit.loopexit2.exitStub" [../src/interleave_manual_rnd.cpp:19]   --->   Operation 23 'br' 'br_ln19' <Predicate = true> <Delay = 0.00>
ST_1 : Operation 24 [1/1] (0.00ns)   --->   "%zext_ln587 = zext i2 %indvars_iv_load"   --->   Operation 24 'zext' 'zext_ln587' <Predicate = (!icmp_ln19)> <Delay = 0.00>
ST_1 : Operation 25 [1/1] (0.00ns)   --->   "%x_x0_V_addr = getelementptr i8 %x_x0_V, i64 0, i64 %zext_ln587" [../src/./read_mem_rnd.hpp:16]   --->   Operation 25 'getelementptr' 'x_x0_V_addr' <Predicate = (!icmp_ln19)> <Delay = 0.00>
ST_1 : Operation 26 [2/2] (1.29ns)   --->   "%tmp_V = load i2 %x_x0_V_addr" [../src/./read_mem_rnd.hpp:16]   --->   Operation 26 'load' 'tmp_V' <Predicate = (!icmp_ln19)> <Delay = 1.29> <CoreInst = "RAM_1P_BRAM">   --->   Core 90 'RAM_1P_BRAM' <Latency = 1> <II = 1> <Delay = 1.29> <Storage> <Opcode : 'load' 'store'> <Ports = 1> <Width = 8> <Depth = 3> <RAM>
ST_1 : Operation 27 [1/1] (0.00ns)   --->   "%x_x1_V_addr = getelementptr i8 %x_x1_V, i64 0, i64 %zext_ln587" [../src/./read_mem_rnd.hpp:19]   --->   Operation 27 'getelementptr' 'x_x1_V_addr' <Predicate = (!icmp_ln19)> <Delay = 0.00>
ST_1 : Operation 28 [2/2] (1.29ns)   --->   "%tmp_V_1 = load i2 %x_x1_V_addr" [../src/./read_mem_rnd.hpp:19]   --->   Operation 28 'load' 'tmp_V_1' <Predicate = (!icmp_ln19)> <Delay = 1.29> <CoreInst = "RAM_1P_BRAM">   --->   Core 90 'RAM_1P_BRAM' <Latency = 1> <II = 1> <Delay = 1.29> <Storage> <Opcode : 'load' 'store'> <Ports = 1> <Width = 8> <Depth = 3> <RAM>
ST_1 : Operation 29 [1/1] (0.00ns)   --->   "%x_x2_V_addr = getelementptr i8 %x_x2_V, i64 0, i64 %zext_ln587" [../src/./read_mem_rnd.hpp:22]   --->   Operation 29 'getelementptr' 'x_x2_V_addr' <Predicate = (!icmp_ln19)> <Delay = 0.00>
ST_1 : Operation 30 [2/2] (1.29ns)   --->   "%tmp_V_2 = load i2 %x_x2_V_addr" [../src/./read_mem_rnd.hpp:22]   --->   Operation 30 'load' 'tmp_V_2' <Predicate = (!icmp_ln19)> <Delay = 1.29> <CoreInst = "RAM_1P_BRAM">   --->   Core 90 'RAM_1P_BRAM' <Latency = 1> <II = 1> <Delay = 1.29> <Storage> <Opcode : 'load' 'store'> <Ports = 1> <Width = 8> <Depth = 3> <RAM>
ST_1 : Operation 31 [1/1] (0.62ns)   --->   "%add_ln21 = add i2 %idx_1, i2 1" [../src/interleave_manual_rnd.cpp:21]   --->   Operation 31 'add' 'add_ln21' <Predicate = (!icmp_ln19)> <Delay = 0.62> <CoreInst = "Adder">   --->   Core 1 'Adder' <Latency = 0> <II = 1> <Delay = 0.62> <FuncUnit> <Opcode : 'add' 'sub'> <InPorts = 2> <OutPorts = 1>
ST_1 : Operation 32 [1/1] (0.46ns)   --->   "%store_ln0 = store i2 %indvars_iv_next, i2 %indvars_iv"   --->   Operation 32 'store' 'store_ln0' <Predicate = (!icmp_ln19)> <Delay = 0.46>
ST_1 : Operation 33 [1/1] (0.46ns)   --->   "%store_ln21 = store i2 %add_ln21, i2 %idx" [../src/interleave_manual_rnd.cpp:21]   --->   Operation 33 'store' 'store_ln21' <Predicate = (!icmp_ln19)> <Delay = 0.46>

State 2 <SV = 1> <Delay = 2.32>
ST_2 : Operation 34 [1/2] (1.29ns)   --->   "%tmp_V = load i2 %x_x0_V_addr" [../src/./read_mem_rnd.hpp:16]   --->   Operation 34 'load' 'tmp_V' <Predicate = true> <Delay = 1.29> <CoreInst = "RAM_1P_BRAM">   --->   Core 90 'RAM_1P_BRAM' <Latency = 1> <II = 1> <Delay = 1.29> <Storage> <Opcode : 'load' 'store'> <Ports = 1> <Width = 8> <Depth = 3> <RAM>
ST_2 : Operation 35 [1/2] (1.29ns)   --->   "%tmp_V_1 = load i2 %x_x1_V_addr" [../src/./read_mem_rnd.hpp:19]   --->   Operation 35 'load' 'tmp_V_1' <Predicate = true> <Delay = 1.29> <CoreInst = "RAM_1P_BRAM">   --->   Core 90 'RAM_1P_BRAM' <Latency = 1> <II = 1> <Delay = 1.29> <Storage> <Opcode : 'load' 'store'> <Ports = 1> <Width = 8> <Depth = 3> <RAM>
ST_2 : Operation 36 [1/2] (1.29ns)   --->   "%tmp_V_2 = load i2 %x_x2_V_addr" [../src/./read_mem_rnd.hpp:22]   --->   Operation 36 'load' 'tmp_V_2' <Predicate = true> <Delay = 1.29> <CoreInst = "RAM_1P_BRAM">   --->   Core 90 'RAM_1P_BRAM' <Latency = 1> <II = 1> <Delay = 1.29> <Storage> <Opcode : 'load' 'store'> <Ports = 1> <Width = 8> <Depth = 3> <RAM>
ST_2 : Operation 37 [1/1] (0.00ns) (grouped into TernaryAdder)   --->   "%add_ln70 = add i8 %tmp_V, i8 %tmp_V_2"   --->   Operation 37 'add' 'add_ln70' <Predicate = true> <Delay = 0.00> <CoreInst = "TAddSub">   --->   Core 10 'TAddSub' <Latency = 0> <II = 1> <Delay = 0.51> <IPBlock> <Opcode : 'add' 'sub'> <InPorts = 3> <OutPorts = 1> <Sync> <CReg>
ST_2 : Operation 38 [1/1] (1.02ns) (root node of TernaryAdder)   --->   "%add_ln70_1 = add i8 %add_ln70, i8 %tmp_V_1"   --->   Operation 38 'add' 'add_ln70_1' <Predicate = true> <Delay = 1.02> <CoreInst = "TAddSub">   --->   Core 10 'TAddSub' <Latency = 0> <II = 1> <Delay = 0.51> <IPBlock> <Opcode : 'add' 'sub'> <InPorts = 3> <OutPorts = 1> <Sync> <CReg>
ST_2 : Operation 43 [1/1] (0.00ns)   --->   "%ret_ln0 = ret"   --->   Operation 43 'ret' 'ret_ln0' <Predicate = (icmp_ln19)> <Delay = 0.00>

State 3 <SV = 2> <Delay = 7.30>
ST_3 : Operation 39 [1/1] (0.00ns)   --->   "%specpipeline_ln321 = specpipeline void @_ssdm_op_SpecPipeline, i32 1, i32 0, i32 0, i32 0, void @empty_0"   --->   Operation 39 'specpipeline' 'specpipeline_ln321' <Predicate = true> <Delay = 0.00>
ST_3 : Operation 40 [1/1] (0.00ns)   --->   "%specloopname_ln321 = specloopname void @_ssdm_op_SpecLoopName, void @empty_13"   --->   Operation 40 'specloopname' 'specloopname_ln321' <Predicate = true> <Delay = 0.00>
ST_3 : Operation 41 [1/1] (7.30ns)   --->   "%write_ln21 = write void @_ssdm_op_Write.m_axi.p1i8, i8 %gmem_addr, i8 %add_ln70_1, i1 1" [../src/interleave_manual_rnd.cpp:21]   --->   Operation 41 'write' 'write_ln21' <Predicate = true> <Delay = 7.30> <CoreInst = "m_axi">   --->   Core 121 'm_axi' <Latency = 6> <II = 1> <Delay = 1.00> <Adapter> <Opcode : 'read' 'write' 'readreq' 'writereq' 'writeresp'>
ST_3 : Operation 42 [1/1] (0.00ns)   --->   "%br_ln0 = br void"   --->   Operation 42 'br' 'br_ln0' <Predicate = true> <Delay = 0.00>


============================================================
+ Verbose Summary: Binding
============================================================
STG Binding: 
---------------- STG Properties BEGIN ----------------
- Is combinational: 0
- Is one-state seq: 0
- Is datapath-only: 0
- Is pipelined: 0
- Is top level: 0
Port [ Return ] is wired: 1; IO mode=ap_ctrl_hs:ce=0
Port [ gmem]:  wired=1; compound=1; hidden=0; nouse=0; global=0; static=0; extern=0; dir=1; type=4; pingpong=0; private_global=0; IO mode=m_axi:ce=0
Port [ y]:  wired=1; compound=0; hidden=0; nouse=0; global=0; static=0; extern=0; dir=0; type=0; pingpong=0; private_global=0; IO mode=ap_none:ce=0
Port [ x_x0_V]:  wired=1; compound=1; hidden=0; nouse=0; global=1; static=1; extern=0; dir=0; type=1; pingpong=0; private_global=0; MemPort=[1]; IO mode=ap_memory:ce=0
Port [ x_x1_V]:  wired=1; compound=1; hidden=0; nouse=0; global=1; static=1; extern=0; dir=0; type=1; pingpong=0; private_global=0; MemPort=[1]; IO mode=ap_memory:ce=0
Port [ x_x2_V]:  wired=1; compound=1; hidden=0; nouse=0; global=1; static=1; extern=0; dir=0; type=1; pingpong=0; private_global=0; MemPort=[1]; IO mode=ap_memory:ce=0
---------------- STG Properties END ------------------

---------------- Datapath Model BEGIN ----------------

<LifeTime>
<method=bitvector/>
idx                (alloca           ) [ 0100]
indvars_iv         (alloca           ) [ 0100]
specmemcore_ln0    (specmemcore      ) [ 0000]
specmemcore_ln0    (specmemcore      ) [ 0000]
specmemcore_ln0    (specmemcore      ) [ 0000]
specinterface_ln0  (specinterface    ) [ 0000]
y_read             (read             ) [ 0000]
store_ln0          (store            ) [ 0000]
store_ln0          (store            ) [ 0000]
br_ln0             (br               ) [ 0000]
idx_1              (load             ) [ 0000]
indvars_iv_load    (load             ) [ 0000]
specbitsmap_ln0    (specbitsmap      ) [ 0000]
gmem_addr          (getelementptr    ) [ 0111]
icmp_ln19          (icmp             ) [ 0110]
empty              (speclooptripcount) [ 0000]
indvars_iv_next    (add              ) [ 0000]
br_ln19            (br               ) [ 0000]
zext_ln587         (zext             ) [ 0000]
x_x0_V_addr        (getelementptr    ) [ 0110]
x_x1_V_addr        (getelementptr    ) [ 0110]
x_x2_V_addr        (getelementptr    ) [ 0110]
add_ln21           (add              ) [ 0000]
store_ln0          (store            ) [ 0000]
store_ln21         (store            ) [ 0000]
tmp_V              (load             ) [ 0000]
tmp_V_1            (load             ) [ 0000]
tmp_V_2            (load             ) [ 0000]
add_ln70           (add              ) [ 0000]
add_ln70_1         (add              ) [ 0101]
specpipeline_ln321 (specpipeline     ) [ 0000]
specloopname_ln321 (specloopname     ) [ 0000]
write_ln21         (write            ) [ 0000]
br_ln0             (br               ) [ 0000]
ret_ln0            (ret              ) [ 0000]
</LifeTime>

<model>

<comp_list>
<comp id="0" class="1000" name="gmem">
<pin_list>
<pin id="1" dir="1" index="0" bw="1" slack="0"/>
</pin_list>
<bind>
<StgValue><ssdm name="gmem"/></StgValue>
</bind>
</comp>

<comp id="2" class="1000" name="y">
<pin_list>
<pin id="3" dir="1" index="0" bw="1" slack="0"/>
</pin_list>
<bind>
<StgValue><ssdm name="y"/></StgValue>
</bind>
</comp>

<comp id="4" class="1000" name="x_x0_V">
<pin_list>
<pin id="5" dir="1" index="0" bw="1" slack="0"/>
</pin_list>
<bind>
<StgValue><ssdm name="x_x0_V"/><MemPortTyVec>1 </MemPortTyVec>
</StgValue>
</bind>
</comp>

<comp id="6" class="1000" name="x_x1_V">
<pin_list>
<pin id="7" dir="1" index="0" bw="1" slack="0"/>
</pin_list>
<bind>
<StgValue><ssdm name="x_x1_V"/><MemPortTyVec>1 </MemPortTyVec>
</StgValue>
</bind>
</comp>

<comp id="8" class="1000" name="x_x2_V">
<pin_list>
<pin id="9" dir="1" index="0" bw="1" slack="0"/>
</pin_list>
<bind>
<StgValue><ssdm name="x_x2_V"/><MemPortTyVec>1 </MemPortTyVec>
</StgValue>
</bind>
</comp>

<comp id="10" class="1001" name="const_10">
<pin_list>
<pin id="11" dir="1" index="0" bw="1" slack="0"/>
</pin_list>
<bind>
<StgValue><ssdm name=""/></StgValue>
</bind>
</comp>

<comp id="12" class="1001" name="const_12">
<pin_list>
<pin id="13" dir="1" index="0" bw="1" slack="2147483647"/>
</pin_list>
<bind>
<StgValue><ssdm name="_ssdm_op_SpecMemCore"/></StgValue>
</bind>
</comp>

<comp id="14" class="1001" name="const_14">
<pin_list>
<pin id="15" dir="1" index="0" bw="1" slack="2147483647"/>
</pin_list>
<bind>
<StgValue><ssdm name=""/></StgValue>
</bind>
</comp>

<comp id="16" class="1001" name="const_16">
<pin_list>
<pin id="17" dir="1" index="0" bw="1" slack="2147483647"/>
</pin_list>
<bind>
<StgValue><ssdm name=""/></StgValue>
</bind>
</comp>

<comp id="18" class="1001" name="const_18">
<pin_list>
<pin id="19" dir="1" index="0" bw="1" slack="2147483647"/>
</pin_list>
<bind>
<StgValue><ssdm name=""/></StgValue>
</bind>
</comp>

<comp id="20" class="1001" name="const_20">
<pin_list>
<pin id="21" dir="1" index="0" bw="1" slack="2147483647"/>
</pin_list>
<bind>
<StgValue><ssdm name="_ssdm_op_SpecInterface"/></StgValue>
</bind>
</comp>

<comp id="22" class="1001" name="const_22">
<pin_list>
<pin id="23" dir="1" index="0" bw="1" slack="2147483647"/>
</pin_list>
<bind>
<StgValue><ssdm name="empty"/></StgValue>
</bind>
</comp>

<comp id="24" class="1001" name="const_24">
<pin_list>
<pin id="25" dir="1" index="0" bw="1" slack="2147483647"/>
</pin_list>
<bind>
<StgValue><ssdm name=""/></StgValue>
</bind>
</comp>

<comp id="26" class="1001" name="const_26">
<pin_list>
<pin id="27" dir="1" index="0" bw="1" slack="2147483647"/>
</pin_list>
<bind>
<StgValue><ssdm name="empty_0"/></StgValue>
</bind>
</comp>

<comp id="28" class="1001" name="const_28">
<pin_list>
<pin id="29" dir="1" index="0" bw="1" slack="2147483647"/>
</pin_list>
<bind>
<StgValue><ssdm name=""/></StgValue>
</bind>
</comp>

<comp id="30" class="1001" name="const_30">
<pin_list>
<pin id="31" dir="1" index="0" bw="1" slack="2147483647"/>
</pin_list>
<bind>
<StgValue><ssdm name="empty_1"/></StgValue>
</bind>
</comp>

<comp id="32" class="1001" name="const_32">
<pin_list>
<pin id="33" dir="1" index="0" bw="1" slack="2147483647"/>
</pin_list>
<bind>
<StgValue><ssdm name="empty_2"/></StgValue>
</bind>
</comp>

<comp id="34" class="1001" name="const_34">
<pin_list>
<pin id="35" dir="1" index="0" bw="1" slack="2147483647"/>
</pin_list>
<bind>
<StgValue><ssdm name=""/></StgValue>
</bind>
</comp>

<comp id="36" class="1001" name="const_36">
<pin_list>
<pin id="37" dir="1" index="0" bw="1" slack="0"/>
</pin_list>
<bind>
<StgValue><ssdm name="_ssdm_op_Read.ap_auto.i64"/></StgValue>
</bind>
</comp>

<comp id="38" class="1001" name="const_38">
<pin_list>
<pin id="39" dir="1" index="0" bw="1" slack="0"/>
</pin_list>
<bind>
<StgValue><ssdm name=""/></StgValue>
</bind>
</comp>

<comp id="40" class="1001" name="const_40">
<pin_list>
<pin id="41" dir="1" index="0" bw="1" slack="2147483647"/>
</pin_list>
<bind>
<StgValue><ssdm name="_ssdm_op_SpecBitsMap"/></StgValue>
</bind>
</comp>

<comp id="42" class="1001" name="const_42">
<pin_list>
<pin id="43" dir="1" index="0" bw="1" slack="0"/>
</pin_list>
<bind>
<StgValue><ssdm name=""/></StgValue>
</bind>
</comp>

<comp id="44" class="1001" name="const_44">
<pin_list>
<pin id="45" dir="1" index="0" bw="1" slack="2147483647"/>
</pin_list>
<bind>
<StgValue><ssdm name="_ssdm_op_SpecLoopTripCount"/></StgValue>
</bind>
</comp>

<comp id="46" class="1001" name="const_46">
<pin_list>
<pin id="47" dir="1" index="0" bw="1" slack="2147483647"/>
</pin_list>
<bind>
<StgValue><ssdm name=""/></StgValue>
</bind>
</comp>

<comp id="48" class="1001" name="const_48">
<pin_list>
<pin id="49" dir="1" index="0" bw="1" slack="0"/>
</pin_list>
<bind>
<StgValue><ssdm name=""/></StgValue>
</bind>
</comp>

<comp id="50" class="1001" name="const_50">
<pin_list>
<pin id="51" dir="1" index="0" bw="1" slack="0"/>
</pin_list>
<bind>
<StgValue><ssdm name=""/></StgValue>
</bind>
</comp>

<comp id="52" class="1001" name="const_52">
<pin_list>
<pin id="53" dir="1" index="0" bw="1" slack="2147483647"/>
</pin_list>
<bind>
<StgValue><ssdm name="_ssdm_op_SpecPipeline"/></StgValue>
</bind>
</comp>

<comp id="54" class="1001" name="const_54">
<pin_list>
<pin id="55" dir="1" index="0" bw="1" slack="2147483647"/>
</pin_list>
<bind>
<StgValue><ssdm name="_ssdm_op_SpecLoopName"/></StgValue>
</bind>
</comp>

<comp id="56" class="1001" name="const_56">
<pin_list>
<pin id="57" dir="1" index="0" bw="1" slack="2147483647"/>
</pin_list>
<bind>
<StgValue><ssdm name="empty_13"/></StgValue>
</bind>
</comp>

<comp id="58" class="1001" name="const_58">
<pin_list>
<pin id="59" dir="1" index="0" bw="1" slack="0"/>
</pin_list>
<bind>
<StgValue><ssdm name="_ssdm_op_Write.m_axi.p1i8"/></StgValue>
</bind>
</comp>

<comp id="60" class="1001" name="const_60">
<pin_list>
<pin id="61" dir="1" index="0" bw="1" slack="0"/>
</pin_list>
<bind>
<StgValue><ssdm name=""/></StgValue>
</bind>
</comp>

<comp id="62" class="1004" name="idx_fu_62">
<pin_list>
<pin id="63" dir="0" index="0" bw="1" slack="0"/>
<pin id="64" dir="1" index="1" bw="2" slack="0"/>
</pin_list>
<bind>
<opcode="alloca(26) " fcode="alloca"/>
<opset="idx/1 "/>
</bind>
</comp>

<comp id="66" class="1004" name="indvars_iv_fu_66">
<pin_list>
<pin id="67" dir="0" index="0" bw="1" slack="0"/>
<pin id="68" dir="1" index="1" bw="2" slack="0"/>
</pin_list>
<bind>
<opcode="alloca(26) " fcode="alloca"/>
<opset="indvars_iv/1 "/>
</bind>
</comp>

<comp id="70" class="1004" name="y_read_read_fu_70">
<pin_list>
<pin id="71" dir="0" index="0" bw="64" slack="0"/>
<pin id="72" dir="0" index="1" bw="64" slack="0"/>
<pin id="73" dir="1" index="2" bw="64" slack="0"/>
</pin_list>
<bind>
<opcode="read(1150) " fcode="read"/>
<opset="y_read/1 "/>
</bind>
</comp>

<comp id="76" class="1004" name="write_ln21_write_fu_76">
<pin_list>
<pin id="77" dir="0" index="0" bw="0" slack="0"/>
<pin id="78" dir="0" index="1" bw="8" slack="2"/>
<pin id="79" dir="0" index="2" bw="8" slack="1"/>
<pin id="80" dir="0" index="3" bw="1" slack="0"/>
<pin id="81" dir="1" index="4" bw="0" slack="2147483647"/>
</pin_list>
<bind>
<opcode="write(1151) " fcode="write"/>
<opset="write_ln21/3 "/>
</bind>
</comp>

<comp id="84" class="1004" name="x_x0_V_addr_gep_fu_84">
<pin_list>
<pin id="85" dir="0" index="0" bw="8" slack="0"/>
<pin id="86" dir="0" index="1" bw="1" slack="0"/>
<pin id="87" dir="0" index="2" bw="2" slack="0"/>
<pin id="88" dir="1" index="3" bw="2" slack="0"/>
</pin_list>
<bind>
<opcode="getelementptr(29) " fcode="getelementptr"/>
<opset="x_x0_V_addr/1 "/>
</bind>
</comp>

<comp id="91" class="1004" name="grp_access_fu_91">
<pin_list>
<pin id="92" dir="0" index="0" bw="2" slack="0"/>
<pin id="93" dir="0" index="1" bw="8" slack="2147483647"/>
<pin id="94" dir="0" index="2" bw="0" slack="2147483647"/>
<pin id="95" dir="1" index="3" bw="8" slack="0"/>
</pin_list>
<bind>
<opcode="load(27) " fcode="load"/>
<opset="tmp_V/1 "/>
</bind>
</comp>

<comp id="97" class="1004" name="x_x1_V_addr_gep_fu_97">
<pin_list>
<pin id="98" dir="0" index="0" bw="8" slack="0"/>
<pin id="99" dir="0" index="1" bw="1" slack="0"/>
<pin id="100" dir="0" index="2" bw="2" slack="0"/>
<pin id="101" dir="1" index="3" bw="2" slack="0"/>
</pin_list>
<bind>
<opcode="getelementptr(29) " fcode="getelementptr"/>
<opset="x_x1_V_addr/1 "/>
</bind>
</comp>

<comp id="104" class="1004" name="grp_access_fu_104">
<pin_list>
<pin id="105" dir="0" index="0" bw="2" slack="0"/>
<pin id="106" dir="0" index="1" bw="8" slack="2147483647"/>
<pin id="107" dir="0" index="2" bw="0" slack="2147483647"/>
<pin id="108" dir="1" index="3" bw="8" slack="0"/>
</pin_list>
<bind>
<opcode="load(27) " fcode="load"/>
<opset="tmp_V_1/1 "/>
</bind>
</comp>

<comp id="110" class="1004" name="x_x2_V_addr_gep_fu_110">
<pin_list>
<pin id="111" dir="0" index="0" bw="8" slack="0"/>
<pin id="112" dir="0" index="1" bw="1" slack="0"/>
<pin id="113" dir="0" index="2" bw="2" slack="0"/>
<pin id="114" dir="1" index="3" bw="2" slack="0"/>
</pin_list>
<bind>
<opcode="getelementptr(29) " fcode="getelementptr"/>
<opset="x_x2_V_addr/1 "/>
</bind>
</comp>

<comp id="117" class="1004" name="grp_access_fu_117">
<pin_list>
<pin id="118" dir="0" index="0" bw="2" slack="0"/>
<pin id="119" dir="0" index="1" bw="8" slack="2147483647"/>
<pin id="120" dir="0" index="2" bw="0" slack="2147483647"/>
<pin id="121" dir="1" index="3" bw="8" slack="0"/>
</pin_list>
<bind>
<opcode="load(27) " fcode="load"/>
<opset="tmp_V_2/1 "/>
</bind>
</comp>

<comp id="123" class="1004" name="store_ln0_store_fu_123">
<pin_list>
<pin id="124" dir="0" index="0" bw="1" slack="0"/>
<pin id="125" dir="0" index="1" bw="2" slack="0"/>
<pin id="126" dir="1" index="2" bw="0" slack="2147483647"/>
</pin_list>
<bind>
<opcode="store(28) " fcode="store"/>
<opset="store_ln0/1 "/>
</bind>
</comp>

<comp id="128" class="1004" name="store_ln0_store_fu_128">
<pin_list>
<pin id="129" dir="0" index="0" bw="1" slack="0"/>
<pin id="130" dir="0" index="1" bw="2" slack="0"/>
<pin id="131" dir="1" index="2" bw="0" slack="2147483647"/>
</pin_list>
<bind>
<opcode="store(28) " fcode="store"/>
<opset="store_ln0/1 "/>
</bind>
</comp>

<comp id="133" class="1004" name="idx_1_load_fu_133">
<pin_list>
<pin id="134" dir="0" index="0" bw="2" slack="0"/>
<pin id="135" dir="1" index="1" bw="2" slack="0"/>
</pin_list>
<bind>
<opcode="load(27) " fcode="load"/>
<opset="idx_1/1 "/>
</bind>
</comp>

<comp id="136" class="1004" name="indvars_iv_load_load_fu_136">
<pin_list>
<pin id="137" dir="0" index="0" bw="2" slack="0"/>
<pin id="138" dir="1" index="1" bw="2" slack="0"/>
</pin_list>
<bind>
<opcode="load(27) " fcode="load"/>
<opset="indvars_iv_load/1 "/>
</bind>
</comp>

<comp id="139" class="1004" name="gmem_addr_fu_139">
<pin_list>
<pin id="140" dir="0" index="0" bw="8" slack="0"/>
<pin id="141" dir="0" index="1" bw="64" slack="0"/>
<pin id="142" dir="1" index="2" bw="8" slack="2"/>
</pin_list>
<bind>
<opcode="getelementptr(29) " fcode="getelementptr"/>
<opset="gmem_addr/1 "/>
</bind>
</comp>

<comp id="145" class="1004" name="icmp_ln19_fu_145">
<pin_list>
<pin id="146" dir="0" index="0" bw="2" slack="0"/>
<pin id="147" dir="0" index="1" bw="1" slack="0"/>
<pin id="148" dir="1" index="2" bw="1" slack="1"/>
</pin_list>
<bind>
<opcode="icmp(45) " fcode="icmp"/>
<opset="icmp_ln19/1 "/>
</bind>
</comp>

<comp id="151" class="1004" name="indvars_iv_next_fu_151">
<pin_list>
<pin id="152" dir="0" index="0" bw="2" slack="0"/>
<pin id="153" dir="0" index="1" bw="1" slack="0"/>
<pin id="154" dir="1" index="2" bw="2" slack="0"/>
</pin_list>
<bind>
<opcode="add(8) " fcode="add"/>
<opset="indvars_iv_next/1 "/>
</bind>
</comp>

<comp id="157" class="1004" name="zext_ln587_fu_157">
<pin_list>
<pin id="158" dir="0" index="0" bw="2" slack="0"/>
<pin id="159" dir="1" index="1" bw="64" slack="0"/>
</pin_list>
<bind>
<opcode="zext(34) " fcode="zext"/>
<opset="zext_ln587/1 "/>
</bind>
</comp>

<comp id="164" class="1004" name="add_ln21_fu_164">
<pin_list>
<pin id="165" dir="0" index="0" bw="2" slack="0"/>
<pin id="166" dir="0" index="1" bw="1" slack="0"/>
<pin id="167" dir="1" index="2" bw="2" slack="0"/>
</pin_list>
<bind>
<opcode="add(8) " fcode="add"/>
<opset="add_ln21/1 "/>
</bind>
</comp>

<comp id="170" class="1004" name="store_ln0_store_fu_170">
<pin_list>
<pin id="171" dir="0" index="0" bw="2" slack="0"/>
<pin id="172" dir="0" index="1" bw="2" slack="0"/>
<pin id="173" dir="1" index="2" bw="0" slack="2147483647"/>
</pin_list>
<bind>
<opcode="store(28) " fcode="store"/>
<opset="store_ln0/1 "/>
</bind>
</comp>

<comp id="175" class="1004" name="store_ln21_store_fu_175">
<pin_list>
<pin id="176" dir="0" index="0" bw="2" slack="0"/>
<pin id="177" dir="0" index="1" bw="2" slack="0"/>
<pin id="178" dir="1" index="2" bw="0" slack="2147483647"/>
</pin_list>
<bind>
<opcode="store(28) " fcode="store"/>
<opset="store_ln21/1 "/>
</bind>
</comp>

<comp id="180" class="1004" name="add_ln70_fu_180">
<pin_list>
<pin id="181" dir="0" index="0" bw="8" slack="0"/>
<pin id="182" dir="0" index="1" bw="8" slack="0"/>
<pin id="183" dir="1" index="2" bw="8" slack="0"/>
</pin_list>
<bind>
<opcode="add(8) " fcode="add"/>
<opset="add_ln70/2 "/>
</bind>
</comp>

<comp id="186" class="1004" name="add_ln70_1_fu_186">
<pin_list>
<pin id="187" dir="0" index="0" bw="8" slack="0"/>
<pin id="188" dir="0" index="1" bw="8" slack="0"/>
<pin id="189" dir="1" index="2" bw="8" slack="1"/>
</pin_list>
<bind>
<opcode="add(8) " fcode="add"/>
<opset="add_ln70_1/2 "/>
</bind>
</comp>

<comp id="192" class="1005" name="idx_reg_192">
<pin_list>
<pin id="193" dir="0" index="0" bw="2" slack="0"/>
<pin id="194" dir="1" index="1" bw="2" slack="0"/>
</pin_list>
<bind>
<opset="idx "/>
</bind>
</comp>

<comp id="199" class="1005" name="indvars_iv_reg_199">
<pin_list>
<pin id="200" dir="0" index="0" bw="2" slack="0"/>
<pin id="201" dir="1" index="1" bw="2" slack="0"/>
</pin_list>
<bind>
<opset="indvars_iv "/>
</bind>
</comp>

<comp id="206" class="1005" name="gmem_addr_reg_206">
<pin_list>
<pin id="207" dir="0" index="0" bw="8" slack="2"/>
<pin id="208" dir="1" index="1" bw="8" slack="2"/>
</pin_list>
<bind>
<opset="gmem_addr "/>
</bind>
</comp>

<comp id="211" class="1005" name="icmp_ln19_reg_211">
<pin_list>
<pin id="212" dir="0" index="0" bw="1" slack="1"/>
<pin id="213" dir="1" index="1" bw="1" slack="2147483647"/>
</pin_list>
<bind>
<opset="icmp_ln19 "/>
</bind>
</comp>

<comp id="215" class="1005" name="x_x0_V_addr_reg_215">
<pin_list>
<pin id="216" dir="0" index="0" bw="2" slack="1"/>
<pin id="217" dir="1" index="1" bw="2" slack="1"/>
</pin_list>
<bind>
<opset="x_x0_V_addr "/>
</bind>
</comp>

<comp id="220" class="1005" name="x_x1_V_addr_reg_220">
<pin_list>
<pin id="221" dir="0" index="0" bw="2" slack="1"/>
<pin id="222" dir="1" index="1" bw="2" slack="1"/>
</pin_list>
<bind>
<opset="x_x1_V_addr "/>
</bind>
</comp>

<comp id="225" class="1005" name="x_x2_V_addr_reg_225">
<pin_list>
<pin id="226" dir="0" index="0" bw="2" slack="1"/>
<pin id="227" dir="1" index="1" bw="2" slack="1"/>
</pin_list>
<bind>
<opset="x_x2_V_addr "/>
</bind>
</comp>

<comp id="230" class="1005" name="add_ln70_1_reg_230">
<pin_list>
<pin id="231" dir="0" index="0" bw="8" slack="1"/>
<pin id="232" dir="1" index="1" bw="8" slack="1"/>
</pin_list>
<bind>
<opset="add_ln70_1 "/>
</bind>
</comp>

</comp_list>

<net_list>
<net id="65"><net_src comp="10" pin="0"/><net_sink comp="62" pin=0"/></net>

<net id="69"><net_src comp="10" pin="0"/><net_sink comp="66" pin=0"/></net>

<net id="74"><net_src comp="36" pin="0"/><net_sink comp="70" pin=0"/></net>

<net id="75"><net_src comp="2" pin="0"/><net_sink comp="70" pin=1"/></net>

<net id="82"><net_src comp="58" pin="0"/><net_sink comp="76" pin=0"/></net>

<net id="83"><net_src comp="60" pin="0"/><net_sink comp="76" pin=3"/></net>

<net id="89"><net_src comp="4" pin="0"/><net_sink comp="84" pin=0"/></net>

<net id="90"><net_src comp="50" pin="0"/><net_sink comp="84" pin=1"/></net>

<net id="96"><net_src comp="84" pin="3"/><net_sink comp="91" pin=0"/></net>

<net id="102"><net_src comp="6" pin="0"/><net_sink comp="97" pin=0"/></net>

<net id="103"><net_src comp="50" pin="0"/><net_sink comp="97" pin=1"/></net>

<net id="109"><net_src comp="97" pin="3"/><net_sink comp="104" pin=0"/></net>

<net id="115"><net_src comp="8" pin="0"/><net_sink comp="110" pin=0"/></net>

<net id="116"><net_src comp="50" pin="0"/><net_sink comp="110" pin=1"/></net>

<net id="122"><net_src comp="110" pin="3"/><net_sink comp="117" pin=0"/></net>

<net id="127"><net_src comp="38" pin="0"/><net_sink comp="123" pin=0"/></net>

<net id="132"><net_src comp="38" pin="0"/><net_sink comp="128" pin=0"/></net>

<net id="143"><net_src comp="0" pin="0"/><net_sink comp="139" pin=0"/></net>

<net id="144"><net_src comp="70" pin="2"/><net_sink comp="139" pin=1"/></net>

<net id="149"><net_src comp="133" pin="1"/><net_sink comp="145" pin=0"/></net>

<net id="150"><net_src comp="42" pin="0"/><net_sink comp="145" pin=1"/></net>

<net id="155"><net_src comp="136" pin="1"/><net_sink comp="151" pin=0"/></net>

<net id="156"><net_src comp="48" pin="0"/><net_sink comp="151" pin=1"/></net>

<net id="160"><net_src comp="136" pin="1"/><net_sink comp="157" pin=0"/></net>

<net id="161"><net_src comp="157" pin="1"/><net_sink comp="84" pin=2"/></net>

<net id="162"><net_src comp="157" pin="1"/><net_sink comp="97" pin=2"/></net>

<net id="163"><net_src comp="157" pin="1"/><net_sink comp="110" pin=2"/></net>

<net id="168"><net_src comp="133" pin="1"/><net_sink comp="164" pin=0"/></net>

<net id="169"><net_src comp="48" pin="0"/><net_sink comp="164" pin=1"/></net>

<net id="174"><net_src comp="151" pin="2"/><net_sink comp="170" pin=0"/></net>

<net id="179"><net_src comp="164" pin="2"/><net_sink comp="175" pin=0"/></net>

<net id="184"><net_src comp="91" pin="3"/><net_sink comp="180" pin=0"/></net>

<net id="185"><net_src comp="117" pin="3"/><net_sink comp="180" pin=1"/></net>

<net id="190"><net_src comp="180" pin="2"/><net_sink comp="186" pin=0"/></net>

<net id="191"><net_src comp="104" pin="3"/><net_sink comp="186" pin=1"/></net>

<net id="195"><net_src comp="62" pin="1"/><net_sink comp="192" pin=0"/></net>

<net id="196"><net_src comp="192" pin="1"/><net_sink comp="128" pin=1"/></net>

<net id="197"><net_src comp="192" pin="1"/><net_sink comp="133" pin=0"/></net>

<net id="198"><net_src comp="192" pin="1"/><net_sink comp="175" pin=1"/></net>

<net id="202"><net_src comp="66" pin="1"/><net_sink comp="199" pin=0"/></net>

<net id="203"><net_src comp="199" pin="1"/><net_sink comp="123" pin=1"/></net>

<net id="204"><net_src comp="199" pin="1"/><net_sink comp="136" pin=0"/></net>

<net id="205"><net_src comp="199" pin="1"/><net_sink comp="170" pin=1"/></net>

<net id="209"><net_src comp="139" pin="2"/><net_sink comp="206" pin=0"/></net>

<net id="210"><net_src comp="206" pin="1"/><net_sink comp="76" pin=1"/></net>

<net id="214"><net_src comp="145" pin="2"/><net_sink comp="211" pin=0"/></net>

<net id="218"><net_src comp="84" pin="3"/><net_sink comp="215" pin=0"/></net>

<net id="219"><net_src comp="215" pin="1"/><net_sink comp="91" pin=0"/></net>

<net id="223"><net_src comp="97" pin="3"/><net_sink comp="220" pin=0"/></net>

<net id="224"><net_src comp="220" pin="1"/><net_sink comp="104" pin=0"/></net>

<net id="228"><net_src comp="110" pin="3"/><net_sink comp="225" pin=0"/></net>

<net id="229"><net_src comp="225" pin="1"/><net_sink comp="117" pin=0"/></net>

<net id="233"><net_src comp="186" pin="2"/><net_sink comp="230" pin=0"/></net>

<net id="234"><net_src comp="230" pin="1"/><net_sink comp="76" pin=2"/></net>

</net_list>

</model> 
---------------- Datapath Model END ------------------

* FSMD analyzer results:
  - Output states:
	Port: gmem | {3 }
 - Input state : 
	Port: interleave_manual_rnd_Pipeline_WRITE : y | {1 }
	Port: interleave_manual_rnd_Pipeline_WRITE : x_x0_V | {1 2 }
	Port: interleave_manual_rnd_Pipeline_WRITE : x_x1_V | {1 2 }
	Port: interleave_manual_rnd_Pipeline_WRITE : x_x2_V | {1 2 }
  - Chain level:
	State 1
		store_ln0 : 1
		store_ln0 : 1
		idx_1 : 1
		indvars_iv_load : 1
		icmp_ln19 : 2
		indvars_iv_next : 2
		br_ln19 : 3
		zext_ln587 : 2
		x_x0_V_addr : 3
		tmp_V : 4
		x_x1_V_addr : 3
		tmp_V_1 : 4
		x_x2_V_addr : 3
		tmp_V_2 : 4
		add_ln21 : 2
		store_ln0 : 3
		store_ln21 : 3
	State 2
		add_ln70 : 1
		add_ln70_1 : 2
	State 3


============================================================
+ Verbose Summary: Datapath Resource usage 
============================================================

* Functional unit list:
|----------|------------------------|---------|---------|
| Operation|     Functional Unit    |    FF   |   LUT   |
|----------|------------------------|---------|---------|
|          | indvars_iv_next_fu_151 |    0    |    9    |
|    add   |     add_ln21_fu_164    |    0    |    9    |
|          |     add_ln70_fu_180    |    0    |    19   |
|          |    add_ln70_1_fu_186   |    0    |    19   |
|----------|------------------------|---------|---------|
|   icmp   |    icmp_ln19_fu_145    |    0    |    8    |
|----------|------------------------|---------|---------|
|   read   |    y_read_read_fu_70   |    0    |    0    |
|----------|------------------------|---------|---------|
|   write  | write_ln21_write_fu_76 |    0    |    0    |
|----------|------------------------|---------|---------|
|   zext   |    zext_ln587_fu_157   |    0    |    0    |
|----------|------------------------|---------|---------|
|   Total  |                        |    0    |    64   |
|----------|------------------------|---------|---------|

Memories:
N/A

* Register list:
+-------------------+--------+
|                   |   FF   |
+-------------------+--------+
| add_ln70_1_reg_230|    8   |
| gmem_addr_reg_206 |    8   |
| icmp_ln19_reg_211 |    1   |
|    idx_reg_192    |    2   |
| indvars_iv_reg_199|    2   |
|x_x0_V_addr_reg_215|    2   |
|x_x1_V_addr_reg_220|    2   |
|x_x2_V_addr_reg_225|    2   |
+-------------------+--------+
|       Total       |   27   |
+-------------------+--------+

* Multiplexer (MUX) list: 
|-------------------|------|------|------|--------||---------||---------|
|        Comp       |  Pin | Size |  BW  | S x BW ||  Delay  ||   LUT   |
|-------------------|------|------|------|--------||---------||---------|
|  grp_access_fu_91 |  p0  |   2  |   2  |    4   ||    9    |
| grp_access_fu_104 |  p0  |   2  |   2  |    4   ||    9    |
| grp_access_fu_117 |  p0  |   2  |   2  |    4   ||    9    |
|-------------------|------|------|------|--------||---------||---------|
|       Total       |      |      |      |   12   ||   1.38  ||    27   |
|-------------------|------|------|------|--------||---------||---------|



* Summary:
+-----------+--------+--------+--------+
|           |  Delay |   FF   |   LUT  |
+-----------+--------+--------+--------+
|  Function |    -   |    0   |   64   |
|   Memory  |    -   |    -   |    -   |
|Multiplexer|    1   |    -   |   27   |
|  Register |    -   |   27   |    -   |
+-----------+--------+--------+--------+
|   Total   |    1   |   27   |   91   |
+-----------+--------+--------+--------+
