

================================================================
== Vitis HLS Report for 'circular_shift_reg_Pipeline_WRITE'
================================================================
* Date:           Sun Jun  9 05:13:08 2024

* Version:        2021.2 (Build 3367213 on Tue Oct 19 02:48:09 MDT 2021)
* Project:        m1
* Solution:       solution1 (Vitis Kernel Flow Target)
* Product family: zynquplus
* Target device:  xczu7ev-ffvc1156-2-e


================================================================
== Performance Estimates
================================================================
+ Timing: 
    * Summary: 
    +--------+----------+----------+------------+
    |  Clock |  Target  | Estimated| Uncertainty|
    +--------+----------+----------+------------+
    |ap_clk  |  10.00 ns|  3.214 ns|     2.70 ns|
    +--------+----------+----------+------------+

+ Latency: 
    * Summary: 
    +---------+---------+----------+----------+-----+-----+---------+
    |  Latency (cycles) |  Latency (absolute) |  Interval | Pipeline|
    |   min   |   max   |    min   |    max   | min | max |   Type  |
    +---------+---------+----------+----------+-----+-----+---------+
    |       11|       11|  0.110 us|  0.110 us|   11|   11|       no|
    +---------+---------+----------+----------+-----+-----+---------+

    + Detail: 
        * Instance: 
        N/A

        * Loop: 
        +----------+---------+---------+----------+-----------+-----------+------+----------+
        |          |  Latency (cycles) | Iteration|  Initiation Interval  | Trip |          |
        | Loop Name|   min   |   max   |  Latency |  achieved |   target  | Count| Pipelined|
        +----------+---------+---------+----------+-----------+-----------+------+----------+
        |- WRITE   |        9|        9|         2|          1|          1|     9|       yes|
        +----------+---------+---------+----------+-----------+-----------+------+----------+

============================================================
+ Verbose Summary: Synthesis Manager
============================================================
InlineROM: 1
ExposeGlobal: 0
============================================================
+ Verbose Summary: CDFG Model
============================================================
IsTopModel: 0
ResetActiveHigh: 1
IsCombinational: 0
IsDatapathOnly: 0
HasWiredReturn: 1
HasMFsm: 2
HasVarLatency: 1
IsPipeline: 0
IsRtlPipelined: 0
IsInstanceOverlapped: 0
IsDontTouch: 0
HasImplIP: 0
IsGatedGlobalClock: 0

+ Individual pipeline summary: 
  * Pipeline-0: initiation interval (II) = 1, depth = 2


============================================================
+ Verbose Summary: Schedule
============================================================
* Number of FSM states : 2
* Pipeline : 1
  Pipeline-0 : II = 1, D = 2, States = { 1 2 }
* Dataflow Pipeline: 0

* FSM state transitions: 
1 --> 2 
2 --> 

* FSM state operations: 

State 1 <SV = 0> <Delay = 3.21>
ST_1 : Operation 5 [1/1] (0.00ns)   --->   "%idx_V = alloca i32 1"   --->   Operation 5 'alloca' 'idx_V' <Predicate = true> <Delay = 0.00>
ST_1 : Operation 6 [1/1] (0.00ns)   --->   "%specmemcore_ln0 = specmemcore void @_ssdm_op_SpecMemCore, i8 %regs_mem_V, i64 666, i64 30, i64 18446744073709551615"   --->   Operation 6 'specmemcore' 'specmemcore_ln0' <Predicate = true> <Delay = 0.00>
ST_1 : Operation 7 [1/1] (0.00ns)   --->   "%specinterface_ln0 = specinterface void @_ssdm_op_SpecInterface, i8 %dout, void @empty_4, i32 0, i32 0, void @empty_0, i32 4294967295, i32 0, void @empty_0, void @empty_0, void @empty_0, i32 0, i32 0, i32 0, i32 0, void @empty_0, void @empty_0"   --->   Operation 7 'specinterface' 'specinterface_ln0' <Predicate = true> <Delay = 0.00>
ST_1 : Operation 8 [1/1] (0.00ns)   --->   "%add_ln70_read = read i5 @_ssdm_op_Read.ap_auto.i5, i5 %add_ln70"   --->   Operation 8 'read' 'add_ln70_read' <Predicate = true> <Delay = 0.00>
ST_1 : Operation 9 [1/1] (0.42ns)   --->   "%store_ln0 = store i4 0, i4 %idx_V"   --->   Operation 9 'store' 'store_ln0' <Predicate = true> <Delay = 0.42>
ST_1 : Operation 10 [1/1] (0.00ns)   --->   "%br_ln0 = br void %_ZN14circular_shiftI7ap_uintILi8EELi9EEixES0_ILi4EE.exit"   --->   Operation 10 'br' 'br_ln0' <Predicate = true> <Delay = 0.00>
ST_1 : Operation 11 [1/1] (0.00ns)   --->   "%idx_V_1 = load i4 %idx_V" [../src/shift_reg.cpp:15]   --->   Operation 11 'load' 'idx_V_1' <Predicate = true> <Delay = 0.00>
ST_1 : Operation 12 [1/1] (0.72ns)   --->   "%icmp_ln15 = icmp_eq  i4 %idx_V_1, i4 9" [../src/shift_reg.cpp:15]   --->   Operation 12 'icmp' 'icmp_ln15' <Predicate = true> <Delay = 0.72> <CoreInst = "Cmp">   --->   Core 9 'Cmp' <Latency = 0> <II = 1> <Delay = 0.72> <FuncUnit> <Opcode : 'icmp'> <InPorts = 2> <OutPorts = 1>
ST_1 : Operation 13 [1/1] (0.00ns)   --->   "%empty = speclooptripcount i32 @_ssdm_op_SpecLoopTripCount, i64 9, i64 9, i64 9"   --->   Operation 13 'speclooptripcount' 'empty' <Predicate = true> <Delay = 0.00>
ST_1 : Operation 14 [1/1] (0.79ns)   --->   "%i = add i4 %idx_V_1, i4 1" [../src/shift_reg.cpp:15]   --->   Operation 14 'add' 'i' <Predicate = true> <Delay = 0.79> <CoreInst = "Adder">   --->   Core 1 'Adder' <Latency = 0> <II = 1> <Delay = 0.79> <FuncUnit> <Opcode : 'add' 'sub'> <InPorts = 2> <OutPorts = 1>
ST_1 : Operation 15 [1/1] (0.00ns)   --->   "%br_ln15 = br i1 %icmp_ln15, void %_ZN14circular_shiftI7ap_uintILi8EELi9EEixES0_ILi4EE.exit.split, void %.exitStub" [../src/shift_reg.cpp:15]   --->   Operation 15 'br' 'br_ln15' <Predicate = true> <Delay = 0.00>
ST_1 : Operation 16 [1/1] (0.00ns)   --->   "%zext_ln70 = zext i4 %idx_V_1"   --->   Operation 16 'zext' 'zext_ln70' <Predicate = (!icmp_ln15)> <Delay = 0.00>
ST_1 : Operation 17 [1/1] (0.78ns)   --->   "%sub_ln70 = sub i5 %add_ln70_read, i5 %zext_ln70"   --->   Operation 17 'sub' 'sub_ln70' <Predicate = (!icmp_ln15)> <Delay = 0.78> <CoreInst = "Adder">   --->   Core 1 'Adder' <Latency = 0> <II = 1> <Delay = 0.79> <FuncUnit> <Opcode : 'add' 'sub'> <InPorts = 2> <OutPorts = 1>
ST_1 : Operation 18 [1/1] (0.00ns)   --->   "%trunc_ln1072 = trunc i5 %sub_ln70"   --->   Operation 18 'trunc' 'trunc_ln1072' <Predicate = (!icmp_ln15)> <Delay = 0.00>
ST_1 : Operation 19 [1/1] (0.00ns)   --->   "%tmp = bitselect i1 @_ssdm_op_BitSelect.i1.i5.i32, i5 %sub_ln70, i32 4"   --->   Operation 19 'bitselect' 'tmp' <Predicate = (!icmp_ln15)> <Delay = 0.00>
ST_1 : Operation 20 [1/1] (0.79ns)   --->   "%add_ln70_1 = add i4 %trunc_ln1072, i4 9"   --->   Operation 20 'add' 'add_ln70_1' <Predicate = (!icmp_ln15)> <Delay = 0.79> <CoreInst = "Adder">   --->   Core 1 'Adder' <Latency = 0> <II = 1> <Delay = 0.79> <FuncUnit> <Opcode : 'add' 'sub'> <InPorts = 2> <OutPorts = 1>
ST_1 : Operation 21 [1/1] (0.39ns)   --->   "%select_ln43 = select i1 %tmp, i4 %add_ln70_1, i4 %trunc_ln1072" [../src/./circular_shift.h:43]   --->   Operation 21 'select' 'select_ln43' <Predicate = (!icmp_ln15)> <Delay = 0.39> <CoreInst = "Sel">   --->   Core 73 'Sel' <Latency = 0> <II = 1> <Delay = 0.39> <FuncUnit> <Opcode : 'select'> <InPorts = 3> <OutPorts = 1>
ST_1 : Operation 22 [1/1] (0.00ns)   --->   "%zext_ln587 = zext i4 %select_ln43"   --->   Operation 22 'zext' 'zext_ln587' <Predicate = (!icmp_ln15)> <Delay = 0.00>
ST_1 : Operation 23 [1/1] (0.00ns)   --->   "%regs_mem_V_addr = getelementptr i8 %regs_mem_V, i64 0, i64 %zext_ln587" [../src/./circular_shift.h:44]   --->   Operation 23 'getelementptr' 'regs_mem_V_addr' <Predicate = (!icmp_ln15)> <Delay = 0.00>
ST_1 : Operation 24 [2/2] (1.23ns)   --->   "%regs_mem_V_load = load i4 %regs_mem_V_addr" [../src/./circular_shift.h:44]   --->   Operation 24 'load' 'regs_mem_V_load' <Predicate = (!icmp_ln15)> <Delay = 1.23> <CoreInst = "RAM_T2P_BRAM">   --->   Core 99 'RAM_T2P_BRAM' <Latency = 1> <II = 1> <Delay = 1.23> <Storage> <Opcode : 'load' 'store'> <Ports = 2> <Width = 8> <Depth = 9> <RAM>
ST_1 : Operation 25 [1/1] (0.42ns)   --->   "%store_ln15 = store i4 %i, i4 %idx_V" [../src/shift_reg.cpp:15]   --->   Operation 25 'store' 'store_ln15' <Predicate = (!icmp_ln15)> <Delay = 0.42>
ST_1 : Operation 33 [1/1] (0.00ns)   --->   "%ret_ln0 = ret"   --->   Operation 33 'ret' 'ret_ln0' <Predicate = (icmp_ln15)> <Delay = 0.00>

State 2 <SV = 1> <Delay = 1.91>
ST_2 : Operation 26 [1/1] (0.00ns)   --->   "%zext_ln15 = zext i4 %idx_V_1" [../src/shift_reg.cpp:15]   --->   Operation 26 'zext' 'zext_ln15' <Predicate = true> <Delay = 0.00>
ST_2 : Operation 27 [1/1] (0.00ns)   --->   "%specpipeline_ln321 = specpipeline void @_ssdm_op_SpecPipeline, i32 4294967295, i32 0, i32 0, i32 0, void @empty_0"   --->   Operation 27 'specpipeline' 'specpipeline_ln321' <Predicate = true> <Delay = 0.00>
ST_2 : Operation 28 [1/1] (0.00ns)   --->   "%specloopname_ln321 = specloopname void @_ssdm_op_SpecLoopName, void @empty_7"   --->   Operation 28 'specloopname' 'specloopname_ln321' <Predicate = true> <Delay = 0.00>
ST_2 : Operation 29 [1/2] (1.23ns)   --->   "%regs_mem_V_load = load i4 %regs_mem_V_addr" [../src/./circular_shift.h:44]   --->   Operation 29 'load' 'regs_mem_V_load' <Predicate = true> <Delay = 1.23> <CoreInst = "RAM_T2P_BRAM">   --->   Core 99 'RAM_T2P_BRAM' <Latency = 1> <II = 1> <Delay = 1.23> <Storage> <Opcode : 'load' 'store'> <Ports = 2> <Width = 8> <Depth = 9> <RAM>
ST_2 : Operation 30 [1/1] (0.00ns)   --->   "%dout_addr = getelementptr i8 %dout, i64 0, i64 %zext_ln15" [../src/shift_reg.cpp:18]   --->   Operation 30 'getelementptr' 'dout_addr' <Predicate = true> <Delay = 0.00>
ST_2 : Operation 31 [1/1] (0.67ns)   --->   "%store_ln18 = store i8 %regs_mem_V_load, i4 %dout_addr" [../src/shift_reg.cpp:18]   --->   Operation 31 'store' 'store_ln18' <Predicate = true> <Delay = 0.67> <CoreInst = "RAM">   --->   Core 83 'RAM' <Latency = 1> <II = 1> <Delay = 0.67> <Storage> <Opcode : 'load' 'store'> <Ports = 2> <Width = 8> <Depth = 9> <RAM>
ST_2 : Operation 32 [1/1] (0.00ns)   --->   "%br_ln0 = br void %_ZN14circular_shiftI7ap_uintILi8EELi9EEixES0_ILi4EE.exit"   --->   Operation 32 'br' 'br_ln0' <Predicate = true> <Delay = 0.00>


============================================================
+ Verbose Summary: Binding
============================================================
STG Binding: 
---------------- STG Properties BEGIN ----------------
- Is combinational: 0
- Is one-state seq: 0
- Is datapath-only: 0
- Is pipelined: 0
- Is top level: 0
Port [ Return ] is wired: 1; IO mode=ap_ctrl_hs:ce=0
Port [ add_ln70]:  wired=1; compound=0; hidden=0; nouse=0; global=0; static=0; extern=0; dir=0; type=0; pingpong=0; private_global=0; IO mode=ap_none:ce=0
Port [ dout]:  wired=1; compound=1; hidden=0; nouse=0; global=0; static=0; extern=0; dir=1; type=1; pingpong=0; private_global=0; MemPort=[03]; IO mode=bram:ce=0
Port [ regs_mem_V]:  wired=1; compound=1; hidden=0; nouse=0; global=1; static=1; extern=0; dir=0; type=1; pingpong=0; private_global=0; MemPort=[13]; IO mode=ap_memory:ce=0
---------------- STG Properties END ------------------

---------------- Datapath Model BEGIN ----------------

<LifeTime>
<method=bitvector/>
idx_V              (alloca           ) [ 010]
specmemcore_ln0    (specmemcore      ) [ 000]
specinterface_ln0  (specinterface    ) [ 000]
add_ln70_read      (read             ) [ 000]
store_ln0          (store            ) [ 000]
br_ln0             (br               ) [ 000]
idx_V_1            (load             ) [ 011]
icmp_ln15          (icmp             ) [ 010]
empty              (speclooptripcount) [ 000]
i                  (add              ) [ 000]
br_ln15            (br               ) [ 000]
zext_ln70          (zext             ) [ 000]
sub_ln70           (sub              ) [ 000]
trunc_ln1072       (trunc            ) [ 000]
tmp                (bitselect        ) [ 000]
add_ln70_1         (add              ) [ 000]
select_ln43        (select           ) [ 000]
zext_ln587         (zext             ) [ 000]
regs_mem_V_addr    (getelementptr    ) [ 011]
store_ln15         (store            ) [ 000]
zext_ln15          (zext             ) [ 000]
specpipeline_ln321 (specpipeline     ) [ 000]
specloopname_ln321 (specloopname     ) [ 000]
regs_mem_V_load    (load             ) [ 000]
dout_addr          (getelementptr    ) [ 000]
store_ln18         (store            ) [ 000]
br_ln0             (br               ) [ 000]
ret_ln0            (ret              ) [ 000]
</LifeTime>

<model>

<comp_list>
<comp id="0" class="1000" name="add_ln70">
<pin_list>
<pin id="1" dir="1" index="0" bw="1" slack="0"/>
</pin_list>
<bind>
<StgValue><ssdm name="add_ln70"/></StgValue>
</bind>
</comp>

<comp id="2" class="1000" name="dout">
<pin_list>
<pin id="3" dir="1" index="0" bw="1" slack="0"/>
</pin_list>
<bind>
<StgValue><ssdm name="dout"/><MemPortTyVec>0 3 </MemPortTyVec>
</StgValue>
</bind>
</comp>

<comp id="4" class="1000" name="regs_mem_V">
<pin_list>
<pin id="5" dir="1" index="0" bw="1" slack="0"/>
</pin_list>
<bind>
<StgValue><ssdm name="regs_mem_V"/><MemPortTyVec>1 3 </MemPortTyVec>
</StgValue>
</bind>
</comp>

<comp id="6" class="1001" name="const_6">
<pin_list>
<pin id="7" dir="1" index="0" bw="1" slack="0"/>
</pin_list>
<bind>
<StgValue><ssdm name=""/></StgValue>
</bind>
</comp>

<comp id="8" class="1001" name="const_8">
<pin_list>
<pin id="9" dir="1" index="0" bw="1" slack="2147483647"/>
</pin_list>
<bind>
<StgValue><ssdm name="_ssdm_op_SpecMemCore"/></StgValue>
</bind>
</comp>

<comp id="10" class="1001" name="const_10">
<pin_list>
<pin id="11" dir="1" index="0" bw="1" slack="2147483647"/>
</pin_list>
<bind>
<StgValue><ssdm name=""/></StgValue>
</bind>
</comp>

<comp id="12" class="1001" name="const_12">
<pin_list>
<pin id="13" dir="1" index="0" bw="1" slack="2147483647"/>
</pin_list>
<bind>
<StgValue><ssdm name=""/></StgValue>
</bind>
</comp>

<comp id="14" class="1001" name="const_14">
<pin_list>
<pin id="15" dir="1" index="0" bw="1" slack="2147483647"/>
</pin_list>
<bind>
<StgValue><ssdm name=""/></StgValue>
</bind>
</comp>

<comp id="16" class="1001" name="const_16">
<pin_list>
<pin id="17" dir="1" index="0" bw="1" slack="2147483647"/>
</pin_list>
<bind>
<StgValue><ssdm name="_ssdm_op_SpecInterface"/></StgValue>
</bind>
</comp>

<comp id="18" class="1001" name="const_18">
<pin_list>
<pin id="19" dir="1" index="0" bw="1" slack="2147483647"/>
</pin_list>
<bind>
<StgValue><ssdm name="empty_4"/></StgValue>
</bind>
</comp>

<comp id="20" class="1001" name="const_20">
<pin_list>
<pin id="21" dir="1" index="0" bw="1" slack="2147483647"/>
</pin_list>
<bind>
<StgValue><ssdm name=""/></StgValue>
</bind>
</comp>

<comp id="22" class="1001" name="const_22">
<pin_list>
<pin id="23" dir="1" index="0" bw="1" slack="2147483647"/>
</pin_list>
<bind>
<StgValue><ssdm name="empty_0"/></StgValue>
</bind>
</comp>

<comp id="24" class="1001" name="const_24">
<pin_list>
<pin id="25" dir="1" index="0" bw="1" slack="2147483647"/>
</pin_list>
<bind>
<StgValue><ssdm name=""/></StgValue>
</bind>
</comp>

<comp id="26" class="1001" name="const_26">
<pin_list>
<pin id="27" dir="1" index="0" bw="1" slack="0"/>
</pin_list>
<bind>
<StgValue><ssdm name="_ssdm_op_Read.ap_auto.i5"/></StgValue>
</bind>
</comp>

<comp id="28" class="1001" name="const_28">
<pin_list>
<pin id="29" dir="1" index="0" bw="1" slack="0"/>
</pin_list>
<bind>
<StgValue><ssdm name=""/></StgValue>
</bind>
</comp>

<comp id="30" class="1001" name="const_30">
<pin_list>
<pin id="31" dir="1" index="0" bw="1" slack="0"/>
</pin_list>
<bind>
<StgValue><ssdm name=""/></StgValue>
</bind>
</comp>

<comp id="32" class="1001" name="const_32">
<pin_list>
<pin id="33" dir="1" index="0" bw="1" slack="2147483647"/>
</pin_list>
<bind>
<StgValue><ssdm name="_ssdm_op_SpecLoopTripCount"/></StgValue>
</bind>
</comp>

<comp id="34" class="1001" name="const_34">
<pin_list>
<pin id="35" dir="1" index="0" bw="1" slack="2147483647"/>
</pin_list>
<bind>
<StgValue><ssdm name=""/></StgValue>
</bind>
</comp>

<comp id="36" class="1001" name="const_36">
<pin_list>
<pin id="37" dir="1" index="0" bw="1" slack="0"/>
</pin_list>
<bind>
<StgValue><ssdm name=""/></StgValue>
</bind>
</comp>

<comp id="38" class="1001" name="const_38">
<pin_list>
<pin id="39" dir="1" index="0" bw="1" slack="0"/>
</pin_list>
<bind>
<StgValue><ssdm name="_ssdm_op_BitSelect.i1.i5.i32"/></StgValue>
</bind>
</comp>

<comp id="40" class="1001" name="const_40">
<pin_list>
<pin id="41" dir="1" index="0" bw="1" slack="0"/>
</pin_list>
<bind>
<StgValue><ssdm name=""/></StgValue>
</bind>
</comp>

<comp id="42" class="1001" name="const_42">
<pin_list>
<pin id="43" dir="1" index="0" bw="1" slack="0"/>
</pin_list>
<bind>
<StgValue><ssdm name=""/></StgValue>
</bind>
</comp>

<comp id="44" class="1001" name="const_44">
<pin_list>
<pin id="45" dir="1" index="0" bw="1" slack="2147483647"/>
</pin_list>
<bind>
<StgValue><ssdm name="_ssdm_op_SpecPipeline"/></StgValue>
</bind>
</comp>

<comp id="46" class="1001" name="const_46">
<pin_list>
<pin id="47" dir="1" index="0" bw="1" slack="2147483647"/>
</pin_list>
<bind>
<StgValue><ssdm name="_ssdm_op_SpecLoopName"/></StgValue>
</bind>
</comp>

<comp id="48" class="1001" name="const_48">
<pin_list>
<pin id="49" dir="1" index="0" bw="1" slack="2147483647"/>
</pin_list>
<bind>
<StgValue><ssdm name="empty_7"/></StgValue>
</bind>
</comp>

<comp id="50" class="1004" name="idx_V_fu_50">
<pin_list>
<pin id="51" dir="0" index="0" bw="1" slack="0"/>
<pin id="52" dir="1" index="1" bw="4" slack="0"/>
</pin_list>
<bind>
<opcode="alloca(26) " fcode="alloca"/>
<opset="idx_V/1 "/>
</bind>
</comp>

<comp id="54" class="1004" name="add_ln70_read_read_fu_54">
<pin_list>
<pin id="55" dir="0" index="0" bw="5" slack="0"/>
<pin id="56" dir="0" index="1" bw="5" slack="0"/>
<pin id="57" dir="1" index="2" bw="5" slack="0"/>
</pin_list>
<bind>
<opcode="read(1150) " fcode="read"/>
<opset="add_ln70_read/1 "/>
</bind>
</comp>

<comp id="60" class="1004" name="regs_mem_V_addr_gep_fu_60">
<pin_list>
<pin id="61" dir="0" index="0" bw="8" slack="0"/>
<pin id="62" dir="0" index="1" bw="1" slack="0"/>
<pin id="63" dir="0" index="2" bw="4" slack="0"/>
<pin id="64" dir="1" index="3" bw="4" slack="0"/>
</pin_list>
<bind>
<opcode="getelementptr(29) " fcode="getelementptr"/>
<opset="regs_mem_V_addr/1 "/>
</bind>
</comp>

<comp id="67" class="1004" name="grp_access_fu_67">
<pin_list>
<pin id="68" dir="0" index="0" bw="4" slack="0"/>
<pin id="69" dir="0" index="1" bw="8" slack="2147483647"/>
<pin id="70" dir="0" index="2" bw="0" slack="2147483647"/>
<pin id="71" dir="1" index="3" bw="8" slack="0"/>
</pin_list>
<bind>
<opcode="load(27) " fcode="load"/>
<opset="regs_mem_V_load/1 "/>
</bind>
</comp>

<comp id="73" class="1004" name="dout_addr_gep_fu_73">
<pin_list>
<pin id="74" dir="0" index="0" bw="8" slack="0"/>
<pin id="75" dir="0" index="1" bw="1" slack="0"/>
<pin id="76" dir="0" index="2" bw="4" slack="0"/>
<pin id="77" dir="1" index="3" bw="4" slack="0"/>
</pin_list>
<bind>
<opcode="getelementptr(29) " fcode="getelementptr"/>
<opset="dout_addr/2 "/>
</bind>
</comp>

<comp id="80" class="1004" name="store_ln18_access_fu_80">
<pin_list>
<pin id="81" dir="0" index="0" bw="4" slack="0"/>
<pin id="82" dir="0" index="1" bw="8" slack="0"/>
<pin id="83" dir="0" index="2" bw="0" slack="2147483647"/>
<pin id="84" dir="1" index="3" bw="8" slack="2147483647"/>
</pin_list>
<bind>
<opcode="store(28) " fcode="store"/>
<opset="store_ln18/2 "/>
</bind>
</comp>

<comp id="87" class="1004" name="store_ln0_store_fu_87">
<pin_list>
<pin id="88" dir="0" index="0" bw="1" slack="0"/>
<pin id="89" dir="0" index="1" bw="4" slack="0"/>
<pin id="90" dir="1" index="2" bw="0" slack="2147483647"/>
</pin_list>
<bind>
<opcode="store(28) " fcode="store"/>
<opset="store_ln0/1 "/>
</bind>
</comp>

<comp id="92" class="1004" name="idx_V_1_load_fu_92">
<pin_list>
<pin id="93" dir="0" index="0" bw="4" slack="0"/>
<pin id="94" dir="1" index="1" bw="4" slack="0"/>
</pin_list>
<bind>
<opcode="load(27) " fcode="load"/>
<opset="idx_V_1/1 "/>
</bind>
</comp>

<comp id="95" class="1004" name="icmp_ln15_fu_95">
<pin_list>
<pin id="96" dir="0" index="0" bw="4" slack="0"/>
<pin id="97" dir="0" index="1" bw="4" slack="0"/>
<pin id="98" dir="1" index="2" bw="1" slack="2147483647"/>
</pin_list>
<bind>
<opcode="icmp(45) " fcode="icmp"/>
<opset="icmp_ln15/1 "/>
</bind>
</comp>

<comp id="101" class="1004" name="i_fu_101">
<pin_list>
<pin id="102" dir="0" index="0" bw="4" slack="0"/>
<pin id="103" dir="0" index="1" bw="1" slack="0"/>
<pin id="104" dir="1" index="2" bw="4" slack="0"/>
</pin_list>
<bind>
<opcode="add(8) " fcode="add"/>
<opset="i/1 "/>
</bind>
</comp>

<comp id="107" class="1004" name="zext_ln70_fu_107">
<pin_list>
<pin id="108" dir="0" index="0" bw="4" slack="0"/>
<pin id="109" dir="1" index="1" bw="5" slack="0"/>
</pin_list>
<bind>
<opcode="zext(34) " fcode="zext"/>
<opset="zext_ln70/1 "/>
</bind>
</comp>

<comp id="111" class="1004" name="sub_ln70_fu_111">
<pin_list>
<pin id="112" dir="0" index="0" bw="5" slack="0"/>
<pin id="113" dir="0" index="1" bw="4" slack="0"/>
<pin id="114" dir="1" index="2" bw="5" slack="0"/>
</pin_list>
<bind>
<opcode="sub(10) " fcode="sub"/>
<opset="sub_ln70/1 "/>
</bind>
</comp>

<comp id="117" class="1004" name="trunc_ln1072_fu_117">
<pin_list>
<pin id="118" dir="0" index="0" bw="5" slack="0"/>
<pin id="119" dir="1" index="1" bw="4" slack="0"/>
</pin_list>
<bind>
<opcode="trunc(33) " fcode="trunc"/>
<opset="trunc_ln1072/1 "/>
</bind>
</comp>

<comp id="121" class="1004" name="tmp_fu_121">
<pin_list>
<pin id="122" dir="0" index="0" bw="1" slack="0"/>
<pin id="123" dir="0" index="1" bw="5" slack="0"/>
<pin id="124" dir="0" index="2" bw="4" slack="0"/>
<pin id="125" dir="1" index="3" bw="1" slack="0"/>
</pin_list>
<bind>
<opcode="bitselect(1000) " fcode="bitselect"/>
<opset="tmp/1 "/>
</bind>
</comp>

<comp id="129" class="1004" name="add_ln70_1_fu_129">
<pin_list>
<pin id="130" dir="0" index="0" bw="4" slack="0"/>
<pin id="131" dir="0" index="1" bw="4" slack="0"/>
<pin id="132" dir="1" index="2" bw="4" slack="0"/>
</pin_list>
<bind>
<opcode="add(8) " fcode="add"/>
<opset="add_ln70_1/1 "/>
</bind>
</comp>

<comp id="135" class="1004" name="select_ln43_fu_135">
<pin_list>
<pin id="136" dir="0" index="0" bw="1" slack="0"/>
<pin id="137" dir="0" index="1" bw="4" slack="0"/>
<pin id="138" dir="0" index="2" bw="4" slack="0"/>
<pin id="139" dir="1" index="3" bw="4" slack="0"/>
</pin_list>
<bind>
<opcode="select(49) " fcode="select"/>
<opset="select_ln43/1 "/>
</bind>
</comp>

<comp id="143" class="1004" name="zext_ln587_fu_143">
<pin_list>
<pin id="144" dir="0" index="0" bw="4" slack="0"/>
<pin id="145" dir="1" index="1" bw="64" slack="0"/>
</pin_list>
<bind>
<opcode="zext(34) " fcode="zext"/>
<opset="zext_ln587/1 "/>
</bind>
</comp>

<comp id="148" class="1004" name="store_ln15_store_fu_148">
<pin_list>
<pin id="149" dir="0" index="0" bw="4" slack="0"/>
<pin id="150" dir="0" index="1" bw="4" slack="0"/>
<pin id="151" dir="1" index="2" bw="0" slack="2147483647"/>
</pin_list>
<bind>
<opcode="store(28) " fcode="store"/>
<opset="store_ln15/1 "/>
</bind>
</comp>

<comp id="153" class="1004" name="zext_ln15_fu_153">
<pin_list>
<pin id="154" dir="0" index="0" bw="4" slack="1"/>
<pin id="155" dir="1" index="1" bw="64" slack="0"/>
</pin_list>
<bind>
<opcode="zext(34) " fcode="zext"/>
<opset="zext_ln15/2 "/>
</bind>
</comp>

<comp id="157" class="1005" name="idx_V_reg_157">
<pin_list>
<pin id="158" dir="0" index="0" bw="4" slack="0"/>
<pin id="159" dir="1" index="1" bw="4" slack="0"/>
</pin_list>
<bind>
<opset="idx_V "/>
</bind>
</comp>

<comp id="164" class="1005" name="idx_V_1_reg_164">
<pin_list>
<pin id="165" dir="0" index="0" bw="4" slack="1"/>
<pin id="166" dir="1" index="1" bw="4" slack="1"/>
</pin_list>
<bind>
<opset="idx_V_1 "/>
</bind>
</comp>

<comp id="172" class="1005" name="regs_mem_V_addr_reg_172">
<pin_list>
<pin id="173" dir="0" index="0" bw="4" slack="1"/>
<pin id="174" dir="1" index="1" bw="4" slack="1"/>
</pin_list>
<bind>
<opset="regs_mem_V_addr "/>
</bind>
</comp>

</comp_list>

<net_list>
<net id="53"><net_src comp="6" pin="0"/><net_sink comp="50" pin=0"/></net>

<net id="58"><net_src comp="26" pin="0"/><net_sink comp="54" pin=0"/></net>

<net id="59"><net_src comp="0" pin="0"/><net_sink comp="54" pin=1"/></net>

<net id="65"><net_src comp="4" pin="0"/><net_sink comp="60" pin=0"/></net>

<net id="66"><net_src comp="42" pin="0"/><net_sink comp="60" pin=1"/></net>

<net id="72"><net_src comp="60" pin="3"/><net_sink comp="67" pin=0"/></net>

<net id="78"><net_src comp="2" pin="0"/><net_sink comp="73" pin=0"/></net>

<net id="79"><net_src comp="42" pin="0"/><net_sink comp="73" pin=1"/></net>

<net id="85"><net_src comp="67" pin="3"/><net_sink comp="80" pin=1"/></net>

<net id="86"><net_src comp="73" pin="3"/><net_sink comp="80" pin=0"/></net>

<net id="91"><net_src comp="28" pin="0"/><net_sink comp="87" pin=0"/></net>

<net id="99"><net_src comp="92" pin="1"/><net_sink comp="95" pin=0"/></net>

<net id="100"><net_src comp="30" pin="0"/><net_sink comp="95" pin=1"/></net>

<net id="105"><net_src comp="92" pin="1"/><net_sink comp="101" pin=0"/></net>

<net id="106"><net_src comp="36" pin="0"/><net_sink comp="101" pin=1"/></net>

<net id="110"><net_src comp="92" pin="1"/><net_sink comp="107" pin=0"/></net>

<net id="115"><net_src comp="54" pin="2"/><net_sink comp="111" pin=0"/></net>

<net id="116"><net_src comp="107" pin="1"/><net_sink comp="111" pin=1"/></net>

<net id="120"><net_src comp="111" pin="2"/><net_sink comp="117" pin=0"/></net>

<net id="126"><net_src comp="38" pin="0"/><net_sink comp="121" pin=0"/></net>

<net id="127"><net_src comp="111" pin="2"/><net_sink comp="121" pin=1"/></net>

<net id="128"><net_src comp="40" pin="0"/><net_sink comp="121" pin=2"/></net>

<net id="133"><net_src comp="117" pin="1"/><net_sink comp="129" pin=0"/></net>

<net id="134"><net_src comp="30" pin="0"/><net_sink comp="129" pin=1"/></net>

<net id="140"><net_src comp="121" pin="3"/><net_sink comp="135" pin=0"/></net>

<net id="141"><net_src comp="129" pin="2"/><net_sink comp="135" pin=1"/></net>

<net id="142"><net_src comp="117" pin="1"/><net_sink comp="135" pin=2"/></net>

<net id="146"><net_src comp="135" pin="3"/><net_sink comp="143" pin=0"/></net>

<net id="147"><net_src comp="143" pin="1"/><net_sink comp="60" pin=2"/></net>

<net id="152"><net_src comp="101" pin="2"/><net_sink comp="148" pin=0"/></net>

<net id="156"><net_src comp="153" pin="1"/><net_sink comp="73" pin=2"/></net>

<net id="160"><net_src comp="50" pin="1"/><net_sink comp="157" pin=0"/></net>

<net id="161"><net_src comp="157" pin="1"/><net_sink comp="87" pin=1"/></net>

<net id="162"><net_src comp="157" pin="1"/><net_sink comp="92" pin=0"/></net>

<net id="163"><net_src comp="157" pin="1"/><net_sink comp="148" pin=1"/></net>

<net id="167"><net_src comp="92" pin="1"/><net_sink comp="164" pin=0"/></net>

<net id="168"><net_src comp="164" pin="1"/><net_sink comp="153" pin=0"/></net>

<net id="175"><net_src comp="60" pin="3"/><net_sink comp="172" pin=0"/></net>

<net id="176"><net_src comp="172" pin="1"/><net_sink comp="67" pin=0"/></net>

</net_list>

</model> 
---------------- Datapath Model END ------------------

* FSMD analyzer results:
  - Output states:
	Port: dout | {2 }
 - Input state : 
	Port: circular_shift_reg_Pipeline_WRITE : add_ln70 | {1 }
	Port: circular_shift_reg_Pipeline_WRITE : regs_mem_V | {1 2 }
  - Chain level:
	State 1
		store_ln0 : 1
		idx_V_1 : 1
		icmp_ln15 : 2
		i : 2
		br_ln15 : 3
		zext_ln70 : 2
		sub_ln70 : 3
		trunc_ln1072 : 4
		tmp : 4
		add_ln70_1 : 5
		select_ln43 : 6
		zext_ln587 : 7
		regs_mem_V_addr : 8
		regs_mem_V_load : 9
		store_ln15 : 3
	State 2
		dout_addr : 1
		store_ln18 : 2


============================================================
+ Verbose Summary: Datapath Resource usage 
============================================================

* Functional unit list:
|----------|--------------------------|---------|---------|
| Operation|      Functional Unit     |    FF   |   LUT   |
|----------|--------------------------|---------|---------|
|    add   |         i_fu_101         |    0    |    12   |
|          |     add_ln70_1_fu_129    |    0    |    12   |
|----------|--------------------------|---------|---------|
|    sub   |      sub_ln70_fu_111     |    0    |    12   |
|----------|--------------------------|---------|---------|
|   icmp   |      icmp_ln15_fu_95     |    0    |    9    |
|----------|--------------------------|---------|---------|
|  select  |    select_ln43_fu_135    |    0    |    4    |
|----------|--------------------------|---------|---------|
|   read   | add_ln70_read_read_fu_54 |    0    |    0    |
|----------|--------------------------|---------|---------|
|          |     zext_ln70_fu_107     |    0    |    0    |
|   zext   |     zext_ln587_fu_143    |    0    |    0    |
|          |     zext_ln15_fu_153     |    0    |    0    |
|----------|--------------------------|---------|---------|
|   trunc  |    trunc_ln1072_fu_117   |    0    |    0    |
|----------|--------------------------|---------|---------|
| bitselect|        tmp_fu_121        |    0    |    0    |
|----------|--------------------------|---------|---------|
|   Total  |                          |    0    |    49   |
|----------|--------------------------|---------|---------|

Memories:
N/A

* Register list:
+-----------------------+--------+
|                       |   FF   |
+-----------------------+--------+
|    idx_V_1_reg_164    |    4   |
|     idx_V_reg_157     |    4   |
|regs_mem_V_addr_reg_172|    4   |
+-----------------------+--------+
|         Total         |   12   |
+-----------------------+--------+

* Multiplexer (MUX) list: 
|------------------|------|------|------|--------||---------||---------|
|       Comp       |  Pin | Size |  BW  | S x BW ||  Delay  ||   LUT   |
|------------------|------|------|------|--------||---------||---------|
| grp_access_fu_67 |  p0  |   2  |   4  |    8   ||    9    |
|------------------|------|------|------|--------||---------||---------|
|       Total      |      |      |      |    8   ||  0.427  ||    9    |
|------------------|------|------|------|--------||---------||---------|



* Summary:
+-----------+--------+--------+--------+
|           |  Delay |   FF   |   LUT  |
+-----------+--------+--------+--------+
|  Function |    -   |    0   |   49   |
|   Memory  |    -   |    -   |    -   |
|Multiplexer|    0   |    -   |    9   |
|  Register |    -   |   12   |    -   |
+-----------+--------+--------+--------+
|   Total   |    0   |   12   |   58   |
+-----------+--------+--------+--------+
