

================================================================
== Vitis HLS Report for 'interleave_manual_seq_Pipeline_LOAD'
================================================================
* Date:           Sun Jun  9 03:22:26 2024

* Version:        2021.2 (Build 3367213 on Tue Oct 19 02:48:09 MDT 2021)
* Project:        morgb
* Solution:       solution1 (Vitis Kernel Flow Target)
* Product family: zynquplus
* Target device:  xczu7ev-ffvc1156-2-e


================================================================
== Performance Estimates
================================================================
+ Timing: 
    * Summary: 
    +--------+----------+----------+------------+
    |  Clock |  Target  | Estimated| Uncertainty|
    +--------+----------+----------+------------+
    |ap_clk  |  10.00 ns|  2.474 ns|     2.70 ns|
    +--------+----------+----------+------------+

+ Latency: 
    * Summary: 
    +---------+---------+-----------+-----------+---------+---------+---------+
    |  Latency (cycles) |   Latency (absolute)  |      Interval     | Pipeline|
    |   min   |   max   |    min    |    max    |   min   |   max   |   Type  |
    +---------+---------+-----------+-----------+---------+---------+---------+
    |  1228802|  1228802|  12.288 ms|  12.288 ms|  1228802|  1228802|       no|
    +---------+---------+-----------+-----------+---------+---------+---------+

    + Detail: 
        * Instance: 
        N/A

        * Loop: 
        +----------+---------+---------+----------+-----------+-----------+---------+----------+
        |          |  Latency (cycles) | Iteration|  Initiation Interval  |   Trip  |          |
        | Loop Name|   min   |   max   |  Latency |  achieved |   target  |  Count  | Pipelined|
        +----------+---------+---------+----------+-----------+-----------+---------+----------+
        |- LOAD    |  1228800|  1228800|         2|          1|          1|  1228800|       yes|
        +----------+---------+---------+----------+-----------+-----------+---------+----------+



================================================================
== Utilization Estimates
================================================================
* Summary: 
+-----------------+---------+------+--------+--------+-----+
|       Name      | BRAM_18K|  DSP |   FF   |   LUT  | URAM|
+-----------------+---------+------+--------+--------+-----+
|DSP              |        -|     -|       -|       -|    -|
|Expression       |        -|     -|       0|     153|    -|
|FIFO             |        -|     -|       -|       -|    -|
|Instance         |        -|     -|       -|       -|    -|
|Memory           |        -|     -|       -|       -|    -|
|Multiplexer      |        -|     -|       -|      91|    -|
|Register         |        -|     -|      94|       -|    -|
+-----------------+---------+------+--------+--------+-----+
|Total            |        0|     0|      94|     244|    0|
+-----------------+---------+------+--------+--------+-----+
|Available        |      624|  1728|  460800|  230400|   96|
+-----------------+---------+------+--------+--------+-----+
|Utilization (%)  |        0|     0|      ~0|      ~0|    0|
+-----------------+---------+------+--------+--------+-----+

+ Detail: 
    * Instance: 
    N/A

    * DSP: 
    N/A

    * Memory: 
    N/A

    * FIFO: 
    N/A

    * Expression: 
    +-------------------------+----------+----+---+----+------------+------------+
    |      Variable Name      | Operation| DSP| FF| LUT| Bitwidth P0| Bitwidth P1|
    +-------------------------+----------+----+---+----+------------+------------+
    |add_ln885_1_fu_244_p2    |         +|   0|  0|  28|          21|           1|
    |add_ln885_fu_238_p2      |         +|   0|  0|   9|           2|           1|
    |i_fu_224_p2              |         +|   0|  0|  28|          21|           1|
    |ap_condition_290         |       and|   0|  0|   2|           1|           1|
    |ap_condition_293         |       and|   0|  0|   2|           1|           1|
    |icmp_ln1064_1_fu_282_p2  |      icmp|   0|  0|   8|           2|           2|
    |icmp_ln1064_fu_268_p2    |      icmp|   0|  0|  15|          21|          19|
    |icmp_ln20_fu_218_p2      |      icmp|   0|  0|  15|          21|          21|
    |or_ln25_fu_332_p2        |        or|   0|  0|   2|           1|           1|
    |select_ln25_1_fu_274_p3  |    select|   0|  0|  20|           1|           1|
    |select_ln25_fu_337_p3    |    select|   0|  0|  20|           1|           1|
    |select_ln26_fu_288_p3    |    select|   0|  0|   2|           1|           1|
    |ap_enable_pp0            |       xor|   0|  0|   2|           1|           2|
    +-------------------------+----------+----+---+----+------------+------------+
    |Total                    |          |   0|  0| 153|          95|          53|
    +-------------------------+----------+----+---+----+------------+------------+

    * Multiplexer: 
    +-------------------------------+----+-----------+-----+-----------+
    |              Name             | LUT| Input Size| Bits| Total Bits|
    +-------------------------------+----+-----------+-----+-----------+
    |ap_done_int                    |   9|          2|    1|          2|
    |ap_enable_reg_pp0_iter1        |   9|          2|    1|          2|
    |ap_enable_reg_pp0_iter2        |   9|          2|    1|          2|
    |ap_sig_allocacmp_t_V_1_load_3  |   9|          2|   21|         42|
    |i_V_fu_80                      |   9|          2|   21|         42|
    |t_V_1_fu_88                    |  14|          3|   21|         63|
    |t_V_fu_84                      |   9|          2|    2|          4|
    |x_idx_V_flag_0_fu_96           |  14|          3|    1|          3|
    |x_idx_V_new_0_fu_92            |   9|          2|   21|         42|
    +-------------------------------+----+-----------+-----+-----------+
    |Total                          |  91|         20|   90|        202|
    +-------------------------------+----+-----------+-----+-----------+

    * Register: 
    +-------------------------+----+----+-----+-----------+
    |           Name          | FF | LUT| Bits| Const Bits|
    +-------------------------+----+----+-----+-----------+
    |ap_CS_fsm                |   1|   0|    1|          0|
    |ap_done_reg              |   1|   0|    1|          0|
    |ap_enable_reg_pp0_iter1  |   1|   0|    1|          0|
    |ap_enable_reg_pp0_iter2  |   1|   0|    1|          0|
    |i_V_fu_80                |  21|   0|   21|          0|
    |icmp_ln1064_reg_419      |   1|   0|    1|          0|
    |reg_191                  |  21|   0|   21|          0|
    |t_V_1_fu_88              |  21|   0|   21|          0|
    |t_V_fu_84                |   2|   0|    2|          0|
    |t_V_load_reg_410         |   2|   0|    2|          0|
    |x_idx_V_flag_0_fu_96     |   1|   0|    1|          0|
    |x_idx_V_new_0_fu_92      |  21|   0|   21|          0|
    +-------------------------+----+----+-----+-----------+
    |Total                    |  94|   0|   94|          0|
    +-------------------------+----+----+-----+-----------+



================================================================
== Interface
================================================================
* Summary: 
+---------------------------+-----+-----+------------+-------------------------------------+--------------+
|         RTL Ports         | Dir | Bits|  Protocol  |            Source Object            |    C Type    |
+---------------------------+-----+-----+------------+-------------------------------------+--------------+
|ap_clk                     |   in|    1|  ap_ctrl_hs|  interleave_manual_seq_Pipeline_LOAD|  return value|
|ap_rst                     |   in|    1|  ap_ctrl_hs|  interleave_manual_seq_Pipeline_LOAD|  return value|
|ap_start                   |   in|    1|  ap_ctrl_hs|  interleave_manual_seq_Pipeline_LOAD|  return value|
|ap_done                    |  out|    1|  ap_ctrl_hs|  interleave_manual_seq_Pipeline_LOAD|  return value|
|ap_idle                    |  out|    1|  ap_ctrl_hs|  interleave_manual_seq_Pipeline_LOAD|  return value|
|ap_ready                   |  out|    1|  ap_ctrl_hs|  interleave_manual_seq_Pipeline_LOAD|  return value|
|x_idx_V_load               |   in|   21|     ap_none|                         x_idx_V_load|        scalar|
|x_sel_V_load               |   in|    2|     ap_none|                         x_sel_V_load|        scalar|
|x_in_Addr_A                |  out|   32|        bram|                                 x_in|         array|
|x_in_EN_A                  |  out|    1|        bram|                                 x_in|         array|
|x_in_WEN_A                 |  out|    1|        bram|                                 x_in|         array|
|x_in_Din_A                 |  out|    8|        bram|                                 x_in|         array|
|x_in_Dout_A                |   in|    8|        bram|                                 x_in|         array|
|x_idx_V_flag_0_out         |  out|    1|      ap_vld|                   x_idx_V_flag_0_out|       pointer|
|x_idx_V_flag_0_out_ap_vld  |  out|    1|      ap_vld|                   x_idx_V_flag_0_out|       pointer|
|x_idx_V_new_0_out          |  out|   21|      ap_vld|                    x_idx_V_new_0_out|       pointer|
|x_idx_V_new_0_out_ap_vld   |  out|    1|      ap_vld|                    x_idx_V_new_0_out|       pointer|
|t_V_out                    |  out|    2|      ap_vld|                              t_V_out|       pointer|
|t_V_out_ap_vld             |  out|    1|      ap_vld|                              t_V_out|       pointer|
|x_x0_V_address0            |  out|   19|   ap_memory|                               x_x0_V|         array|
|x_x0_V_ce0                 |  out|    1|   ap_memory|                               x_x0_V|         array|
|x_x0_V_we0                 |  out|    1|   ap_memory|                               x_x0_V|         array|
|x_x0_V_d0                  |  out|    8|   ap_memory|                               x_x0_V|         array|
|x_x1_V_address0            |  out|   19|   ap_memory|                               x_x1_V|         array|
|x_x1_V_ce0                 |  out|    1|   ap_memory|                               x_x1_V|         array|
|x_x1_V_we0                 |  out|    1|   ap_memory|                               x_x1_V|         array|
|x_x1_V_d0                  |  out|    8|   ap_memory|                               x_x1_V|         array|
|x_x2_V_address0            |  out|   19|   ap_memory|                               x_x2_V|         array|
|x_x2_V_ce0                 |  out|    1|   ap_memory|                               x_x2_V|         array|
|x_x2_V_we0                 |  out|    1|   ap_memory|                               x_x2_V|         array|
|x_x2_V_d0                  |  out|    8|   ap_memory|                               x_x2_V|         array|
+---------------------------+-----+-----+------------+-------------------------------------+--------------+

